{"/Users/lihao/Documents/nodejsworkspace/think_elasticsearch/index.js":{"path":"/Users/lihao/Documents/nodejsworkspace/think_elasticsearch/index.js","s":{"1":1,"2":1,"3":1,"4":1,"5":1,"6":1,"7":1,"8":1,"9":1},"b":{"1":[1,0],"2":[1,1]},"f":{"1":1},"fnMap":{"1":{"name":"requireDefault","line":19,"loc":{"start":{"line":19,"column":0},"end":{"line":19,"column":29}}}},"statementMap":{"1":{"start":{"line":10,"column":0},"end":{"line":10,"column":37}},"2":{"start":{"line":11,"column":0},"end":{"line":11,"column":59}},"3":{"start":{"line":13,"column":0},"end":{"line":13,"column":15}},"4":{"start":{"line":15,"column":0},"end":{"line":15,"column":11}},"5":{"start":{"line":16,"column":0},"end":{"line":16,"column":13}},"6":{"start":{"line":17,"column":0},"end":{"line":17,"column":29}},"7":{"start":{"line":19,"column":0},"end":{"line":21,"column":1}},"8":{"start":{"line":20,"column":4},"end":{"line":20,"column":56}},"9":{"start":{"line":22,"column":0},"end":{"line":22,"column":68}}},"branchMap":{"1":{"line":20,"type":"cond-expr","locations":[{"start":{"line":20,"column":35},"end":{"line":20,"column":38}},{"start":{"line":20,"column":41},"end":{"line":20,"column":55}}]},"2":{"line":20,"type":"binary-expr","locations":[{"start":{"line":20,"column":11},"end":{"line":20,"column":14}},{"start":{"line":20,"column":18},"end":{"line":20,"column":32}}]}}},"/Users/lihao/Documents/nodejsworkspace/think_elasticsearch/lib/Util/lib.js":{"path":"/Users/lihao/Documents/nodejsworkspace/think_elasticsearch/lib/Util/lib.js","s":{"1":1,"2":1,"3":1,"4":1,"5":1,"6":1,"7":1,"8":3,"9":1,"10":1,"11":1,"12":1,"13":1,"14":1,"15":1,"16":0,"17":0,"18":0,"19":0,"20":0,"21":0,"22":0,"23":0,"24":0,"25":0,"26":0,"27":0,"28":0,"29":1,"30":1,"31":1,"32":1,"33":27,"34":1,"35":7,"36":1,"37":7,"38":1,"39":21,"40":0,"41":21,"42":1,"43":0,"44":0,"45":1,"46":0,"47":1,"48":0,"49":0,"50":0,"51":0,"52":1,"53":0,"54":1,"55":0,"56":1,"57":0,"58":1,"59":7,"60":1,"61":0,"62":0,"63":0,"64":0,"65":1,"66":0,"67":1,"68":1,"69":1,"70":0,"71":0,"72":0,"73":0,"74":0,"75":0,"76":0,"77":0,"78":0,"79":1,"80":0,"81":0,"82":0,"83":0,"84":0,"85":1,"86":0,"87":1,"88":0,"89":0,"90":0,"91":0,"92":0,"93":1,"94":0,"95":0,"96":0,"97":0,"98":0,"99":0,"100":1,"101":0,"102":0,"103":1,"104":0,"105":0,"106":0,"107":0,"108":0,"109":0,"110":1,"111":0,"112":0,"113":0,"114":0,"115":0,"116":0,"117":0,"118":0,"119":0,"120":0,"121":0,"122":0,"123":0,"124":1,"125":0,"126":0,"127":0,"128":0,"129":0,"130":0,"131":0,"132":0,"133":0,"134":0,"135":0,"136":0,"137":0,"138":0,"139":0,"140":0,"141":0,"142":0,"143":0,"144":0,"145":1,"146":1,"147":0,"148":1,"149":0,"150":0,"151":0,"152":0,"153":0,"154":0,"155":0,"156":1,"157":20,"158":20,"159":20,"160":20,"161":0,"162":20,"163":20,"164":0,"165":20,"166":20,"167":20,"168":54,"169":54,"170":14,"171":40,"172":21,"173":21,"174":21,"175":0,"176":21,"177":21,"178":12,"179":9,"180":1,"181":8,"182":0,"183":20,"184":1,"185":0,"186":0,"187":0,"188":0,"189":1},"b":{"1":[3,0],"2":[3,3],"3":[1,0],"4":[1,1,1],"5":[1,0],"6":[0,0],"7":[0,0],"8":[0,0],"9":[0,0],"10":[0,0],"11":[0,0],"12":[0,21],"13":[0,0,0],"14":[0,0],"15":[7,7,7],"16":[0,0],"17":[1,0],"18":[1,1,0],"19":[0,0],"20":[0,0],"21":[0,0],"22":[0,0],"23":[0,0],"24":[0,0],"25":[0,0],"26":[0,0],"27":[0,0],"28":[0,0],"29":[0,0],"30":[0,0],"31":[0,0],"32":[0,0],"33":[0,0],"34":[0,0],"35":[0,20],"36":[20,0],"37":[1,19],"38":[20,0],"39":[14,40],"40":[0,21],"41":[21,0],"42":[21,0],"43":[12,9],"44":[0,12],"45":[12,0],"46":[1,8],"47":[0,0],"48":[0,0]},"f":{"1":3,"2":1,"3":0,"4":27,"5":7,"6":7,"7":21,"8":0,"9":0,"10":0,"11":0,"12":0,"13":0,"14":7,"15":0,"16":0,"17":1,"18":0,"19":0,"20":0,"21":0,"22":0,"23":0,"24":0,"25":0,"26":0,"27":0,"28":0,"29":0,"30":0,"31":0,"32":0,"33":20,"34":0},"fnMap":{"1":{"name":"_interopRequireDefault","line":15,"loc":{"start":{"line":15,"column":0},"end":{"line":15,"column":37}}},"2":{"name":"_interopSafeRequire","line":27,"loc":{"start":{"line":27,"column":0},"end":{"line":27,"column":34}}},"3":{"name":"(anonymous_3)","line":32,"loc":{"start":{"line":32,"column":28},"end":{"line":32,"column":46}}},"4":{"name":"isBoolean","line":66,"loc":{"start":{"line":66,"column":16},"end":{"line":66,"column":40}}},"5":{"name":"isNumber","line":76,"loc":{"start":{"line":76,"column":15},"end":{"line":76,"column":38}}},"6":{"name":"isString","line":86,"loc":{"start":{"line":86,"column":15},"end":{"line":86,"column":38}}},"7":{"name":"isObject","line":96,"loc":{"start":{"line":96,"column":15},"end":{"line":96,"column":38}}},"8":{"name":"isNumberString","line":109,"loc":{"start":{"line":109,"column":21},"end":{"line":109,"column":50}}},"9":{"name":"isJSONObj","line":120,"loc":{"start":{"line":120,"column":16},"end":{"line":120,"column":40}}},"10":{"name":"isJSONStr","line":130,"loc":{"start":{"line":130,"column":16},"end":{"line":130,"column":40}}},"11":{"name":"isFunction","line":145,"loc":{"start":{"line":145,"column":17},"end":{"line":145,"column":42}}},"12":{"name":"isDate","line":154,"loc":{"start":{"line":154,"column":13},"end":{"line":154,"column":34}}},"13":{"name":"isRegexp","line":164,"loc":{"start":{"line":164,"column":15},"end":{"line":164,"column":38}}},"14":{"name":"isScalar","line":174,"loc":{"start":{"line":174,"column":15},"end":{"line":174,"column":38}}},"15":{"name":"isFile","line":184,"loc":{"start":{"line":184,"column":13},"end":{"line":184,"column":32}}},"16":{"name":"isError","line":198,"loc":{"start":{"line":198,"column":14},"end":{"line":198,"column":36}}},"17":{"name":"isEmpty","line":208,"loc":{"start":{"line":208,"column":14},"end":{"line":208,"column":36}}},"18":{"name":"inArray","line":233,"loc":{"start":{"line":233,"column":14},"end":{"line":233,"column":49}}},"19":{"name":"isPromise","line":247,"loc":{"start":{"line":247,"column":16},"end":{"line":247,"column":40}}},"20":{"name":"getDefer","line":257,"loc":{"start":{"line":257,"column":15},"end":{"line":257,"column":35}}},"21":{"name":"(anonymous_21)","line":261,"loc":{"start":{"line":261,"column":45},"end":{"line":261,"column":72}}},"22":{"name":"promisify","line":273,"loc":{"start":{"line":273,"column":16},"end":{"line":273,"column":49}}},"23":{"name":"(anonymous_23)","line":276,"loc":{"start":{"line":276,"column":11},"end":{"line":276,"column":23}}},"24":{"name":"(anonymous_24)","line":281,"loc":{"start":{"line":281,"column":37},"end":{"line":281,"column":64}}},"25":{"name":"(anonymous_25)","line":282,"loc":{"start":{"line":282,"column":48},"end":{"line":282,"column":68}}},"26":{"name":"ucFirst","line":293,"loc":{"start":{"line":293,"column":14},"end":{"line":293,"column":37}}},"27":{"name":"parseName","line":305,"loc":{"start":{"line":305,"column":16},"end":{"line":305,"column":41}}},"28":{"name":"(anonymous_28)","line":312,"loc":{"start":{"line":312,"column":34},"end":{"line":312,"column":47}}},"29":{"name":"hash","line":321,"loc":{"start":{"line":321,"column":11},"end":{"line":321,"column":32}}},"30":{"name":"log","line":353,"loc":{"start":{"line":353,"column":10},"end":{"line":353,"column":44}}},"31":{"name":"_await","line":392,"loc":{"start":{"line":392,"column":13},"end":{"line":392,"column":44}}},"32":{"name":"thinkRequire","line":400,"loc":{"start":{"line":400,"column":19},"end":{"line":400,"column":47}}},"33":{"name":"extend","line":418,"loc":{"start":{"line":418,"column":13},"end":{"line":418,"column":31}}},"34":{"name":"md5","line":471,"loc":{"start":{"line":471,"column":10},"end":{"line":471,"column":28}}}},"statementMap":{"1":{"start":{"line":3,"column":0},"end":{"line":3,"column":65}},"2":{"start":{"line":5,"column":0},"end":{"line":5,"column":53}},"3":{"start":{"line":7,"column":0},"end":{"line":7,"column":56}},"4":{"start":{"line":9,"column":0},"end":{"line":9,"column":49}},"5":{"start":{"line":11,"column":0},"end":{"line":11,"column":55}},"6":{"start":{"line":13,"column":0},"end":{"line":13,"column":48}},"7":{"start":{"line":15,"column":0},"end":{"line":15,"column":95}},"8":{"start":{"line":15,"column":39},"end":{"line":15,"column":93}},"9":{"start":{"line":24,"column":0},"end":{"line":24,"column":23}},"10":{"start":{"line":25,"column":0},"end":{"line":25,"column":27}},"11":{"start":{"line":26,"column":0},"end":{"line":26,"column":31}},"12":{"start":{"line":27,"column":0},"end":{"line":29,"column":1}},"13":{"start":{"line":28,"column":4},"end":{"line":28,"column":68}},"14":{"start":{"line":31,"column":0},"end":{"line":47,"column":1}},"15":{"start":{"line":32,"column":4},"end":{"line":46,"column":6}},"16":{"start":{"line":33,"column":8},"end":{"line":33,"column":55}},"17":{"start":{"line":34,"column":8},"end":{"line":34,"column":65}},"18":{"start":{"line":35,"column":8},"end":{"line":35,"column":132}},"19":{"start":{"line":36,"column":8},"end":{"line":36,"column":121}},"20":{"start":{"line":37,"column":8},"end":{"line":37,"column":131}},"21":{"start":{"line":38,"column":8},"end":{"line":38,"column":61}},"22":{"start":{"line":39,"column":8},"end":{"line":39,"column":61}},"23":{"start":{"line":40,"column":8},"end":{"line":40,"column":112}},"24":{"start":{"line":41,"column":8},"end":{"line":41,"column":56}},"25":{"start":{"line":42,"column":8},"end":{"line":42,"column":115}},"26":{"start":{"line":43,"column":8},"end":{"line":43,"column":57}},"27":{"start":{"line":44,"column":8},"end":{"line":44,"column":121}},"28":{"start":{"line":45,"column":8},"end":{"line":45,"column":22}},"29":{"start":{"line":49,"column":0},"end":{"line":49,"column":44}},"30":{"start":{"line":55,"column":0},"end":{"line":55,"column":31}},"31":{"start":{"line":60,"column":0},"end":{"line":60,"column":28}},"32":{"start":{"line":66,"column":0},"end":{"line":70,"column":2}},"33":{"start":{"line":69,"column":4},"end":{"line":69,"column":53}},"34":{"start":{"line":76,"column":0},"end":{"line":80,"column":2}},"35":{"start":{"line":79,"column":4},"end":{"line":79,"column":52}},"36":{"start":{"line":86,"column":0},"end":{"line":90,"column":2}},"37":{"start":{"line":89,"column":4},"end":{"line":89,"column":52}},"38":{"start":{"line":96,"column":0},"end":{"line":103,"column":2}},"39":{"start":{"line":99,"column":4},"end":{"line":101,"column":5}},"40":{"start":{"line":100,"column":8},"end":{"line":100,"column":21}},"41":{"start":{"line":102,"column":4},"end":{"line":102,"column":52}},"42":{"start":{"line":109,"column":0},"end":{"line":114,"column":2}},"43":{"start":{"line":112,"column":4},"end":{"line":112,"column":100}},"44":{"start":{"line":113,"column":4},"end":{"line":113,"column":31}},"45":{"start":{"line":120,"column":0},"end":{"line":124,"column":2}},"46":{"start":{"line":123,"column":4},"end":{"line":123,"column":186}},"47":{"start":{"line":130,"column":0},"end":{"line":139,"column":2}},"48":{"start":{"line":133,"column":4},"end":{"line":138,"column":5}},"49":{"start":{"line":134,"column":8},"end":{"line":134,"column":24}},"50":{"start":{"line":135,"column":8},"end":{"line":135,"column":20}},"51":{"start":{"line":137,"column":8},"end":{"line":137,"column":21}},"52":{"start":{"line":145,"column":0},"end":{"line":149,"column":2}},"53":{"start":{"line":148,"column":4},"end":{"line":148,"column":37}},"54":{"start":{"line":154,"column":0},"end":{"line":158,"column":2}},"55":{"start":{"line":157,"column":4},"end":{"line":157,"column":28}},"56":{"start":{"line":164,"column":0},"end":{"line":168,"column":2}},"57":{"start":{"line":167,"column":4},"end":{"line":167,"column":30}},"58":{"start":{"line":174,"column":0},"end":{"line":178,"column":2}},"59":{"start":{"line":177,"column":4},"end":{"line":177,"column":60}},"60":{"start":{"line":184,"column":0},"end":{"line":192,"column":2}},"61":{"start":{"line":187,"column":4},"end":{"line":189,"column":5}},"62":{"start":{"line":188,"column":8},"end":{"line":188,"column":21}},"63":{"start":{"line":190,"column":4},"end":{"line":190,"column":31}},"64":{"start":{"line":191,"column":4},"end":{"line":191,"column":26}},"65":{"start":{"line":198,"column":0},"end":{"line":202,"column":2}},"66":{"start":{"line":201,"column":4},"end":{"line":201,"column":29}},"67":{"start":{"line":208,"column":0},"end":{"line":226,"column":2}},"68":{"start":{"line":211,"column":4},"end":{"line":225,"column":5}},"69":{"start":{"line":212,"column":8},"end":{"line":212,"column":20}},"70":{"start":{"line":213,"column":11},"end":{"line":225,"column":5}},"71":{"start":{"line":215,"column":8},"end":{"line":215,"column":62}},"72":{"start":{"line":216,"column":11},"end":{"line":225,"column":5}},"73":{"start":{"line":217,"column":8},"end":{"line":217,"column":32}},"74":{"start":{"line":218,"column":11},"end":{"line":225,"column":5}},"75":{"start":{"line":219,"column":8},"end":{"line":221,"column":9}},"76":{"start":{"line":220,"column":12},"end":{"line":220,"column":25}},"77":{"start":{"line":222,"column":8},"end":{"line":222,"column":20}},"78":{"start":{"line":224,"column":8},"end":{"line":224,"column":21}},"79":{"start":{"line":233,"column":0},"end":{"line":241,"column":2}},"80":{"start":{"line":236,"column":4},"end":{"line":236,"column":33}},"81":{"start":{"line":237,"column":4},"end":{"line":239,"column":5}},"82":{"start":{"line":238,"column":8},"end":{"line":238,"column":47}},"83":{"start":{"line":238,"column":35},"end":{"line":238,"column":47}},"84":{"start":{"line":240,"column":4},"end":{"line":240,"column":17}},"85":{"start":{"line":247,"column":0},"end":{"line":251,"column":2}},"86":{"start":{"line":250,"column":4},"end":{"line":250,"column":53}},"87":{"start":{"line":257,"column":0},"end":{"line":266,"column":2}},"88":{"start":{"line":260,"column":4},"end":{"line":260,"column":22}},"89":{"start":{"line":261,"column":4},"end":{"line":264,"column":7}},"90":{"start":{"line":262,"column":8},"end":{"line":262,"column":35}},"91":{"start":{"line":263,"column":8},"end":{"line":263,"column":33}},"92":{"start":{"line":265,"column":4},"end":{"line":265,"column":20}},"93":{"start":{"line":273,"column":0},"end":{"line":287,"column":2}},"94":{"start":{"line":276,"column":4},"end":{"line":286,"column":6}},"95":{"start":{"line":277,"column":8},"end":{"line":279,"column":9}},"96":{"start":{"line":278,"column":12},"end":{"line":278,"column":41}},"97":{"start":{"line":281,"column":8},"end":{"line":285,"column":11}},"98":{"start":{"line":282,"column":12},"end":{"line":284,"column":17}},"99":{"start":{"line":283,"column":16},"end":{"line":283,"column":56}},"100":{"start":{"line":293,"column":0},"end":{"line":298,"column":2}},"101":{"start":{"line":296,"column":4},"end":{"line":296,"column":29}},"102":{"start":{"line":297,"column":4},"end":{"line":297,"column":74}},"103":{"start":{"line":305,"column":0},"end":{"line":315,"column":2}},"104":{"start":{"line":306,"column":4},"end":{"line":306,"column":23}},"105":{"start":{"line":307,"column":4},"end":{"line":309,"column":5}},"106":{"start":{"line":308,"column":8},"end":{"line":308,"column":20}},"107":{"start":{"line":311,"column":4},"end":{"line":311,"column":50}},"108":{"start":{"line":312,"column":4},"end":{"line":314,"column":7}},"109":{"start":{"line":313,"column":8},"end":{"line":313,"column":37}},"110":{"start":{"line":321,"column":0},"end":{"line":345,"column":2}},"111":{"start":{"line":324,"column":4},"end":{"line":324,"column":21}},"112":{"start":{"line":325,"column":4},"end":{"line":325,"column":100}},"113":{"start":{"line":326,"column":4},"end":{"line":326,"column":29}},"114":{"start":{"line":328,"column":4},"end":{"line":336,"column":5}},"115":{"start":{"line":329,"column":8},"end":{"line":331,"column":9}},"116":{"start":{"line":330,"column":12},"end":{"line":330,"column":56}},"117":{"start":{"line":333,"column":8},"end":{"line":335,"column":9}},"118":{"start":{"line":334,"column":12},"end":{"line":334,"column":45}},"119":{"start":{"line":337,"column":4},"end":{"line":337,"column":35}},"120":{"start":{"line":339,"column":4},"end":{"line":339,"column":22}},"121":{"start":{"line":340,"column":4},"end":{"line":342,"column":26}},"122":{"start":{"line":341,"column":8},"end":{"line":341,"column":47}},"123":{"start":{"line":344,"column":4},"end":{"line":344,"column":20}},"124":{"start":{"line":353,"column":0},"end":{"line":384,"column":2}},"125":{"start":{"line":356,"column":4},"end":{"line":356,"column":23}},"126":{"start":{"line":357,"column":4},"end":{"line":357,"column":38}},"127":{"start":{"line":358,"column":4},"end":{"line":358,"column":36}},"128":{"start":{"line":359,"column":4},"end":{"line":359,"column":50}},"129":{"start":{"line":361,"column":4},"end":{"line":361,"column":22}},"130":{"start":{"line":362,"column":4},"end":{"line":381,"column":5}},"131":{"start":{"line":363,"column":8},"end":{"line":363,"column":23}},"132":{"start":{"line":364,"column":8},"end":{"line":364,"column":28}},"133":{"start":{"line":366,"column":11},"end":{"line":381,"column":5}},"134":{"start":{"line":367,"column":8},"end":{"line":367,"column":23}},"135":{"start":{"line":369,"column":11},"end":{"line":381,"column":5}},"136":{"start":{"line":370,"column":8},"end":{"line":370,"column":25}},"137":{"start":{"line":373,"column":8},"end":{"line":375,"column":9}},"138":{"start":{"line":374,"column":12},"end":{"line":374,"column":52}},"139":{"start":{"line":376,"column":8},"end":{"line":379,"column":9}},"140":{"start":{"line":377,"column":12},"end":{"line":377,"column":46}},"141":{"start":{"line":378,"column":12},"end":{"line":378,"column":45}},"142":{"start":{"line":380,"column":8},"end":{"line":380,"column":30}},"143":{"start":{"line":382,"column":4},"end":{"line":382,"column":56}},"144":{"start":{"line":383,"column":4},"end":{"line":383,"column":11}},"145":{"start":{"line":391,"column":0},"end":{"line":391,"column":75}},"146":{"start":{"line":392,"column":0},"end":{"line":394,"column":2}},"147":{"start":{"line":393,"column":4},"end":{"line":393,"column":48}},"148":{"start":{"line":400,"column":0},"end":{"line":413,"column":2}},"149":{"start":{"line":403,"column":4},"end":{"line":412,"column":5}},"150":{"start":{"line":404,"column":8},"end":{"line":404,"column":32}},"151":{"start":{"line":405,"column":8},"end":{"line":405,"column":39}},"152":{"start":{"line":406,"column":8},"end":{"line":408,"column":9}},"153":{"start":{"line":407,"column":12},"end":{"line":407,"column":44}},"154":{"start":{"line":409,"column":8},"end":{"line":409,"column":19}},"155":{"start":{"line":411,"column":8},"end":{"line":411,"column":20}},"156":{"start":{"line":418,"column":0},"end":{"line":464,"column":2}},"157":{"start":{"line":421,"column":4},"end":{"line":421,"column":40}},"158":{"start":{"line":422,"column":4},"end":{"line":422,"column":20}},"159":{"start":{"line":423,"column":4},"end":{"line":423,"column":24}},"160":{"start":{"line":424,"column":4},"end":{"line":426,"column":5}},"161":{"start":{"line":425,"column":8},"end":{"line":425,"column":28}},"162":{"start":{"line":427,"column":4},"end":{"line":431,"column":5}},"163":{"start":{"line":428,"column":8},"end":{"line":428,"column":44}},"164":{"start":{"line":430,"column":8},"end":{"line":430,"column":30}},"165":{"start":{"line":432,"column":4},"end":{"line":432,"column":26}},"166":{"start":{"line":433,"column":4},"end":{"line":438,"column":25}},"167":{"start":{"line":439,"column":4},"end":{"line":462,"column":5}},"168":{"start":{"line":440,"column":8},"end":{"line":440,"column":26}},"169":{"start":{"line":441,"column":8},"end":{"line":443,"column":9}},"170":{"start":{"line":442,"column":12},"end":{"line":442,"column":21}},"171":{"start":{"line":444,"column":8},"end":{"line":461,"column":9}},"172":{"start":{"line":445,"column":12},"end":{"line":445,"column":31}},"173":{"start":{"line":446,"column":12},"end":{"line":446,"column":33}},"174":{"start":{"line":447,"column":12},"end":{"line":449,"column":13}},"175":{"start":{"line":448,"column":16},"end":{"line":448,"column":25}},"176":{"start":{"line":450,"column":12},"end":{"line":460,"column":13}},"177":{"start":{"line":451,"column":16},"end":{"line":457,"column":17}},"178":{"start":{"line":452,"column":20},"end":{"line":452,"column":81}},"179":{"start":{"line":453,"column":23},"end":{"line":457,"column":17}},"180":{"start":{"line":454,"column":20},"end":{"line":454,"column":52}},"181":{"start":{"line":456,"column":20},"end":{"line":456,"column":40}},"182":{"start":{"line":459,"column":16},"end":{"line":459,"column":36}},"183":{"start":{"line":463,"column":4},"end":{"line":463,"column":18}},"184":{"start":{"line":471,"column":0},"end":{"line":477,"column":2}},"185":{"start":{"line":472,"column":4},"end":{"line":472,"column":94}},"186":{"start":{"line":474,"column":4},"end":{"line":474,"column":44}},"187":{"start":{"line":475,"column":4},"end":{"line":475,"column":39}},"188":{"start":{"line":476,"column":4},"end":{"line":476,"column":34}},"189":{"start":{"line":479,"column":0},"end":{"line":508,"column":2}}},"branchMap":{"1":{"line":15,"type":"cond-expr","locations":[{"start":{"line":15,"column":70},"end":{"line":15,"column":73}},{"start":{"line":15,"column":76},"end":{"line":15,"column":92}}]},"2":{"line":15,"type":"binary-expr","locations":[{"start":{"line":15,"column":46},"end":{"line":15,"column":49}},{"start":{"line":15,"column":53},"end":{"line":15,"column":67}}]},"3":{"line":28,"type":"cond-expr","locations":[{"start":{"line":28,"column":50},"end":{"line":28,"column":61}},{"start":{"line":28,"column":64},"end":{"line":28,"column":67}}]},"4":{"line":28,"type":"binary-expr","locations":[{"start":{"line":28,"column":11},"end":{"line":28,"column":14}},{"start":{"line":28,"column":18},"end":{"line":28,"column":32}},{"start":{"line":28,"column":36},"end":{"line":28,"column":47}}]},"5":{"line":31,"type":"if","locations":[{"start":{"line":31,"column":0},"end":{"line":31,"column":0}},{"start":{"line":31,"column":0},"end":{"line":31,"column":0}}]},"6":{"line":35,"type":"cond-expr","locations":[{"start":{"line":35,"column":68},"end":{"line":35,"column":101}},{"start":{"line":35,"column":104},"end":{"line":35,"column":130}}]},"7":{"line":36,"type":"cond-expr","locations":[{"start":{"line":36,"column":65},"end":{"line":36,"column":93}},{"start":{"line":36,"column":96},"end":{"line":36,"column":119}}]},"8":{"line":37,"type":"cond-expr","locations":[{"start":{"line":37,"column":67},"end":{"line":37,"column":99}},{"start":{"line":37,"column":102},"end":{"line":37,"column":129}}]},"9":{"line":40,"type":"cond-expr","locations":[{"start":{"line":40,"column":62},"end":{"line":40,"column":87}},{"start":{"line":40,"column":90},"end":{"line":40,"column":110}}]},"10":{"line":42,"type":"cond-expr","locations":[{"start":{"line":42,"column":63},"end":{"line":42,"column":89}},{"start":{"line":42,"column":92},"end":{"line":42,"column":113}}]},"11":{"line":44,"type":"cond-expr","locations":[{"start":{"line":44,"column":65},"end":{"line":44,"column":93}},{"start":{"line":44,"column":96},"end":{"line":44,"column":119}}]},"12":{"line":99,"type":"if","locations":[{"start":{"line":99,"column":4},"end":{"line":99,"column":4}},{"start":{"line":99,"column":4},"end":{"line":99,"column":4}}]},"13":{"line":123,"type":"binary-expr","locations":[{"start":{"line":123,"column":11},"end":{"line":123,"column":95}},{"start":{"line":123,"column":99},"end":{"line":123,"column":170}},{"start":{"line":123,"column":174},"end":{"line":123,"column":185}}]},"14":{"line":123,"type":"cond-expr","locations":[{"start":{"line":123,"column":41},"end":{"line":123,"column":52}},{"start":{"line":123,"column":55},"end":{"line":123,"column":81}}]},"15":{"line":177,"type":"binary-expr","locations":[{"start":{"line":177,"column":11},"end":{"line":177,"column":25}},{"start":{"line":177,"column":29},"end":{"line":177,"column":42}},{"start":{"line":177,"column":46},"end":{"line":177,"column":59}}]},"16":{"line":187,"type":"if","locations":[{"start":{"line":187,"column":4},"end":{"line":187,"column":4}},{"start":{"line":187,"column":4},"end":{"line":187,"column":4}}]},"17":{"line":211,"type":"if","locations":[{"start":{"line":211,"column":4},"end":{"line":211,"column":4}},{"start":{"line":211,"column":4},"end":{"line":211,"column":4}}]},"18":{"line":211,"type":"binary-expr","locations":[{"start":{"line":211,"column":8},"end":{"line":211,"column":20}},{"start":{"line":211,"column":24},"end":{"line":211,"column":41}},{"start":{"line":211,"column":45},"end":{"line":211,"column":55}}]},"19":{"line":213,"type":"if","locations":[{"start":{"line":213,"column":11},"end":{"line":213,"column":11}},{"start":{"line":213,"column":11},"end":{"line":213,"column":11}}]},"20":{"line":216,"type":"if","locations":[{"start":{"line":216,"column":11},"end":{"line":216,"column":11}},{"start":{"line":216,"column":11},"end":{"line":216,"column":11}}]},"21":{"line":218,"type":"if","locations":[{"start":{"line":218,"column":11},"end":{"line":218,"column":11}},{"start":{"line":218,"column":11},"end":{"line":218,"column":11}}]},"22":{"line":238,"type":"if","locations":[{"start":{"line":238,"column":8},"end":{"line":238,"column":8}},{"start":{"line":238,"column":8},"end":{"line":238,"column":8}}]},"23":{"line":250,"type":"binary-expr","locations":[{"start":{"line":250,"column":14},"end":{"line":250,"column":17}},{"start":{"line":250,"column":21},"end":{"line":250,"column":51}}]},"24":{"line":283,"type":"cond-expr","locations":[{"start":{"line":283,"column":29},"end":{"line":283,"column":40}},{"start":{"line":283,"column":43},"end":{"line":283,"column":55}}]},"25":{"line":296,"type":"binary-expr","locations":[{"start":{"line":296,"column":12},"end":{"line":296,"column":16}},{"start":{"line":296,"column":20},"end":{"line":296,"column":22}}]},"26":{"line":307,"type":"if","locations":[{"start":{"line":307,"column":4},"end":{"line":307,"column":4}},{"start":{"line":307,"column":4},"end":{"line":307,"column":4}}]},"27":{"line":328,"type":"if","locations":[{"start":{"line":328,"column":4},"end":{"line":328,"column":4}},{"start":{"line":328,"column":4},"end":{"line":328,"column":4}}]},"28":{"line":362,"type":"if","locations":[{"start":{"line":362,"column":4},"end":{"line":362,"column":4}},{"start":{"line":362,"column":4},"end":{"line":362,"column":4}}]},"29":{"line":366,"type":"if","locations":[{"start":{"line":366,"column":11},"end":{"line":366,"column":11}},{"start":{"line":366,"column":11},"end":{"line":366,"column":11}}]},"30":{"line":369,"type":"if","locations":[{"start":{"line":369,"column":11},"end":{"line":369,"column":11}},{"start":{"line":369,"column":11},"end":{"line":369,"column":11}}]},"31":{"line":373,"type":"if","locations":[{"start":{"line":373,"column":8},"end":{"line":373,"column":8}},{"start":{"line":373,"column":8},"end":{"line":373,"column":8}}]},"32":{"line":376,"type":"if","locations":[{"start":{"line":376,"column":8},"end":{"line":376,"column":8}},{"start":{"line":376,"column":8},"end":{"line":376,"column":8}}]},"33":{"line":380,"type":"binary-expr","locations":[{"start":{"line":380,"column":15},"end":{"line":380,"column":19}},{"start":{"line":380,"column":23},"end":{"line":380,"column":29}}]},"34":{"line":406,"type":"if","locations":[{"start":{"line":406,"column":8},"end":{"line":406,"column":8}},{"start":{"line":406,"column":8},"end":{"line":406,"column":8}}]},"35":{"line":424,"type":"if","locations":[{"start":{"line":424,"column":4},"end":{"line":424,"column":4}},{"start":{"line":424,"column":4},"end":{"line":424,"column":4}}]},"36":{"line":427,"type":"if","locations":[{"start":{"line":427,"column":4},"end":{"line":427,"column":4}},{"start":{"line":427,"column":4},"end":{"line":427,"column":4}}]},"37":{"line":428,"type":"cond-expr","locations":[{"start":{"line":428,"column":36},"end":{"line":428,"column":38}},{"start":{"line":428,"column":41},"end":{"line":428,"column":43}}]},"38":{"line":432,"type":"binary-expr","locations":[{"start":{"line":432,"column":13},"end":{"line":432,"column":19}},{"start":{"line":432,"column":23},"end":{"line":432,"column":25}}]},"39":{"line":441,"type":"if","locations":[{"start":{"line":441,"column":8},"end":{"line":441,"column":8}},{"start":{"line":441,"column":8},"end":{"line":441,"column":8}}]},"40":{"line":447,"type":"if","locations":[{"start":{"line":447,"column":12},"end":{"line":447,"column":12}},{"start":{"line":447,"column":12},"end":{"line":447,"column":12}}]},"41":{"line":447,"type":"binary-expr","locations":[{"start":{"line":447,"column":16},"end":{"line":447,"column":19}},{"start":{"line":447,"column":23},"end":{"line":447,"column":35}}]},"42":{"line":450,"type":"if","locations":[{"start":{"line":450,"column":12},"end":{"line":450,"column":12}},{"start":{"line":450,"column":12},"end":{"line":450,"column":12}}]},"43":{"line":451,"type":"if","locations":[{"start":{"line":451,"column":16},"end":{"line":451,"column":16}},{"start":{"line":451,"column":16},"end":{"line":451,"column":16}}]},"44":{"line":452,"type":"cond-expr","locations":[{"start":{"line":452,"column":65},"end":{"line":452,"column":68}},{"start":{"line":452,"column":71},"end":{"line":452,"column":73}}]},"45":{"line":452,"type":"binary-expr","locations":[{"start":{"line":452,"column":42},"end":{"line":452,"column":45}},{"start":{"line":452,"column":49},"end":{"line":452,"column":62}}]},"46":{"line":453,"type":"if","locations":[{"start":{"line":453,"column":23},"end":{"line":453,"column":23}},{"start":{"line":453,"column":23},"end":{"line":453,"column":23}}]},"47":{"line":472,"type":"cond-expr","locations":[{"start":{"line":472,"column":71},"end":{"line":472,"column":83}},{"start":{"line":472,"column":86},"end":{"line":472,"column":93}}]},"48":{"line":472,"type":"binary-expr","locations":[{"start":{"line":472,"column":18},"end":{"line":472,"column":38}},{"start":{"line":472,"column":42},"end":{"line":472,"column":68}}]}}},"/Users/lihao/Documents/nodejsworkspace/think_elasticsearch/lib/Util/await.js":{"path":"/Users/lihao/Documents/nodejsworkspace/think_elasticsearch/lib/Util/await.js","s":{"1":1,"2":1,"3":1,"4":1,"5":1,"6":1,"7":1,"8":1,"9":3,"10":1,"11":1,"12":1,"13":1,"14":1,"15":0,"16":0,"17":0,"18":0,"19":0,"20":0,"21":0,"22":0,"23":0,"24":0,"25":0,"26":0,"27":0,"28":0,"29":0,"30":0,"31":0,"32":1,"33":1},"b":{"1":[2,1],"2":[3,3],"3":[0,0]},"f":{"1":3,"2":1,"3":1,"4":0,"5":0,"6":0,"7":0,"8":0,"9":0,"10":0},"fnMap":{"1":{"name":"_interopRequireDefault","line":17,"loc":{"start":{"line":17,"column":0},"end":{"line":17,"column":37}}},"2":{"name":"(anonymous_2)","line":19,"loc":{"start":{"line":19,"column":13},"end":{"line":19,"column":25}}},"3":{"name":"_class","line":20,"loc":{"start":{"line":20,"column":4},"end":{"line":20,"column":22}}},"4":{"name":"run","line":26,"loc":{"start":{"line":26,"column":27},"end":{"line":26,"column":49}}},"5":{"name":"(anonymous_5)","line":31,"loc":{"start":{"line":31,"column":56},"end":{"line":31,"column":72}}},"6":{"name":"(anonymous_6)","line":32,"loc":{"start":{"line":32,"column":33},"end":{"line":32,"column":45}}},"7":{"name":"(anonymous_7)","line":33,"loc":{"start":{"line":33,"column":45},"end":{"line":33,"column":65}}},"8":{"name":"(anonymous_8)","line":39,"loc":{"start":{"line":39,"column":21},"end":{"line":39,"column":36}}},"9":{"name":"(anonymous_9)","line":40,"loc":{"start":{"line":40,"column":33},"end":{"line":40,"column":45}}},"10":{"name":"(anonymous_10)","line":41,"loc":{"start":{"line":41,"column":45},"end":{"line":41,"column":65}}}},"statementMap":{"1":{"start":{"line":3,"column":0},"end":{"line":3,"column":26}},"2":{"start":{"line":5,"column":0},"end":{"line":5,"column":56}},"3":{"start":{"line":7,"column":0},"end":{"line":7,"column":49}},"4":{"start":{"line":9,"column":0},"end":{"line":9,"column":71}},"5":{"start":{"line":11,"column":0},"end":{"line":11,"column":64}},"6":{"start":{"line":13,"column":0},"end":{"line":13,"column":34}},"7":{"start":{"line":15,"column":0},"end":{"line":15,"column":41}},"8":{"start":{"line":17,"column":0},"end":{"line":17,"column":95}},"9":{"start":{"line":17,"column":39},"end":{"line":17,"column":93}},"10":{"start":{"line":19,"column":0},"end":{"line":56,"column":4}},"11":{"start":{"line":20,"column":4},"end":{"line":24,"column":5}},"12":{"start":{"line":21,"column":8},"end":{"line":21,"column":52}},"13":{"start":{"line":23,"column":8},"end":{"line":23,"column":24}},"14":{"start":{"line":26,"column":4},"end":{"line":53,"column":6}},"15":{"start":{"line":27,"column":8},"end":{"line":27,"column":25}},"16":{"start":{"line":29,"column":8},"end":{"line":52,"column":9}},"17":{"start":{"line":30,"column":12},"end":{"line":30,"column":33}},"18":{"start":{"line":31,"column":12},"end":{"line":47,"column":15}},"19":{"start":{"line":32,"column":16},"end":{"line":37,"column":19}},"20":{"start":{"line":33,"column":20},"end":{"line":35,"column":23}},"21":{"start":{"line":34,"column":24},"end":{"line":34,"column":54}},"22":{"start":{"line":36,"column":20},"end":{"line":36,"column":44}},"23":{"start":{"line":38,"column":16},"end":{"line":38,"column":28}},"24":{"start":{"line":40,"column":16},"end":{"line":45,"column":19}},"25":{"start":{"line":41,"column":20},"end":{"line":43,"column":23}},"26":{"start":{"line":42,"column":24},"end":{"line":42,"column":52}},"27":{"start":{"line":44,"column":20},"end":{"line":44,"column":44}},"28":{"start":{"line":46,"column":16},"end":{"line":46,"column":53}},"29":{"start":{"line":49,"column":12},"end":{"line":49,"column":52}},"30":{"start":{"line":50,"column":12},"end":{"line":50,"column":43}},"31":{"start":{"line":51,"column":12},"end":{"line":51,"column":36}},"32":{"start":{"line":55,"column":4},"end":{"line":55,"column":18}},"33":{"start":{"line":65,"column":0},"end":{"line":65,"column":25}}},"branchMap":{"1":{"line":17,"type":"cond-expr","locations":[{"start":{"line":17,"column":70},"end":{"line":17,"column":73}},{"start":{"line":17,"column":76},"end":{"line":17,"column":92}}]},"2":{"line":17,"type":"binary-expr","locations":[{"start":{"line":17,"column":46},"end":{"line":17,"column":49}},{"start":{"line":17,"column":53},"end":{"line":17,"column":67}}]},"3":{"line":29,"type":"if","locations":[{"start":{"line":29,"column":8},"end":{"line":29,"column":8}},{"start":{"line":29,"column":8},"end":{"line":29,"column":8}}]}}},"/Users/lihao/Documents/nodejsworkspace/think_elasticsearch/lib/esmodel.js":{"path":"/Users/lihao/Documents/nodejsworkspace/think_elasticsearch/lib/esmodel.js","s":{"1":1,"2":1,"3":1,"4":1,"5":1,"6":1,"7":1,"8":1,"9":1,"10":1,"11":1,"12":1,"13":1,"14":1,"15":1,"16":1,"17":1,"18":1,"19":1,"20":1,"21":9,"22":1,"23":0,"24":0,"25":0,"26":0,"27":0,"28":0,"29":0,"30":0,"31":0,"32":0,"33":0,"34":0,"35":0,"36":0,"37":0,"38":0,"39":0,"40":1,"41":1,"42":1,"43":11,"44":11,"45":1,"46":11,"47":11,"48":11,"49":11,"50":1,"51":1,"52":1,"53":1,"54":1,"55":1,"56":1,"57":1,"58":0,"59":0,"60":1,"61":1,"62":0,"63":0,"64":0,"65":0,"66":0,"67":0,"68":0,"69":0,"70":0,"71":0,"72":0,"73":0,"74":0,"75":0,"76":0,"77":0,"78":0,"79":0,"80":0,"81":0,"82":0,"83":0,"84":0,"85":0,"86":0,"87":0,"88":0,"89":0,"90":0,"91":0,"92":0,"93":0,"94":0,"95":0,"96":0,"97":0,"98":0,"99":0,"100":0,"101":0,"102":0,"103":0,"104":0,"105":0,"106":0,"107":0,"108":0,"109":0,"110":0,"111":0,"112":0,"113":0,"114":0,"115":1,"116":1,"117":1,"118":1,"119":0,"120":0,"121":0,"122":0,"123":0,"124":0,"125":0,"126":0,"127":0,"128":0,"129":0,"130":1,"131":0,"132":1,"133":2,"134":0,"135":2,"136":2,"137":2,"138":1,"139":0,"140":0,"141":1,"142":0,"143":0,"144":1,"145":0,"146":0,"147":0,"148":1,"149":2,"150":2,"151":1,"152":0,"153":0,"154":1,"155":2,"156":2,"157":1,"158":0,"159":0,"160":0,"161":0,"162":0,"163":0,"164":1,"165":0,"166":0,"167":0,"168":0,"169":0,"170":0,"171":0,"172":0,"173":0,"174":1,"175":0,"176":0,"177":0,"178":0,"179":1,"180":1,"181":1,"182":1,"183":1,"184":1,"185":1,"186":1,"187":0,"188":0,"189":0,"190":0,"191":1,"192":1,"193":1,"194":1,"195":1,"196":1,"197":1,"198":1,"199":1,"200":1,"201":1,"202":0,"203":0,"204":0,"205":0,"206":1,"207":1,"208":1,"209":1,"210":1,"211":2,"212":2,"213":2,"214":2,"215":2,"216":2,"217":0,"218":0,"219":0,"220":0,"221":0,"222":0,"223":0,"224":0,"225":0,"226":0,"227":0,"228":1,"229":2,"230":1,"231":1,"232":1,"233":0,"234":0,"235":0,"236":0,"237":0,"238":0,"239":0,"240":0,"241":0,"242":1,"243":0,"244":1,"245":1,"246":1,"247":1,"248":1,"249":1,"250":1,"251":1,"252":1,"253":0,"254":0,"255":0,"256":1,"257":1,"258":1,"259":1,"260":1,"261":2,"262":2,"263":2,"264":2,"265":2,"266":2,"267":0,"268":0,"269":0,"270":1,"271":2,"272":1,"273":1,"274":1,"275":0,"276":0,"277":0,"278":0,"279":0,"280":0,"281":0,"282":0,"283":0,"284":0,"285":0,"286":0,"287":0,"288":0,"289":0,"290":0,"291":0,"292":1,"293":0,"294":1,"295":1,"296":1,"297":0,"298":0,"299":0,"300":0,"301":0,"302":0,"303":0,"304":0,"305":0,"306":0,"307":0,"308":0,"309":0,"310":0,"311":0,"312":0,"313":0,"314":1,"315":0,"316":1,"317":1,"318":1,"319":0,"320":0,"321":0,"322":0,"323":0,"324":0,"325":0,"326":0,"327":0,"328":0,"329":0,"330":0,"331":0,"332":0,"333":0,"334":0,"335":0,"336":1,"337":0,"338":1,"339":1,"340":1,"341":0,"342":0,"343":0,"344":0,"345":0,"346":0,"347":0,"348":0,"349":0,"350":0,"351":0,"352":0,"353":0,"354":0,"355":0,"356":0,"357":0,"358":1,"359":0,"360":1,"361":1,"362":7,"363":7,"364":0,"365":7,"366":7,"367":7,"368":7,"369":7,"370":1,"371":1,"372":1,"373":1},"b":{"1":[7,2],"2":[9,9],"3":[0,0],"4":[0,0],"5":[0,0,0,0,0,0],"6":[0,0],"7":[1,0,0,0,0,0,0],"8":[0,1],"9":[1,0],"10":[0,0],"11":[0,0],"12":[0,0],"13":[0,0],"14":[0,0,0,0,0,0,0,0],"15":[0,0],"16":[0,0],"17":[0,0],"18":[0,0],"19":[0,0],"20":[0,0],"21":[0,0],"22":[0,0],"23":[0,0],"24":[0,0],"25":[0,0],"26":[0,0,0],"27":[0,2],"28":[0,0],"29":[0,0],"30":[0,0],"31":[0,0],"32":[0,0],"33":[0,0],"34":[0,0],"35":[0,0],"36":[0,0],"37":[1,0,0,0],"38":[1,0,0,0],"39":[2,0,0,0,0],"40":[0,0],"41":[0,0,0],"42":[0,0],"43":[0,0,0,0],"44":[1,0,0,0],"45":[2,0,0,0],"46":[0,0,0,0,0,0],"47":[0,0],"48":[0,0,0,0,0,0],"49":[0,0],"50":[0,0,0,0,0,0],"51":[0,0],"52":[0,0,0,0,0,0],"53":[0,0],"54":[0,7]},"f":{"1":9,"2":0,"3":1,"4":11,"5":11,"6":1,"7":1,"8":1,"9":0,"10":0,"11":0,"12":1,"13":0,"14":0,"15":2,"16":0,"17":0,"18":0,"19":2,"20":0,"21":2,"22":0,"23":0,"24":0,"25":1,"26":1,"27":1,"28":1,"29":1,"30":1,"31":1,"32":1,"33":1,"34":2,"35":2,"36":2,"37":1,"38":0,"39":0,"40":0,"41":1,"42":1,"43":1,"44":1,"45":1,"46":2,"47":2,"48":2,"49":1,"50":0,"51":0,"52":0,"53":1,"54":0,"55":0,"56":0,"57":1,"58":0,"59":0,"60":0,"61":1,"62":0,"63":0,"64":0,"65":7,"66":0,"67":0},"fnMap":{"1":{"name":"_interopRequireDefault","line":41,"loc":{"start":{"line":41,"column":0},"end":{"line":41,"column":37}}},"2":{"name":"parseMap","line":50,"loc":{"start":{"line":50,"column":15},"end":{"line":50,"column":42}}},"3":{"name":"(anonymous_3)","line":84,"loc":{"start":{"line":84,"column":13},"end":{"line":84,"column":30}}},"4":{"name":"_class","line":87,"loc":{"start":{"line":87,"column":4},"end":{"line":87,"column":22}}},"5":{"name":"init","line":92,"loc":{"start":{"line":92,"column":28},"end":{"line":92,"column":50}}},"6":{"name":"(anonymous_6)","line":105,"loc":{"start":{"line":105,"column":37},"end":{"line":105,"column":49}}},"7":{"name":"_callee2","line":106,"loc":{"start":{"line":106,"column":78},"end":{"line":106,"column":98}}},"8":{"name":"_callee2$","line":111,"loc":{"start":{"line":111,"column":46},"end":{"line":111,"column":76}}},"9":{"name":"_callee","line":160,"loc":{"start":{"line":160,"column":86},"end":{"line":160,"column":105}}},"10":{"name":"_callee$","line":162,"loc":{"start":{"line":162,"column":66},"end":{"line":162,"column":94}}},"11":{"name":"checkfield","line":175,"loc":{"start":{"line":175,"column":61},"end":{"line":175,"column":93}}},"12":{"name":"setCollection","line":244,"loc":{"start":{"line":244,"column":8},"end":{"line":244,"column":33}}},"13":{"name":"error","line":257,"loc":{"start":{"line":257,"column":29},"end":{"line":257,"column":49}}},"14":{"name":"getPk","line":276,"loc":{"start":{"line":276,"column":29},"end":{"line":276,"column":46}}},"15":{"name":"adapter","line":285,"loc":{"start":{"line":285,"column":31},"end":{"line":285,"column":50}}},"16":{"name":"setIndex","line":292,"loc":{"start":{"line":292,"column":32},"end":{"line":292,"column":57}}},"17":{"name":"setType","line":297,"loc":{"start":{"line":297,"column":31},"end":{"line":297,"column":54}}},"18":{"name":"match","line":308,"loc":{"start":{"line":308,"column":29},"end":{"line":308,"column":52}}},"19":{"name":"filter","line":319,"loc":{"start":{"line":319,"column":30},"end":{"line":319,"column":55}}},"20":{"name":"where","line":330,"loc":{"start":{"line":330,"column":29},"end":{"line":330,"column":52}}},"21":{"name":"aggs","line":341,"loc":{"start":{"line":341,"column":28},"end":{"line":341,"column":49}}},"22":{"name":"field","line":362,"loc":{"start":{"line":362,"column":29},"end":{"line":362,"column":52}}},"23":{"name":"limit","line":380,"loc":{"start":{"line":380,"column":29},"end":{"line":380,"column":60}}},"24":{"name":"order","line":403,"loc":{"start":{"line":403,"column":29},"end":{"line":403,"column":52}}},"25":{"name":"(anonymous_25)","line":415,"loc":{"start":{"line":415,"column":27},"end":{"line":415,"column":39}}},"26":{"name":"_callee3","line":416,"loc":{"start":{"line":416,"column":79},"end":{"line":416,"column":112}}},"27":{"name":"_callee3$","line":419,"loc":{"start":{"line":419,"column":46},"end":{"line":419,"column":76}}},"28":{"name":"add","line":441,"loc":{"start":{"line":441,"column":8},"end":{"line":441,"column":30}}},"29":{"name":"(anonymous_29)","line":455,"loc":{"start":{"line":455,"column":30},"end":{"line":455,"column":42}}},"30":{"name":"_callee4","line":456,"loc":{"start":{"line":456,"column":79},"end":{"line":456,"column":112}}},"31":{"name":"_callee4$","line":458,"loc":{"start":{"line":458,"column":46},"end":{"line":458,"column":76}}},"32":{"name":"addAll","line":479,"loc":{"start":{"line":479,"column":8},"end":{"line":479,"column":34}}},"33":{"name":"(anonymous_33)","line":493,"loc":{"start":{"line":493,"column":30},"end":{"line":493,"column":42}}},"34":{"name":"_callee5","line":494,"loc":{"start":{"line":494,"column":79},"end":{"line":494,"column":112}}},"35":{"name":"_callee5$","line":497,"loc":{"start":{"line":497,"column":46},"end":{"line":497,"column":76}}},"36":{"name":"update","line":530,"loc":{"start":{"line":530,"column":8},"end":{"line":530,"column":34}}},"37":{"name":"(anonymous_37)","line":543,"loc":{"start":{"line":543,"column":28},"end":{"line":543,"column":40}}},"38":{"name":"_callee6","line":544,"loc":{"start":{"line":544,"column":79},"end":{"line":544,"column":106}}},"39":{"name":"_callee6$","line":546,"loc":{"start":{"line":546,"column":46},"end":{"line":546,"column":76}}},"40":{"name":"find","line":565,"loc":{"start":{"line":565,"column":8},"end":{"line":565,"column":27}}},"41":{"name":"(anonymous_41)","line":579,"loc":{"start":{"line":579,"column":30},"end":{"line":579,"column":42}}},"42":{"name":"_callee7","line":580,"loc":{"start":{"line":580,"column":79},"end":{"line":580,"column":106}}},"43":{"name":"_callee7$","line":582,"loc":{"start":{"line":582,"column":46},"end":{"line":582,"column":76}}},"44":{"name":"select","line":601,"loc":{"start":{"line":601,"column":8},"end":{"line":601,"column":29}}},"45":{"name":"(anonymous_45)","line":614,"loc":{"start":{"line":614,"column":29},"end":{"line":614,"column":41}}},"46":{"name":"_callee8","line":615,"loc":{"start":{"line":615,"column":79},"end":{"line":615,"column":106}}},"47":{"name":"_callee8$","line":617,"loc":{"start":{"line":617,"column":46},"end":{"line":617,"column":76}}},"48":{"name":"count","line":636,"loc":{"start":{"line":636,"column":8},"end":{"line":636,"column":28}}},"49":{"name":"(anonymous_49)","line":649,"loc":{"start":{"line":649,"column":27},"end":{"line":649,"column":39}}},"50":{"name":"_callee9","line":650,"loc":{"start":{"line":650,"column":79},"end":{"line":650,"column":113}}},"51":{"name":"_callee9$","line":652,"loc":{"start":{"line":652,"column":46},"end":{"line":652,"column":76}}},"52":{"name":"sum","line":685,"loc":{"start":{"line":685,"column":8},"end":{"line":685,"column":33}}},"53":{"name":"(anonymous_53)","line":698,"loc":{"start":{"line":698,"column":27},"end":{"line":698,"column":39}}},"54":{"name":"_callee10","line":699,"loc":{"start":{"line":699,"column":79},"end":{"line":699,"column":114}}},"55":{"name":"_callee10$","line":701,"loc":{"start":{"line":701,"column":46},"end":{"line":701,"column":78}}},"56":{"name":"avg","line":734,"loc":{"start":{"line":734,"column":8},"end":{"line":734,"column":33}}},"57":{"name":"(anonymous_57)","line":747,"loc":{"start":{"line":747,"column":27},"end":{"line":747,"column":39}}},"58":{"name":"_callee11","line":748,"loc":{"start":{"line":748,"column":80},"end":{"line":748,"column":115}}},"59":{"name":"_callee11$","line":750,"loc":{"start":{"line":750,"column":46},"end":{"line":750,"column":78}}},"60":{"name":"min","line":783,"loc":{"start":{"line":783,"column":8},"end":{"line":783,"column":33}}},"61":{"name":"(anonymous_61)","line":796,"loc":{"start":{"line":796,"column":27},"end":{"line":796,"column":39}}},"62":{"name":"_callee12","line":797,"loc":{"start":{"line":797,"column":80},"end":{"line":797,"column":115}}},"63":{"name":"_callee12$","line":799,"loc":{"start":{"line":799,"column":46},"end":{"line":799,"column":78}}},"64":{"name":"max","line":832,"loc":{"start":{"line":832,"column":8},"end":{"line":832,"column":33}}},"65":{"name":"_parseOptions","line":845,"loc":{"start":{"line":845,"column":37},"end":{"line":845,"column":83}}},"66":{"name":"_checkData","line":867,"loc":{"start":{"line":867,"column":34},"end":{"line":867,"column":60}}},"67":{"name":"_parseData","line":879,"loc":{"start":{"line":879,"column":34},"end":{"line":879,"column":69}}}},"statementMap":{"1":{"start":{"line":3,"column":0},"end":{"line":3,"column":26}},"2":{"start":{"line":5,"column":0},"end":{"line":5,"column":56}},"3":{"start":{"line":7,"column":0},"end":{"line":7,"column":57}},"4":{"start":{"line":9,"column":0},"end":{"line":9,"column":65}},"5":{"start":{"line":11,"column":0},"end":{"line":11,"column":53}},"6":{"start":{"line":13,"column":0},"end":{"line":13,"column":57}},"7":{"start":{"line":15,"column":0},"end":{"line":15,"column":43}},"8":{"start":{"line":17,"column":0},"end":{"line":17,"column":75}},"9":{"start":{"line":19,"column":0},"end":{"line":19,"column":68}},"10":{"start":{"line":21,"column":0},"end":{"line":21,"column":71}},"11":{"start":{"line":23,"column":0},"end":{"line":23,"column":64}},"12":{"start":{"line":25,"column":0},"end":{"line":25,"column":93}},"13":{"start":{"line":27,"column":0},"end":{"line":27,"column":86}},"14":{"start":{"line":29,"column":0},"end":{"line":29,"column":59}},"15":{"start":{"line":31,"column":0},"end":{"line":31,"column":52}},"16":{"start":{"line":33,"column":0},"end":{"line":33,"column":31}},"17":{"start":{"line":35,"column":0},"end":{"line":35,"column":44}},"18":{"start":{"line":37,"column":0},"end":{"line":37,"column":33}},"19":{"start":{"line":39,"column":0},"end":{"line":39,"column":41}},"20":{"start":{"line":41,"column":0},"end":{"line":41,"column":95}},"21":{"start":{"line":41,"column":39},"end":{"line":41,"column":93}},"22":{"start":{"line":50,"column":0},"end":{"line":82,"column":2}},"23":{"start":{"line":51,"column":4},"end":{"line":80,"column":5}},"24":{"start":{"line":52,"column":8},"end":{"line":55,"column":9}},"25":{"start":{"line":53,"column":12},"end":{"line":53,"column":32}},"26":{"start":{"line":54,"column":12},"end":{"line":54,"column":21}},"27":{"start":{"line":56,"column":8},"end":{"line":79,"column":9}},"28":{"start":{"line":59,"column":16},"end":{"line":59,"column":72}},"29":{"start":{"line":60,"column":16},"end":{"line":60,"column":22}},"30":{"start":{"line":63,"column":16},"end":{"line":63,"column":72}},"31":{"start":{"line":64,"column":16},"end":{"line":64,"column":22}},"32":{"start":{"line":67,"column":16},"end":{"line":67,"column":46}},"33":{"start":{"line":68,"column":16},"end":{"line":68,"column":22}},"34":{"start":{"line":71,"column":16},"end":{"line":71,"column":70}},"35":{"start":{"line":72,"column":16},"end":{"line":72,"column":22}},"36":{"start":{"line":75,"column":16},"end":{"line":75,"column":85}},"37":{"start":{"line":76,"column":16},"end":{"line":76,"column":22}},"38":{"start":{"line":78,"column":16},"end":{"line":78,"column":22}},"39":{"start":{"line":81,"column":4},"end":{"line":81,"column":19}},"40":{"start":{"line":84,"column":0},"end":{"line":882,"column":18}},"41":{"start":{"line":85,"column":4},"end":{"line":85,"column":43}},"42":{"start":{"line":87,"column":4},"end":{"line":90,"column":5}},"43":{"start":{"line":88,"column":8},"end":{"line":88,"column":52}},"44":{"start":{"line":89,"column":8},"end":{"line":89,"column":92}},"45":{"start":{"line":92,"column":4},"end":{"line":98,"column":6}},"46":{"start":{"line":93,"column":8},"end":{"line":93,"column":29}},"47":{"start":{"line":94,"column":8},"end":{"line":94,"column":28}},"48":{"start":{"line":95,"column":8},"end":{"line":95,"column":27}},"49":{"start":{"line":97,"column":8},"end":{"line":97,"column":25}},"50":{"start":{"line":105,"column":4},"end":{"line":249,"column":8}},"51":{"start":{"line":106,"column":8},"end":{"line":242,"column":12}},"52":{"start":{"line":107,"column":12},"end":{"line":107,"column":30}},"53":{"start":{"line":109,"column":12},"end":{"line":109,"column":89}},"54":{"start":{"line":111,"column":12},"end":{"line":241,"column":31}},"55":{"start":{"line":112,"column":16},"end":{"line":240,"column":17}},"56":{"start":{"line":113,"column":20},"end":{"line":239,"column":21}},"57":{"start":{"line":115,"column":28},"end":{"line":118,"column":29}},"58":{"start":{"line":116,"column":32},"end":{"line":116,"column":52}},"59":{"start":{"line":117,"column":32},"end":{"line":117,"column":38}},"60":{"start":{"line":120,"column":28},"end":{"line":120,"column":47}},"61":{"start":{"line":121,"column":28},"end":{"line":121,"column":77}},"62":{"start":{"line":124,"column":28},"end":{"line":124,"column":53}},"63":{"start":{"line":125,"column":28},"end":{"line":125,"column":75}},"64":{"start":{"line":127,"column":28},"end":{"line":132,"column":29}},"65":{"start":{"line":128,"column":32},"end":{"line":128,"column":77}},"66":{"start":{"line":129,"column":32},"end":{"line":129,"column":67}},"67":{"start":{"line":131,"column":32},"end":{"line":131,"column":83}},"68":{"start":{"line":135,"column":28},"end":{"line":135,"column":84}},"69":{"start":{"line":138,"column":28},"end":{"line":144,"column":30}},"70":{"start":{"line":146,"column":28},"end":{"line":149,"column":29}},"71":{"start":{"line":147,"column":32},"end":{"line":147,"column":52}},"72":{"start":{"line":148,"column":32},"end":{"line":148,"column":38}},"73":{"start":{"line":151,"column":28},"end":{"line":151,"column":48}},"74":{"start":{"line":152,"column":28},"end":{"line":152,"column":84}},"75":{"start":{"line":155,"column":28},"end":{"line":158,"column":29}},"76":{"start":{"line":156,"column":32},"end":{"line":156,"column":52}},"77":{"start":{"line":157,"column":32},"end":{"line":157,"column":38}},"78":{"start":{"line":160,"column":28},"end":{"line":226,"column":44}},"79":{"start":{"line":161,"column":32},"end":{"line":161,"column":78}},"80":{"start":{"line":162,"column":32},"end":{"line":225,"column":52}},"81":{"start":{"line":163,"column":36},"end":{"line":224,"column":37}},"82":{"start":{"line":164,"column":40},"end":{"line":223,"column":41}},"83":{"start":{"line":166,"column":48},"end":{"line":166,"column":66}},"84":{"start":{"line":167,"column":48},"end":{"line":167,"column":110}},"85":{"start":{"line":170,"column":48},"end":{"line":170,"column":74}},"86":{"start":{"line":175,"column":48},"end":{"line":190,"column":50}},"87":{"start":{"line":176,"column":52},"end":{"line":188,"column":53}},"88":{"start":{"line":177,"column":56},"end":{"line":187,"column":57}},"89":{"start":{"line":178,"column":60},"end":{"line":186,"column":61}},"90":{"start":{"line":179,"column":64},"end":{"line":179,"column":97}},"91":{"start":{"line":181,"column":64},"end":{"line":185,"column":65}},"92":{"start":{"line":184,"column":68},"end":{"line":184,"column":81}},"93":{"start":{"line":189,"column":52},"end":{"line":189,"column":64}},"94":{"start":{"line":192,"column":48},"end":{"line":192,"column":191}},"95":{"start":{"line":194,"column":48},"end":{"line":197,"column":49}},"96":{"start":{"line":195,"column":52},"end":{"line":195,"column":71}},"97":{"start":{"line":196,"column":52},"end":{"line":196,"column":58}},"98":{"start":{"line":200,"column":48},"end":{"line":200,"column":105}},"99":{"start":{"line":201,"column":48},"end":{"line":201,"column":66}},"100":{"start":{"line":202,"column":48},"end":{"line":202,"column":94}},"101":{"start":{"line":205,"column":48},"end":{"line":205,"column":67}},"102":{"start":{"line":206,"column":48},"end":{"line":206,"column":123}},"103":{"start":{"line":209,"column":48},"end":{"line":209,"column":67}},"104":{"start":{"line":210,"column":48},"end":{"line":210,"column":100}},"105":{"start":{"line":213,"column":48},"end":{"line":213,"column":67}},"106":{"start":{"line":214,"column":48},"end":{"line":214,"column":91}},"107":{"start":{"line":217,"column":48},"end":{"line":217,"column":67}},"108":{"start":{"line":218,"column":48},"end":{"line":218,"column":105}},"109":{"start":{"line":222,"column":48},"end":{"line":222,"column":71}},"110":{"start":{"line":229,"column":28},"end":{"line":229,"column":48}},"111":{"start":{"line":230,"column":28},"end":{"line":230,"column":34}},"112":{"start":{"line":233,"column":28},"end":{"line":233,"column":48}},"113":{"start":{"line":234,"column":28},"end":{"line":234,"column":99}},"114":{"start":{"line":238,"column":28},"end":{"line":238,"column":52}},"115":{"start":{"line":244,"column":8},"end":{"line":246,"column":9}},"116":{"start":{"line":245,"column":12},"end":{"line":245,"column":47}},"117":{"start":{"line":248,"column":8},"end":{"line":248,"column":29}},"118":{"start":{"line":257,"column":4},"end":{"line":274,"column":6}},"119":{"start":{"line":258,"column":8},"end":{"line":272,"column":9}},"120":{"start":{"line":259,"column":12},"end":{"line":259,"column":26}},"121":{"start":{"line":260,"column":12},"end":{"line":265,"column":13}},"122":{"start":{"line":261,"column":16},"end":{"line":263,"column":17}},"123":{"start":{"line":262,"column":20},"end":{"line":262,"column":56}},"124":{"start":{"line":264,"column":16},"end":{"line":264,"column":37}},"125":{"start":{"line":266,"column":12},"end":{"line":266,"column":69}},"126":{"start":{"line":268,"column":12},"end":{"line":270,"column":13}},"127":{"start":{"line":269,"column":16},"end":{"line":269,"column":81}},"128":{"start":{"line":271,"column":12},"end":{"line":271,"column":35}},"129":{"start":{"line":273,"column":8},"end":{"line":273,"column":48}},"130":{"start":{"line":276,"column":4},"end":{"line":278,"column":6}},"131":{"start":{"line":277,"column":8},"end":{"line":277,"column":21}},"132":{"start":{"line":285,"column":4},"end":{"line":290,"column":6}},"133":{"start":{"line":286,"column":8},"end":{"line":286,"column":48}},"134":{"start":{"line":286,"column":27},"end":{"line":286,"column":48}},"135":{"start":{"line":287,"column":8},"end":{"line":287,"column":65}},"136":{"start":{"line":288,"column":8},"end":{"line":288,"column":49}},"137":{"start":{"line":289,"column":8},"end":{"line":289,"column":29}},"138":{"start":{"line":292,"column":4},"end":{"line":295,"column":6}},"139":{"start":{"line":293,"column":8},"end":{"line":293,"column":37}},"140":{"start":{"line":294,"column":8},"end":{"line":294,"column":20}},"141":{"start":{"line":297,"column":4},"end":{"line":300,"column":6}},"142":{"start":{"line":298,"column":8},"end":{"line":298,"column":35}},"143":{"start":{"line":299,"column":8},"end":{"line":299,"column":20}},"144":{"start":{"line":308,"column":4},"end":{"line":311,"column":6}},"145":{"start":{"line":309,"column":8},"end":{"line":309,"column":83}},"146":{"start":{"line":309,"column":44},"end":{"line":309,"column":83}},"147":{"start":{"line":310,"column":8},"end":{"line":310,"column":20}},"148":{"start":{"line":319,"column":4},"end":{"line":322,"column":6}},"149":{"start":{"line":320,"column":8},"end":{"line":320,"column":40}},"150":{"start":{"line":321,"column":8},"end":{"line":321,"column":20}},"151":{"start":{"line":330,"column":4},"end":{"line":333,"column":6}},"152":{"start":{"line":331,"column":8},"end":{"line":331,"column":38}},"153":{"start":{"line":332,"column":8},"end":{"line":332,"column":20}},"154":{"start":{"line":341,"column":4},"end":{"line":344,"column":6}},"155":{"start":{"line":342,"column":8},"end":{"line":342,"column":36}},"156":{"start":{"line":343,"column":8},"end":{"line":343,"column":20}},"157":{"start":{"line":362,"column":4},"end":{"line":371,"column":6}},"158":{"start":{"line":363,"column":8},"end":{"line":365,"column":9}},"159":{"start":{"line":364,"column":12},"end":{"line":364,"column":24}},"160":{"start":{"line":366,"column":8},"end":{"line":368,"column":9}},"161":{"start":{"line":367,"column":12},"end":{"line":367,"column":58}},"162":{"start":{"line":369,"column":8},"end":{"line":369,"column":39}},"163":{"start":{"line":370,"column":8},"end":{"line":370,"column":20}},"164":{"start":{"line":380,"column":4},"end":{"line":395,"column":6}},"165":{"start":{"line":381,"column":8},"end":{"line":383,"column":9}},"166":{"start":{"line":382,"column":12},"end":{"line":382,"column":24}},"167":{"start":{"line":385,"column":8},"end":{"line":387,"column":9}},"168":{"start":{"line":386,"column":12},"end":{"line":386,"column":51}},"169":{"start":{"line":389,"column":8},"end":{"line":389,"column":52}},"170":{"start":{"line":390,"column":8},"end":{"line":392,"column":9}},"171":{"start":{"line":391,"column":12},"end":{"line":391,"column":56}},"172":{"start":{"line":393,"column":8},"end":{"line":393,"column":48}},"173":{"start":{"line":394,"column":8},"end":{"line":394,"column":20}},"174":{"start":{"line":403,"column":4},"end":{"line":407,"column":6}},"175":{"start":{"line":404,"column":8},"end":{"line":404,"column":46}},"176":{"start":{"line":404,"column":34},"end":{"line":404,"column":46}},"177":{"start":{"line":405,"column":8},"end":{"line":405,"column":38}},"178":{"start":{"line":406,"column":8},"end":{"line":406,"column":20}},"179":{"start":{"line":415,"column":4},"end":{"line":446,"column":8}},"180":{"start":{"line":416,"column":8},"end":{"line":439,"column":12}},"181":{"start":{"line":417,"column":12},"end":{"line":417,"column":38}},"182":{"start":{"line":419,"column":12},"end":{"line":438,"column":31}},"183":{"start":{"line":420,"column":16},"end":{"line":437,"column":17}},"184":{"start":{"line":421,"column":20},"end":{"line":436,"column":21}},"185":{"start":{"line":423,"column":28},"end":{"line":423,"column":47}},"186":{"start":{"line":424,"column":28},"end":{"line":424,"column":63}},"187":{"start":{"line":427,"column":28},"end":{"line":427,"column":59}},"188":{"start":{"line":428,"column":28},"end":{"line":428,"column":68}},"189":{"start":{"line":431,"column":28},"end":{"line":431,"column":105}},"190":{"start":{"line":435,"column":28},"end":{"line":435,"column":52}},"191":{"start":{"line":441,"column":8},"end":{"line":443,"column":9}},"192":{"start":{"line":442,"column":12},"end":{"line":442,"column":48}},"193":{"start":{"line":445,"column":8},"end":{"line":445,"column":19}},"194":{"start":{"line":455,"column":4},"end":{"line":484,"column":8}},"195":{"start":{"line":456,"column":8},"end":{"line":477,"column":12}},"196":{"start":{"line":457,"column":12},"end":{"line":457,"column":30}},"197":{"start":{"line":458,"column":12},"end":{"line":476,"column":31}},"198":{"start":{"line":459,"column":16},"end":{"line":475,"column":17}},"199":{"start":{"line":460,"column":20},"end":{"line":474,"column":21}},"200":{"start":{"line":462,"column":28},"end":{"line":462,"column":47}},"201":{"start":{"line":463,"column":28},"end":{"line":463,"column":63}},"202":{"start":{"line":466,"column":28},"end":{"line":466,"column":59}},"203":{"start":{"line":468,"column":28},"end":{"line":468,"column":73}},"204":{"start":{"line":469,"column":28},"end":{"line":469,"column":113}},"205":{"start":{"line":473,"column":28},"end":{"line":473,"column":52}},"206":{"start":{"line":479,"column":8},"end":{"line":481,"column":9}},"207":{"start":{"line":480,"column":12},"end":{"line":480,"column":48}},"208":{"start":{"line":483,"column":8},"end":{"line":483,"column":22}},"209":{"start":{"line":493,"column":4},"end":{"line":535,"column":8}},"210":{"start":{"line":494,"column":8},"end":{"line":528,"column":12}},"211":{"start":{"line":495,"column":12},"end":{"line":495,"column":37}},"212":{"start":{"line":497,"column":12},"end":{"line":527,"column":31}},"213":{"start":{"line":498,"column":16},"end":{"line":526,"column":17}},"214":{"start":{"line":499,"column":20},"end":{"line":525,"column":21}},"215":{"start":{"line":501,"column":28},"end":{"line":501,"column":47}},"216":{"start":{"line":502,"column":28},"end":{"line":502,"column":63}},"217":{"start":{"line":505,"column":28},"end":{"line":505,"column":58}},"218":{"start":{"line":506,"column":28},"end":{"line":506,"column":68}},"219":{"start":{"line":508,"column":28},"end":{"line":511,"column":29}},"220":{"start":{"line":509,"column":32},"end":{"line":509,"column":51}},"221":{"start":{"line":510,"column":32},"end":{"line":510,"column":38}},"222":{"start":{"line":513,"column":28},"end":{"line":513,"column":88}},"223":{"start":{"line":516,"column":28},"end":{"line":519,"column":29}},"224":{"start":{"line":517,"column":32},"end":{"line":517,"column":60}},"225":{"start":{"line":518,"column":32},"end":{"line":518,"column":49}},"226":{"start":{"line":520,"column":28},"end":{"line":520,"column":107}},"227":{"start":{"line":524,"column":28},"end":{"line":524,"column":52}},"228":{"start":{"line":530,"column":8},"end":{"line":532,"column":9}},"229":{"start":{"line":531,"column":12},"end":{"line":531,"column":48}},"230":{"start":{"line":534,"column":8},"end":{"line":534,"column":22}},"231":{"start":{"line":543,"column":4},"end":{"line":570,"column":8}},"232":{"start":{"line":544,"column":8},"end":{"line":563,"column":12}},"233":{"start":{"line":545,"column":12},"end":{"line":545,"column":30}},"234":{"start":{"line":546,"column":12},"end":{"line":562,"column":31}},"235":{"start":{"line":547,"column":16},"end":{"line":561,"column":17}},"236":{"start":{"line":548,"column":20},"end":{"line":560,"column":21}},"237":{"start":{"line":550,"column":28},"end":{"line":550,"column":47}},"238":{"start":{"line":551,"column":28},"end":{"line":551,"column":63}},"239":{"start":{"line":554,"column":28},"end":{"line":554,"column":59}},"240":{"start":{"line":555,"column":28},"end":{"line":555,"column":98}},"241":{"start":{"line":559,"column":28},"end":{"line":559,"column":52}},"242":{"start":{"line":565,"column":8},"end":{"line":567,"column":9}},"243":{"start":{"line":566,"column":12},"end":{"line":566,"column":48}},"244":{"start":{"line":569,"column":8},"end":{"line":569,"column":20}},"245":{"start":{"line":579,"column":4},"end":{"line":606,"column":8}},"246":{"start":{"line":580,"column":8},"end":{"line":599,"column":12}},"247":{"start":{"line":581,"column":12},"end":{"line":581,"column":30}},"248":{"start":{"line":582,"column":12},"end":{"line":598,"column":31}},"249":{"start":{"line":583,"column":16},"end":{"line":597,"column":17}},"250":{"start":{"line":584,"column":20},"end":{"line":596,"column":21}},"251":{"start":{"line":586,"column":28},"end":{"line":586,"column":47}},"252":{"start":{"line":587,"column":28},"end":{"line":587,"column":63}},"253":{"start":{"line":590,"column":28},"end":{"line":590,"column":59}},"254":{"start":{"line":591,"column":28},"end":{"line":591,"column":100}},"255":{"start":{"line":595,"column":28},"end":{"line":595,"column":52}},"256":{"start":{"line":601,"column":8},"end":{"line":603,"column":9}},"257":{"start":{"line":602,"column":12},"end":{"line":602,"column":48}},"258":{"start":{"line":605,"column":8},"end":{"line":605,"column":22}},"259":{"start":{"line":614,"column":4},"end":{"line":641,"column":8}},"260":{"start":{"line":615,"column":8},"end":{"line":634,"column":12}},"261":{"start":{"line":616,"column":12},"end":{"line":616,"column":30}},"262":{"start":{"line":617,"column":12},"end":{"line":633,"column":31}},"263":{"start":{"line":618,"column":16},"end":{"line":632,"column":17}},"264":{"start":{"line":619,"column":20},"end":{"line":631,"column":21}},"265":{"start":{"line":621,"column":28},"end":{"line":621,"column":47}},"266":{"start":{"line":622,"column":28},"end":{"line":622,"column":63}},"267":{"start":{"line":625,"column":28},"end":{"line":625,"column":59}},"268":{"start":{"line":626,"column":28},"end":{"line":626,"column":99}},"269":{"start":{"line":630,"column":28},"end":{"line":630,"column":52}},"270":{"start":{"line":636,"column":8},"end":{"line":638,"column":9}},"271":{"start":{"line":637,"column":12},"end":{"line":637,"column":48}},"272":{"start":{"line":640,"column":8},"end":{"line":640,"column":21}},"273":{"start":{"line":649,"column":4},"end":{"line":690,"column":8}},"274":{"start":{"line":650,"column":8},"end":{"line":683,"column":12}},"275":{"start":{"line":651,"column":12},"end":{"line":651,"column":35}},"276":{"start":{"line":652,"column":12},"end":{"line":682,"column":31}},"277":{"start":{"line":653,"column":16},"end":{"line":681,"column":17}},"278":{"start":{"line":654,"column":20},"end":{"line":680,"column":21}},"279":{"start":{"line":656,"column":28},"end":{"line":659,"column":29}},"280":{"start":{"line":657,"column":32},"end":{"line":657,"column":51}},"281":{"start":{"line":658,"column":32},"end":{"line":658,"column":38}},"282":{"start":{"line":661,"column":28},"end":{"line":661,"column":92}},"283":{"start":{"line":664,"column":28},"end":{"line":664,"column":74}},"284":{"start":{"line":665,"column":28},"end":{"line":665,"column":47}},"285":{"start":{"line":666,"column":28},"end":{"line":666,"column":63}},"286":{"start":{"line":669,"column":28},"end":{"line":669,"column":59}},"287":{"start":{"line":670,"column":28},"end":{"line":670,"column":47}},"288":{"start":{"line":671,"column":28},"end":{"line":671,"column":71}},"289":{"start":{"line":674,"column":28},"end":{"line":674,"column":49}},"290":{"start":{"line":675,"column":28},"end":{"line":675,"column":90}},"291":{"start":{"line":679,"column":28},"end":{"line":679,"column":52}},"292":{"start":{"line":685,"column":8},"end":{"line":687,"column":9}},"293":{"start":{"line":686,"column":12},"end":{"line":686,"column":48}},"294":{"start":{"line":689,"column":8},"end":{"line":689,"column":19}},"295":{"start":{"line":698,"column":4},"end":{"line":739,"column":8}},"296":{"start":{"line":699,"column":8},"end":{"line":732,"column":12}},"297":{"start":{"line":700,"column":12},"end":{"line":700,"column":35}},"298":{"start":{"line":701,"column":12},"end":{"line":731,"column":32}},"299":{"start":{"line":702,"column":16},"end":{"line":730,"column":17}},"300":{"start":{"line":703,"column":20},"end":{"line":729,"column":21}},"301":{"start":{"line":705,"column":28},"end":{"line":708,"column":29}},"302":{"start":{"line":706,"column":32},"end":{"line":706,"column":52}},"303":{"start":{"line":707,"column":32},"end":{"line":707,"column":38}},"304":{"start":{"line":710,"column":28},"end":{"line":710,"column":93}},"305":{"start":{"line":713,"column":28},"end":{"line":713,"column":74}},"306":{"start":{"line":714,"column":28},"end":{"line":714,"column":48}},"307":{"start":{"line":715,"column":28},"end":{"line":715,"column":63}},"308":{"start":{"line":718,"column":28},"end":{"line":718,"column":60}},"309":{"start":{"line":719,"column":28},"end":{"line":719,"column":48}},"310":{"start":{"line":720,"column":28},"end":{"line":720,"column":71}},"311":{"start":{"line":723,"column":28},"end":{"line":723,"column":50}},"312":{"start":{"line":724,"column":28},"end":{"line":724,"column":91}},"313":{"start":{"line":728,"column":28},"end":{"line":728,"column":53}},"314":{"start":{"line":734,"column":8},"end":{"line":736,"column":9}},"315":{"start":{"line":735,"column":12},"end":{"line":735,"column":48}},"316":{"start":{"line":738,"column":8},"end":{"line":738,"column":19}},"317":{"start":{"line":747,"column":4},"end":{"line":788,"column":8}},"318":{"start":{"line":748,"column":8},"end":{"line":781,"column":12}},"319":{"start":{"line":749,"column":12},"end":{"line":749,"column":35}},"320":{"start":{"line":750,"column":12},"end":{"line":780,"column":32}},"321":{"start":{"line":751,"column":16},"end":{"line":779,"column":17}},"322":{"start":{"line":752,"column":20},"end":{"line":778,"column":21}},"323":{"start":{"line":754,"column":28},"end":{"line":757,"column":29}},"324":{"start":{"line":755,"column":32},"end":{"line":755,"column":52}},"325":{"start":{"line":756,"column":32},"end":{"line":756,"column":38}},"326":{"start":{"line":759,"column":28},"end":{"line":759,"column":93}},"327":{"start":{"line":762,"column":28},"end":{"line":762,"column":74}},"328":{"start":{"line":763,"column":28},"end":{"line":763,"column":48}},"329":{"start":{"line":764,"column":28},"end":{"line":764,"column":63}},"330":{"start":{"line":767,"column":28},"end":{"line":767,"column":60}},"331":{"start":{"line":768,"column":28},"end":{"line":768,"column":48}},"332":{"start":{"line":769,"column":28},"end":{"line":769,"column":71}},"333":{"start":{"line":772,"column":28},"end":{"line":772,"column":50}},"334":{"start":{"line":773,"column":28},"end":{"line":773,"column":91}},"335":{"start":{"line":777,"column":28},"end":{"line":777,"column":53}},"336":{"start":{"line":783,"column":8},"end":{"line":785,"column":9}},"337":{"start":{"line":784,"column":12},"end":{"line":784,"column":49}},"338":{"start":{"line":787,"column":8},"end":{"line":787,"column":19}},"339":{"start":{"line":796,"column":4},"end":{"line":837,"column":8}},"340":{"start":{"line":797,"column":8},"end":{"line":830,"column":12}},"341":{"start":{"line":798,"column":12},"end":{"line":798,"column":35}},"342":{"start":{"line":799,"column":12},"end":{"line":829,"column":32}},"343":{"start":{"line":800,"column":16},"end":{"line":828,"column":17}},"344":{"start":{"line":801,"column":20},"end":{"line":827,"column":21}},"345":{"start":{"line":803,"column":28},"end":{"line":806,"column":29}},"346":{"start":{"line":804,"column":32},"end":{"line":804,"column":52}},"347":{"start":{"line":805,"column":32},"end":{"line":805,"column":38}},"348":{"start":{"line":808,"column":28},"end":{"line":808,"column":93}},"349":{"start":{"line":811,"column":28},"end":{"line":811,"column":74}},"350":{"start":{"line":812,"column":28},"end":{"line":812,"column":48}},"351":{"start":{"line":813,"column":28},"end":{"line":813,"column":63}},"352":{"start":{"line":816,"column":28},"end":{"line":816,"column":60}},"353":{"start":{"line":817,"column":28},"end":{"line":817,"column":48}},"354":{"start":{"line":818,"column":28},"end":{"line":818,"column":71}},"355":{"start":{"line":821,"column":28},"end":{"line":821,"column":50}},"356":{"start":{"line":822,"column":28},"end":{"line":822,"column":91}},"357":{"start":{"line":826,"column":28},"end":{"line":826,"column":53}},"358":{"start":{"line":832,"column":8},"end":{"line":834,"column":9}},"359":{"start":{"line":833,"column":12},"end":{"line":833,"column":49}},"360":{"start":{"line":836,"column":8},"end":{"line":836,"column":19}},"361":{"start":{"line":845,"column":4},"end":{"line":858,"column":6}},"362":{"start":{"line":846,"column":8},"end":{"line":846,"column":29}},"363":{"start":{"line":847,"column":8},"end":{"line":851,"column":9}},"364":{"start":{"line":848,"column":12},"end":{"line":848,"column":63}},"365":{"start":{"line":850,"column":12},"end":{"line":850,"column":86}},"366":{"start":{"line":853,"column":8},"end":{"line":853,"column":28}},"367":{"start":{"line":854,"column":8},"end":{"line":854,"column":35}},"368":{"start":{"line":855,"column":8},"end":{"line":855,"column":33}},"369":{"start":{"line":857,"column":8},"end":{"line":857,"column":23}},"370":{"start":{"line":867,"column":4},"end":{"line":877,"column":5}},"371":{"start":{"line":879,"column":4},"end":{"line":879,"column":72}},"372":{"start":{"line":881,"column":4},"end":{"line":881,"column":18}},"373":{"start":{"line":884,"column":0},"end":{"line":884,"column":25}}},"branchMap":{"1":{"line":41,"type":"cond-expr","locations":[{"start":{"line":41,"column":70},"end":{"line":41,"column":73}},{"start":{"line":41,"column":76},"end":{"line":41,"column":92}}]},"2":{"line":41,"type":"binary-expr","locations":[{"start":{"line":41,"column":46},"end":{"line":41,"column":49}},{"start":{"line":41,"column":53},"end":{"line":41,"column":67}}]},"3":{"line":52,"type":"if","locations":[{"start":{"line":52,"column":8},"end":{"line":52,"column":8}},{"start":{"line":52,"column":8},"end":{"line":52,"column":8}}]},"4":{"line":52,"type":"binary-expr","locations":[{"start":{"line":52,"column":12},"end":{"line":52,"column":48}},{"start":{"line":52,"column":52},"end":{"line":52,"column":92}}]},"5":{"line":56,"type":"switch","locations":[{"start":{"line":57,"column":12},"end":{"line":60,"column":22}},{"start":{"line":61,"column":12},"end":{"line":64,"column":22}},{"start":{"line":65,"column":12},"end":{"line":68,"column":22}},{"start":{"line":69,"column":12},"end":{"line":72,"column":22}},{"start":{"line":73,"column":12},"end":{"line":76,"column":22}},{"start":{"line":77,"column":12},"end":{"line":78,"column":22}}]},"6":{"line":75,"type":"binary-expr","locations":[{"start":{"line":75,"column":16},"end":{"line":75,"column":40}},{"start":{"line":75,"column":45},"end":{"line":75,"column":83}}]},"7":{"line":113,"type":"switch","locations":[{"start":{"line":114,"column":24},"end":{"line":121,"column":77}},{"start":{"line":123,"column":24},"end":{"line":152,"column":84}},{"start":{"line":154,"column":24},"end":{"line":226,"column":44}},{"start":{"line":228,"column":24},"end":{"line":230,"column":34}},{"start":{"line":232,"column":24},"end":{"line":234,"column":99}},{"start":{"line":236,"column":24},"end":{"line":236,"column":32}},{"start":{"line":237,"column":24},"end":{"line":238,"column":52}}]},"8":{"line":115,"type":"if","locations":[{"start":{"line":115,"column":28},"end":{"line":115,"column":28}},{"start":{"line":115,"column":28},"end":{"line":115,"column":28}}]},"9":{"line":115,"type":"binary-expr","locations":[{"start":{"line":115,"column":34},"end":{"line":115,"column":77}},{"start":{"line":115,"column":81},"end":{"line":115,"column":135}}]},"10":{"line":127,"type":"if","locations":[{"start":{"line":127,"column":28},"end":{"line":127,"column":28}},{"start":{"line":127,"column":28},"end":{"line":127,"column":28}}]},"11":{"line":138,"type":"cond-expr","locations":[{"start":{"line":138,"column":76},"end":{"line":141,"column":53}},{"start":{"line":141,"column":56},"end":{"line":144,"column":29}}]},"12":{"line":146,"type":"if","locations":[{"start":{"line":146,"column":28},"end":{"line":146,"column":28}},{"start":{"line":146,"column":28},"end":{"line":146,"column":28}}]},"13":{"line":155,"type":"if","locations":[{"start":{"line":155,"column":28},"end":{"line":155,"column":28}},{"start":{"line":155,"column":28},"end":{"line":155,"column":28}}]},"14":{"line":164,"type":"switch","locations":[{"start":{"line":165,"column":44},"end":{"line":167,"column":110}},{"start":{"line":169,"column":44},"end":{"line":202,"column":94}},{"start":{"line":204,"column":44},"end":{"line":206,"column":123}},{"start":{"line":208,"column":44},"end":{"line":210,"column":100}},{"start":{"line":212,"column":44},"end":{"line":214,"column":91}},{"start":{"line":216,"column":44},"end":{"line":218,"column":105}},{"start":{"line":220,"column":44},"end":{"line":220,"column":52}},{"start":{"line":221,"column":44},"end":{"line":222,"column":71}}]},"15":{"line":177,"type":"if","locations":[{"start":{"line":177,"column":56},"end":{"line":177,"column":56}},{"start":{"line":177,"column":56},"end":{"line":177,"column":56}}]},"16":{"line":178,"type":"if","locations":[{"start":{"line":178,"column":60},"end":{"line":178,"column":60}},{"start":{"line":178,"column":60},"end":{"line":178,"column":60}}]},"17":{"line":181,"type":"if","locations":[{"start":{"line":181,"column":64},"end":{"line":181,"column":64}},{"start":{"line":181,"column":64},"end":{"line":181,"column":64}}]},"18":{"line":192,"type":"cond-expr","locations":[{"start":{"line":192,"column":108},"end":{"line":192,"column":175}},{"start":{"line":192,"column":178},"end":{"line":192,"column":190}}]},"19":{"line":194,"type":"if","locations":[{"start":{"line":194,"column":48},"end":{"line":194,"column":48}},{"start":{"line":194,"column":48},"end":{"line":194,"column":48}}]},"20":{"line":258,"type":"if","locations":[{"start":{"line":258,"column":8},"end":{"line":258,"column":8}},{"start":{"line":258,"column":8},"end":{"line":258,"column":8}}]},"21":{"line":260,"type":"if","locations":[{"start":{"line":260,"column":12},"end":{"line":260,"column":12}},{"start":{"line":260,"column":12},"end":{"line":260,"column":12}}]},"22":{"line":261,"type":"if","locations":[{"start":{"line":261,"column":16},"end":{"line":261,"column":16}},{"start":{"line":261,"column":16},"end":{"line":261,"column":16}}]},"23":{"line":266,"type":"cond-expr","locations":[{"start":{"line":266,"column":38},"end":{"line":266,"column":63}},{"start":{"line":266,"column":66},"end":{"line":266,"column":68}}]},"24":{"line":268,"type":"if","locations":[{"start":{"line":268,"column":12},"end":{"line":268,"column":12}},{"start":{"line":268,"column":12},"end":{"line":268,"column":12}}]},"25":{"line":268,"type":"binary-expr","locations":[{"start":{"line":268,"column":16},"end":{"line":268,"column":41}},{"start":{"line":268,"column":45},"end":{"line":268,"column":70}}]},"26":{"line":269,"type":"binary-expr","locations":[{"start":{"line":269,"column":16},"end":{"line":269,"column":30}},{"start":{"line":269,"column":34},"end":{"line":269,"column":54}},{"start":{"line":269,"column":58},"end":{"line":269,"column":80}}]},"27":{"line":286,"type":"if","locations":[{"start":{"line":286,"column":8},"end":{"line":286,"column":8}},{"start":{"line":286,"column":8},"end":{"line":286,"column":8}}]},"28":{"line":309,"type":"if","locations":[{"start":{"line":309,"column":8},"end":{"line":309,"column":8}},{"start":{"line":309,"column":8},"end":{"line":309,"column":8}}]},"29":{"line":363,"type":"if","locations":[{"start":{"line":363,"column":8},"end":{"line":363,"column":8}},{"start":{"line":363,"column":8},"end":{"line":363,"column":8}}]},"30":{"line":366,"type":"if","locations":[{"start":{"line":366,"column":8},"end":{"line":366,"column":8}},{"start":{"line":366,"column":8},"end":{"line":366,"column":8}}]},"31":{"line":381,"type":"if","locations":[{"start":{"line":381,"column":8},"end":{"line":381,"column":8}},{"start":{"line":381,"column":8},"end":{"line":381,"column":8}}]},"32":{"line":385,"type":"if","locations":[{"start":{"line":385,"column":8},"end":{"line":385,"column":8}},{"start":{"line":385,"column":8},"end":{"line":385,"column":8}}]},"33":{"line":389,"type":"binary-expr","locations":[{"start":{"line":389,"column":26},"end":{"line":389,"column":42}},{"start":{"line":389,"column":46},"end":{"line":389,"column":47}}]},"34":{"line":390,"type":"if","locations":[{"start":{"line":390,"column":8},"end":{"line":390,"column":8}},{"start":{"line":390,"column":8},"end":{"line":390,"column":8}}]},"35":{"line":391,"type":"binary-expr","locations":[{"start":{"line":391,"column":30},"end":{"line":391,"column":46}},{"start":{"line":391,"column":50},"end":{"line":391,"column":51}}]},"36":{"line":404,"type":"if","locations":[{"start":{"line":404,"column":8},"end":{"line":404,"column":8}},{"start":{"line":404,"column":8},"end":{"line":404,"column":8}}]},"37":{"line":421,"type":"switch","locations":[{"start":{"line":422,"column":24},"end":{"line":424,"column":63}},{"start":{"line":426,"column":24},"end":{"line":431,"column":105}},{"start":{"line":433,"column":24},"end":{"line":433,"column":31}},{"start":{"line":434,"column":24},"end":{"line":435,"column":52}}]},"38":{"line":460,"type":"switch","locations":[{"start":{"line":461,"column":24},"end":{"line":463,"column":63}},{"start":{"line":465,"column":24},"end":{"line":469,"column":113}},{"start":{"line":471,"column":24},"end":{"line":471,"column":31}},{"start":{"line":472,"column":24},"end":{"line":473,"column":52}}]},"39":{"line":499,"type":"switch","locations":[{"start":{"line":500,"column":24},"end":{"line":502,"column":63}},{"start":{"line":504,"
[...]
93,"column":8},"end":{"line":193,"column":27}},"101":{"start":{"line":196,"column":4},"end":{"line":198,"column":6}},"102":{"start":{"line":197,"column":8},"end":{"line":197,"column":30}},"103":{"start":{"line":205,"column":4},"end":{"line":210,"column":6}},"104":{"start":{"line":206,"column":8},"end":{"line":209,"column":9}},"105":{"start":{"line":207,"column":12},"end":{"line":207,"column":32}},"106":{"start":{"line":208,"column":12},"end":{"line":208,"column":31}},"107":{"start":{"line":212,"column":4},"end":{"line":219,"column":6}},"108":{"start":{"line":213,"column":8},"end":{"line":218,"column":11}},"109":{"start":{"line":214,"column":12},"end":{"line":214,"column":31}},"110":{"start":{"line":217,"column":12},"end":{"line":217,"column":23}},"111":{"start":{"line":221,"column":4},"end":{"line":234,"column":6}},"112":{"start":{"line":222,"column":8},"end":{"line":222,"column":26}},"113":{"start":{"line":224,"column":8},"end":{"line":224,"column":112}},"114":{"start":{"line":226,"column":8},"end":{"line":226,"column":46}},"115":{"start":{"line":227,"column":8},"end":{"line":227,"column":61}},"116":{"start":{"line":228,"column":8},"end":{"line":233,"column":11}},"117":{"start":{"line":229,"column":12},"end":{"line":229,"column":48}},"118":{"start":{"line":232,"column":12},"end":{"line":232,"column":24}},"119":{"start":{"line":236,"column":4},"end":{"line":251,"column":6}},"120":{"start":{"line":237,"column":8},"end":{"line":237,"column":26}},"121":{"start":{"line":239,"column":8},"end":{"line":239,"column":98}},"122":{"start":{"line":241,"column":8},"end":{"line":241,"column":34}},"123":{"start":{"line":242,"column":8},"end":{"line":250,"column":11}},"124":{"start":{"line":243,"column":12},"end":{"line":243,"column":41}},"125":{"start":{"line":244,"column":12},"end":{"line":244,"column":49}},"126":{"start":{"line":247,"column":12},"end":{"line":247,"column":24}},"127":{"start":{"line":249,"column":12},"end":{"line":249,"column":29}},"128":{"start":{"line":259,"column":4},"end":{"line":263,"column":6}},"129":{"start":{"line":260,"column":8},"end":{"line":262,"column":11}},"130":{"start":{"line":261,"column":12},"end":{"line":261,"column":57}},"131":{"start":{"line":271,"column":4},"end":{"line":275,"column":6}},"132":{"start":{"line":272,"column":8},"end":{"line":274,"column":11}},"133":{"start":{"line":273,"column":12},"end":{"line":273,"column":57}},"134":{"start":{"line":284,"column":4},"end":{"line":297,"column":6}},"135":{"start":{"line":285,"column":8},"end":{"line":296,"column":11}},"136":{"start":{"line":286,"column":12},"end":{"line":295,"column":15}},"137":{"start":{"line":306,"column":4},"end":{"line":310,"column":6}},"138":{"start":{"line":307,"column":8},"end":{"line":309,"column":11}},"139":{"start":{"line":308,"column":12},"end":{"line":308,"column":72}},"140":{"start":{"line":312,"column":4},"end":{"line":322,"column":6}},"141":{"start":{"line":313,"column":8},"end":{"line":321,"column":11}},"142":{"start":{"line":314,"column":12},"end":{"line":320,"column":15}},"143":{"start":{"line":331,"column":4},"end":{"line":339,"column":6}},"144":{"start":{"line":332,"column":8},"end":{"line":338,"column":11}},"145":{"start":{"line":333,"column":12},"end":{"line":337,"column":15}},"146":{"start":{"line":347,"column":4},"end":{"line":358,"column":6}},"147":{"start":{"line":348,"column":8},"end":{"line":357,"column":11}},"148":{"start":{"line":349,"column":12},"end":{"line":349,"column":22}},"149":{"start":{"line":351,"column":12},"end":{"line":355,"column":14}},"150":{"start":{"line":356,"column":12},"end":{"line":356,"column":50}},"151":{"start":{"line":367,"column":4},"end":{"line":374,"column":6}},"152":{"start":{"line":368,"column":8},"end":{"line":373,"column":11}},"153":{"start":{"line":369,"column":12},"end":{"line":372,"column":15}},"154":{"start":{"line":384,"column":4},"end":{"line":387,"column":6}},"155":{"start":{"line":385,"column":8},"end":{"line":385,"column":48}},"156":{"start":{"line":386,"column":8},"end":{"line":386,"column":34}},"157":{"start":{"line":396,"column":4},"end":{"line":410,"column":6}},"158":{"start":{"line":397,"column":8},"end":{"line":397,"column":22}},"159":{"start":{"line":398,"column":8},"end":{"line":403,"column":10}},"160":{"start":{"line":399,"column":12},"end":{"line":401,"column":13}},"161":{"start":{"line":400,"column":16},"end":{"line":400,"column":104}},"162":{"start":{"line":402,"column":12},"end":{"line":402,"column":77}},"163":{"start":{"line":404,"column":8},"end":{"line":407,"column":11}},"164":{"start":{"line":405,"column":12},"end":{"line":405,"column":41}},"165":{"start":{"line":406,"column":12},"end":{"line":406,"column":28}},"166":{"start":{"line":409,"column":8},"end":{"line":409,"column":42}},"167":{"start":{"line":419,"column":4},"end":{"line":431,"column":6}},"168":{"start":{"line":421,"column":8},"end":{"line":421,"column":51}},"169":{"start":{"line":430,"column":8},"end":{"line":430,"column":53}},"170":{"start":{"line":439,"column":4},"end":{"line":442,"column":6}},"171":{"start":{"line":440,"column":8},"end":{"line":440,"column":45}},"172":{"start":{"line":441,"column":8},"end":{"line":441,"column":28}},"173":{"start":{"line":450,"column":4},"end":{"line":454,"column":6}},"174":{"start":{"line":451,"column":8},"end":{"line":451,"column":31}},"175":{"start":{"line":452,"column":8},"end":{"line":452,"column":45}},"176":{"start":{"line":453,"column":8},"end":{"line":453,"column":28}},"177":{"start":{"line":462,"column":4},"end":{"line":465,"column":6}},"178":{"start":{"line":463,"column":8},"end":{"line":463,"column":44}},"179":{"start":{"line":464,"column":8},"end":{"line":464,"column":35}},"180":{"start":{"line":474,"column":4},"end":{"line":506,"column":6}},"181":{"start":{"line":475,"column":8},"end":{"line":475,"column":98}},"182":{"start":{"line":476,"column":8},"end":{"line":476,"column":32}},"183":{"start":{"line":478,"column":8},"end":{"line":502,"column":10}},"184":{"start":{"line":503,"column":8},"end":{"line":505,"column":9}},"185":{"start":{"line":504,"column":12},"end":{"line":504,"column":144}},"186":{"start":{"line":504,"column":83},"end":{"line":504,"column":144}},"187":{"start":{"line":514,"column":4},"end":{"line":516,"column":6}},"188":{"start":{"line":515,"column":8},"end":{"line":515,"column":42}},"189":{"start":{"line":524,"column":4},"end":{"line":526,"column":6}},"190":{"start":{"line":525,"column":8},"end":{"line":525,"column":41}},"191":{"start":{"line":535,"column":4},"end":{"line":537,"column":6}},"192":{"start":{"line":536,"column":8},"end":{"line":536,"column":37}},"193":{"start":{"line":545,"column":4},"end":{"line":547,"column":6}},"194":{"start":{"line":546,"column":8},"end":{"line":546,"column":43}},"195":{"start":{"line":555,"column":4},"end":{"line":559,"column":6}},"196":{"start":{"line":556,"column":8},"end":{"line":556,"column":59}},"197":{"start":{"line":556,"column":52},"end":{"line":556,"column":59}},"198":{"start":{"line":557,"column":8},"end":{"line":557,"column":44}},"199":{"start":{"line":558,"column":8},"end":{"line":558,"column":44}},"200":{"start":{"line":567,"column":4},"end":{"line":569,"column":6}},"201":{"start":{"line":568,"column":8},"end":{"line":568,"column":52}},"202":{"start":{"line":577,"column":4},"end":{"line":581,"column":6}},"203":{"start":{"line":578,"column":8},"end":{"line":578,"column":48}},"204":{"start":{"line":579,"column":8},"end":{"line":579,"column":98}},"205":{"start":{"line":580,"column":8},"end":{"line":580,"column":66}},"206":{"start":{"line":589,"column":4},"end":{"line":593,"column":6}},"207":{"start":{"line":590,"column":8},"end":{"line":590,"column":50}},"208":{"start":{"line":591,"column":8},"end":{"line":591,"column":100}},"209":{"start":{"line":592,"column":8},"end":{"line":592,"column":68}},"210":{"start":{"line":595,"column":4},"end":{"line":597,"column":6}},"211":{"start":{"line":596,"column":8},"end":{"line":596,"column":45}},"212":{"start":{"line":605,"column":4},"end":{"line":607,"column":6}},"213":{"start":{"line":606,"column":8},"end":{"line":606,"column":47}},"214":{"start":{"line":609,"column":4},"end":{"line":609,"column":18}},"215":{"start":{"line":612,"column":0},"end":{"line":612,"column":25}}},"branchMap":{"1":{"line":37,"type":"cond-expr","locations":[{"start":{"line":37,"column":70},"end":{"line":37,"column":73}},{"start":{"line":37,"column":76},"end":{"line":37,"column":92}}]},"2":{"line":37,"type":"binary-expr","locations":[{"start":{"line":37,"column":46},"end":{"line":37,"column":49}},{"start":{"line":37,"column":53},"end":{"line":37,"column":67}}]},"3":{"line":47,"type":"cond-expr","locations":[{"start":{"line":47,"column":73},"end":{"line":47,"column":85}},{"start":{"line":47,"column":88},"end":{"line":47,"column":90}}]},"4":{"line":47,"type":"binary-expr","locations":[{"start":{"line":47,"column":20},"end":{"line":47,"column":40}},{"start":{"line":47,"column":44},"end":{"line":47,"column":70}}]},"5":{"line":52,"type":"cond-expr","locations":[{"start":{"line":52,"column":66},"end":{"line":52,"column":78}},{"start":{"line":52,"column":81},"end":{"line":52,"column":87}}]},"6":{"line":52,"type":"binary-expr","locations":[{"start":{"line":52,"column":13},"end":{"line":52,"column":33}},{"start":{"line":52,"column":37},"end":{"line":52,"column":63}}]},"7":{"line":78,"type":"switch","locations":[{"start":{"line":79,"column":12},"end":{"line":100,"column":22}},{"start":{"line":101,"column":12},"end":{"line":123,"column":22}},{"start":{"line":124,"column":12},"end":{"line":127,"column":22}},{"start":{"line":128,"column":12},"end":{"line":131,"column":22}},{"start":{"line":132,"column":12},"end":{"line":135,"column":22}},{"start":{"line":136,"column":12},"end":{"line":139,"column":22}},{"start":{"line":140,"column":12},"end":{"line":143,"column":22}},{"start":{"line":144,"column":12},"end":{"line":144,"column":24}},{"start":{"line":145,"column":12},"end":{"line":154,"column":22}}]},"8":{"line":80,"type":"binary-expr","locations":[{"start":{"line":80,"column":16},"end":{"line":80,"column":32}},{"start":{"line":80,"column":37},"end":{"line":80,"column":58}}]},"9":{"line":84,"type":"if","locations":[{"start":{"line":84,"column":20},"end":{"line":84,"column":20}},{"start":{"line":84,"column":20},"end":{"line":84,"column":20}}]},"10":{"line":85,"type":"if","locations":[{"start":{"line":85,"column":24},"end":{"line":85,"column":24}},{"start":{"line":85,"column":24},"end":{"line":85,"column":24}}]},"11":{"line":89,"type":"if","locations":[{"start":{"line":89,"column":24},"end":{"line":89,"column":24}},{"start":{"line":89,"column":24},"end":{"line":89,"column":24}}]},"12":{"line":102,"type":"binary-expr","locations":[{"start":{"line":102,"column":16},"end":{"line":102,"column":34}},{"start":{"line":102,"column":39},"end":{"line":102,"column":62}}]},"13":{"line":106,"type":"if","locations":[{"start":{"line":106,"column":20},"end":{"line":106,"column":20}},{"start":{"line":106,"column":20},"end":{"line":106,"column":20}}]},"14":{"line":107,"type":"if","locations":[{"start":{"line":107,"column":24},"end":{"line":107,"column":24}},{"start":{"line":107,"column":24},"end":{"line":107,"column":24}}]},"15":{"line":111,"type":"if","locations":[{"start":{"line":111,"column":24},"end":{"line":111,"column":24}},{"start":{"line":111,"column":24},"end":{"line":111,"column":24}}]},"16":{"line":125,"type":"binary-expr","locations":[{"start":{"line":125,"column":16},"end":{"line":125,"column":29}},{"start":{"line":125,"column":34},"end":{"line":125,"column":52}}]},"17":{"line":129,"type":"binary-expr","locations":[{"start":{"line":129,"column":16},"end":{"line":129,"column":29}},{"start":{"line":129,"column":34},"end":{"line":129,"column":52}}]},"18":{"line":133,"type":"binary-expr","locations":[{"start":{"line":133,"column":16},"end":{"line":133,"column":29}},{"start":{"line":133,"column":34},"end":{"line":133,"column":52}}]},"19":{"line":137,"type":"binary-expr","locations":[{"start":{"line":137,"column":16},"end":{"line":137,"column":29}},{"start":{"line":137,"column":34},"end":{"line":137,"column":52}}]},"20":{"line":141,"type":"binary-expr","locations":[{"start":{"line":141,"column":16},"end":{"line":141,"column":29}},{"start":{"line":141,"column":34},"end":{"line":141,"column":52}}]},"21":{"line":146,"type":"binary-expr","locations":[{"start":{"line":146,"column":16},"end":{"line":146,"column":29}},{"start":{"line":146,"column":34},"end":{"line":146,"column":52}}]},"22":{"line":147,"type":"if","locations":[{"start":{"line":147,"column":16},"end":{"line":147,"column":16}},{"start":{"line":147,"column":16},"end":{"line":147,"column":16}}]},"23":{"line":188,"type":"if","locations":[{"start":{"line":188,"column":8},"end":{"line":188,"column":8}},{"start":{"line":188,"column":8},"end":{"line":188,"column":8}}]},"24":{"line":206,"type":"if","locations":[{"start":{"line":206,"column":8},"end":{"line":206,"column":8}},{"start":{"line":206,"column":8},"end":{"line":206,"column":8}}]},"25":{"line":224,"type":"cond-expr","locations":[{"start":{"line":224,"column":78},"end":{"line":224,"column":90}},{"start":{"line":224,"column":93},"end":{"line":224,"column":111}}]},"26":{"line":224,"type":"binary-expr","locations":[{"start":{"line":224,"column":25},"end":{"line":224,"column":45}},{"start":{"line":224,"column":49},"end":{"line":224,"column":75}}]},"27":{"line":239,"type":"cond-expr","locations":[{"start":{"line":239,"column":74},"end":{"line":239,"column":86}},{"start":{"line":239,"column":89},"end":{"line":239,"column":97}}]},"28":{"line":239,"type":"binary-expr","locations":[{"start":{"line":239,"column":21},"end":{"line":239,"column":41}},{"start":{"line":239,"column":45},"end":{"line":239,"column":71}}]},"29":{"line":399,"type":"if","locations":[{"start":{"line":399,"column":12},"end":{"line":399,"column":12}},{"start":{"line":399,"column":12},"end":{"line":399,"column":12}}]},"30":{"line":399,"type":"binary-expr","locations":[{"start":{"line":399,"column":16},"end":{"line":399,"column":50}},{"start":{"line":399,"column":54},"end":{"line":399,"column":70}}]},"31":{"line":475,"type":"cond-expr","locations":[{"start":{"line":475,"column":74},"end":{"line":475,"column":86}},{"start":{"line":475,"column":89},"end":{"line":475,"column":97}}]},"32":{"line":475,"type":"binary-expr","locations":[{"start":{"line":475,"column":21},"end":{"line":475,"column":41}},{"start":{"line":475,"column":45},"end":{"line":475,"column":71}}]},"33":{"line":504,"type":"if","locations":[{"start":{"line":504,"column":12},"end":{"line":504,"column":12}},{"start":{"line":504,"column":12},"end":{"line":504,"column":12}}]},"34":{"line":504,"type":"binary-expr","locations":[{"start":{"line":504,"column":16},"end":{"line":504,"column":35}},{"start":{"line":504,"column":39},"end":{"line":504,"column":81}}]},"35":{"line":556,"type":"if","locations":[{"start":{"line":556,"column":8},"end":{"line":556,"column":8}},{"start":{"line":556,"column":8},"end":{"line":556,"column":8}}]},"36":{"line":556,"type":"binary-expr","locations":[{"start":{"line":556,"column":12},"end":{"line":556,"column":24}},{"start":{"line":556,"column":28},"end":{"line":556,"column":50}}]},"37":{"line":579,"type":"binary-expr","locations":[{"start":{"line":579,"column":8},"end":{"line":579,"column":47}},{"start":{"line":579,"column":52},"end":{"line":579,"column":96}}]},"38":{"line":591,"type":"binary-expr","locations":[{"start":{"line":591,"column":8},"end":{"line":591,"column":48}},{"start":{"line":591,"column":53},"end":{"line":591,"column":98}}]}}},"/Users/lihao/Documents/nodejsworkspace/think_elasticsearch/lib/Socket/elasticsearch.js":{"path":"/Users/lihao/Documents/nodejsworkspace/think_elasticsearch/lib/Socket/elasticsearch.js","s":{"1":1,"2":1,"3":1,"4":1,"5":1,"6":1,"7":1,"8":1,"9":1,"10":1,"11":1,"12":1,"13":5,"14":1,"15":1,"16":1,"17":2,"18":2,"19":1,"20":2,"21":2,"22":1,"23":2,"24":0,"25":2,"26":2,"27":2,"28":2,"29":1,"30":0,"31":0,"32":1,"33":1},"b":{"1":[5,0],"2":[5,5],"3":[2,0],"4":[2,0],"5":[2,0],"6":[0,2]},"f":{"1":5,"2":1,"3":2,"4":2,"5":2,"6":0},"fnMap":{"1":{"name":"_interopRequireDefault","line":25,"loc":{"start":{"line":25,"column":0},"end":{"line":25,"column":37}}},"2":{"name":"(anonymous_2)","line":27,"loc":{"start":{"line":27,"column":13},"end":{"line":27,"column":30}}},"3":{"name":"_class","line":30,"loc":{"start":{"line":30,"column":4},"end":{"line":30,"column":22}}},"4":{"name":"init","line":35,"loc":{"start":{"line":35,"column":28},"end":{"line":35,"column":50}}},"5":{"name":"connect","line":44,"loc":{"start":{"line":44,"column":31},"end":{"line":44,"column":50}}},"6":{"name":"close","line":59,"loc":{"start":{"line":59,"column":29},"end":{"line":59,"column":46}}}},"statementMap":{"1":{"start":{"line":3,"column":0},"end":{"line":3,"column":26}},"2":{"start":{"line":5,"column":0},"end":{"line":5,"column":56}},"3":{"start":{"line":7,"column":0},"end":{"line":7,"column":49}},"4":{"start":{"line":9,"column":0},"end":{"line":9,"column":71}},"5":{"start":{"line":11,"column":0},"end":{"line":11,"column":64}},"6":{"start":{"line":13,"column":0},"end":{"line":13,"column":93}},"7":{"start":{"line":15,"column":0},"end":{"line":15,"column":86}},"8":{"start":{"line":17,"column":0},"end":{"line":17,"column":59}},"9":{"start":{"line":19,"column":0},"end":{"line":19,"column":52}},"10":{"start":{"line":21,"column":0},"end":{"line":21,"column":32}},"11":{"start":{"line":23,"column":0},"end":{"line":23,"column":44}},"12":{"start":{"line":25,"column":0},"end":{"line":25,"column":95}},"13":{"start":{"line":25,"column":39},"end":{"line":25,"column":93}},"14":{"start":{"line":27,"column":0},"end":{"line":65,"column":18}},"15":{"start":{"line":28,"column":4},"end":{"line":28,"column":43}},"16":{"start":{"line":30,"column":4},"end":{"line":33,"column":5}},"17":{"start":{"line":31,"column":8},"end":{"line":31,"column":52}},"18":{"start":{"line":32,"column":8},"end":{"line":32,"column":92}},"19":{"start":{"line":35,"column":4},"end":{"line":42,"column":6}},"20":{"start":{"line":36,"column":8},"end":{"line":36,"column":48}},"21":{"start":{"line":37,"column":8},"end":{"line":41,"column":10}},"22":{"start":{"line":44,"column":4},"end":{"line":57,"column":6}},"23":{"start":{"line":45,"column":8},"end":{"line":47,"column":9}},"24":{"start":{"line":46,"column":12},"end":{"line":46,"column":62}},"25":{"start":{"line":50,"column":8},"end":{"line":50,"column":53}},"26":{"start":{"line":51,"column":8},"end":{"line":54,"column":11}},"27":{"start":{"line":55,"column":8},"end":{"line":55,"column":33}},"28":{"start":{"line":56,"column":8},"end":{"line":56,"column":58}},"29":{"start":{"line":59,"column":4},"end":{"line":62,"column":6}},"30":{"start":{"line":60,"column":8},"end":{"line":60,"column":32}},"31":{"start":{"line":61,"column":8},"end":{"line":61,"column":31}},"32":{"start":{"line":64,"column":4},"end":{"line":64,"column":18}},"33":{"start":{"line":74,"column":0},"end":{"line":74,"column":25}}},"branchMap":{"1":{"line":25,"type":"cond-expr","locations":[{"start":{"line":25,"column":70},"end":{"line":25,"column":73}},{"start":{"line":25,"column":76},"end":{"line":25,"column":92}}]},"2":{"line":25,"type":"binary-expr","locations":[{"start":{"line":25,"column":46},"end":{"line":25,"column":49}},{"start":{"line":25,"column":53},"end":{"line":25,"column":67}}]},"3":{"line":38,"type":"binary-expr","locations":[{"start":{"line":38,"column":18},"end":{"line":38,"column":32}},{"start":{"line":38,"column":36},"end":{"line":38,"column":47}}]},"4":{"line":39,"type":"binary-expr","locations":[{"start":{"line":39,"column":18},"end":{"line":39,"column":32}},{"start":{"line":39,"column":36},"end":{"line":39,"column":42}}]},"5":{"line":40,"type":"binary-expr","locations":[{"start":{"line":40,"column":17},"end":{"line":40,"column":30}},{"start":{"line":40,"column":34},"end":{"line":40,"column":41}}]},"6":{"line":45,"type":"if","locations":[{"start":{"line":45,"column":8},"end":{"line":45,"column":8}},{"start":{"line":45,"column":8},"end":{"line":45,"column":8}}]}}}}