{"/Users/lihao/Documents/nodejsworkspace/think_elasticsearch/index.js":{"path":"/Users/lihao/Documents/nodejsworkspace/think_elasticsearch/index.js","s":{"1":1,"2":1,"3":1,"4":1,"5":1,"6":1,"7":1,"8":1,"9":1},"b":{"1":[1,0],"2":[1,1]},"f":{"1":1},"fnMap":{"1":{"name":"requireDefault","line":19,"loc":{"start":{"line":19,"column":0},"end":{"line":19,"column":29}}}},"statementMap":{"1":{"start":{"line":10,"column":0},"end":{"line":10,"column":37}},"2":{"start":{"line":11,"column":0},"end":{"line":11,"column":59}},"3":{"start":{"line":13,"column":0},"end":{"line":13,"column":15}},"4":{"start":{"line":15,"column":0},"end":{"line":15,"column":11}},"5":{"start":{"line":16,"column":0},"end":{"line":16,"column":13}},"6":{"start":{"line":17,"column":0},"end":{"line":17,"column":29}},"7":{"start":{"line":19,"column":0},"end":{"line":21,"column":1}},"8":{"start":{"line":20,"column":4},"end":{"line":20,"column":56}},"9":{"start":{"line":22,"column":0},"end":{"line":22,"column":68}}},"branchMap":{"1":{"line":20,"type":"cond-expr","locations":[{"start":{"line":20,"column":35},"end":{"line":20,"column":38}},{"start":{"line":20,"column":41},"end":{"line":20,"column":55}}]},"2":{"line":20,"type":"binary-expr","locations":[{"start":{"line":20,"column":11},"end":{"line":20,"column":14}},{"start":{"line":20,"column":18},"end":{"line":20,"column":32}}]}}},"/Users/lihao/Documents/nodejsworkspace/think_elasticsearch/lib/Util/lib.js":{"path":"/Users/lihao/Documents/nodejsworkspace/think_elasticsearch/lib/Util/lib.js","s":{"1":1,"2":1,"3":1,"4":1,"5":1,"6":1,"7":1,"8":3,"9":1,"10":1,"11":1,"12":1,"13":1,"14":1,"15":1,"16":0,"17":0,"18":0,"19":0,"20":0,"21":0,"22":0,"23":0,"24":0,"25":0,"26":0,"27":0,"28":0,"29":1,"30":1,"31":1,"32":1,"33":34,"34":1,"35":9,"36":1,"37":13,"38":1,"39":32,"40":0,"41":32,"42":1,"43":0,"44":0,"45":1,"46":0,"47":1,"48":0,"49":0,"50":0,"51":0,"52":1,"53":0,"54":1,"55":0,"56":1,"57":0,"58":1,"59":9,"60":1,"61":0,"62":0,"63":0,"64":0,"65":1,"66":0,"67":1,"68":6,"69":2,"70":4,"71":1,"72":3,"73":0,"74":3,"75":3,"76":3,"77":0,"78":0,"79":1,"80":0,"81":0,"82":0,"83":0,"84":0,"85":1,"86":0,"87":1,"88":0,"89":0,"90":0,"91":0,"92":0,"93":1,"94":0,"95":0,"96":0,"97":0,"98":0,"99":0,"100":1,"101":0,"102":0,"103":1,"104":0,"105":0,"106":0,"107":0,"108":0,"109":0,"110":1,"111":0,"112":0,"113":0,"114":0,"115":0,"116":0,"117":0,"118":0,"119":0,"120":0,"121":0,"122":0,"123":0,"124":1,"125":0,"126":0,"127":0,"128":0,"129":0,"130":0,"131":0,"132":0,"133":0,"134":0,"135":0,"136":0,"137":0,"138":0,"139":0,"140":0,"141":0,"142":0,"143":0,"144":0,"145":1,"146":1,"147":0,"148":1,"149":0,"150":0,"151":0,"152":0,"153":0,"154":0,"155":0,"156":1,"157":25,"158":25,"159":25,"160":25,"161":0,"162":25,"163":25,"164":0,"165":25,"166":25,"167":25,"168":68,"169":68,"170":17,"171":51,"172":29,"173":29,"174":29,"175":0,"176":29,"177":29,"178":16,"179":13,"180":0,"181":13,"182":0,"183":25,"184":1,"185":3,"186":3,"187":3,"188":3,"189":1},"b":{"1":[3,0],"2":[3,3],"3":[1,0],"4":[1,1,1],"5":[1,0],"6":[0,0],"7":[0,0],"8":[0,0],"9":[0,0],"10":[0,0],"11":[0,0],"12":[0,32],"13":[0,0,0],"14":[0,0],"15":[9,9,9],"16":[0,0],"17":[2,4],"18":[6,6,4],"19":[1,3],"20":[0,3],"21":[3,0],"22":[0,0],"23":[0,0],"24":[0,0],"25":[0,0],"26":[0,0],"27":[0,0],"28":[0,0],"29":[0,0],"30":[0,0],"31":[0,0],"32":[0,0],"33":[0,0],"34":[0,0],"35":[0,25],"36":[25,0],"37":[0,25],"38":[25,0],"39":[17,51],"40":[0,29],"41":[29,0],"42":[29,0],"43":[16,13],"44":[0,16],"45":[16,0],"46":[0,13],"47":[0,3],"48":[3,0]},"f":{"1":3,"2":1,"3":0,"4":34,"5":9,"6":13,"7":32,"8":0,"9":0,"10":0,"11":0,"12":0,"13":0,"14":9,"15":0,"16":0,"17":6,"18":0,"19":0,"20":0,"21":0,"22":0,"23":0,"24":0,"25":0,"26":0,"27":0,"28":0,"29":0,"30":0,"31":0,"32":0,"33":25,"34":3},"fnMap":{"1":{"name":"_interopRequireDefault","line":15,"loc":{"start":{"line":15,"column":0},"end":{"line":15,"column":37}}},"2":{"name":"_interopSafeRequire","line":27,"loc":{"start":{"line":27,"column":0},"end":{"line":27,"column":34}}},"3":{"name":"(anonymous_3)","line":32,"loc":{"start":{"line":32,"column":28},"end":{"line":32,"column":46}}},"4":{"name":"isBoolean","line":66,"loc":{"start":{"line":66,"column":16},"end":{"line":66,"column":40}}},"5":{"name":"isNumber","line":76,"loc":{"start":{"line":76,"column":15},"end":{"line":76,"column":38}}},"6":{"name":"isString","line":86,"loc":{"start":{"line":86,"column":15},"end":{"line":86,"column":38}}},"7":{"name":"isObject","line":96,"loc":{"start":{"line":96,"column":15},"end":{"line":96,"column":38}}},"8":{"name":"isNumberString","line":109,"loc":{"start":{"line":109,"column":21},"end":{"line":109,"column":50}}},"9":{"name":"isJSONObj","line":120,"loc":{"start":{"line":120,"column":16},"end":{"line":120,"column":40}}},"10":{"name":"isJSONStr","line":130,"loc":{"start":{"line":130,"column":16},"end":{"line":130,"column":40}}},"11":{"name":"isFunction","line":145,"loc":{"start":{"line":145,"column":17},"end":{"line":145,"column":42}}},"12":{"name":"isDate","line":154,"loc":{"start":{"line":154,"column":13},"end":{"line":154,"column":34}}},"13":{"name":"isRegexp","line":164,"loc":{"start":{"line":164,"column":15},"end":{"line":164,"column":38}}},"14":{"name":"isScalar","line":174,"loc":{"start":{"line":174,"column":15},"end":{"line":174,"column":38}}},"15":{"name":"isFile","line":184,"loc":{"start":{"line":184,"column":13},"end":{"line":184,"column":32}}},"16":{"name":"isError","line":198,"loc":{"start":{"line":198,"column":14},"end":{"line":198,"column":36}}},"17":{"name":"isEmpty","line":208,"loc":{"start":{"line":208,"column":14},"end":{"line":208,"column":36}}},"18":{"name":"inArray","line":233,"loc":{"start":{"line":233,"column":14},"end":{"line":233,"column":49}}},"19":{"name":"isPromise","line":247,"loc":{"start":{"line":247,"column":16},"end":{"line":247,"column":40}}},"20":{"name":"getDefer","line":257,"loc":{"start":{"line":257,"column":15},"end":{"line":257,"column":35}}},"21":{"name":"(anonymous_21)","line":261,"loc":{"start":{"line":261,"column":45},"end":{"line":261,"column":72}}},"22":{"name":"promisify","line":273,"loc":{"start":{"line":273,"column":16},"end":{"line":273,"column":49}}},"23":{"name":"(anonymous_23)","line":276,"loc":{"start":{"line":276,"column":11},"end":{"line":276,"column":23}}},"24":{"name":"(anonymous_24)","line":281,"loc":{"start":{"line":281,"column":37},"end":{"line":281,"column":64}}},"25":{"name":"(anonymous_25)","line":282,"loc":{"start":{"line":282,"column":48},"end":{"line":282,"column":68}}},"26":{"name":"ucFirst","line":293,"loc":{"start":{"line":293,"column":14},"end":{"line":293,"column":37}}},"27":{"name":"parseName","line":305,"loc":{"start":{"line":305,"column":16},"end":{"line":305,"column":41}}},"28":{"name":"(anonymous_28)","line":312,"loc":{"start":{"line":312,"column":34},"end":{"line":312,"column":47}}},"29":{"name":"hash","line":321,"loc":{"start":{"line":321,"column":11},"end":{"line":321,"column":32}}},"30":{"name":"log","line":353,"loc":{"start":{"line":353,"column":10},"end":{"line":353,"column":44}}},"31":{"name":"_await","line":392,"loc":{"start":{"line":392,"column":13},"end":{"line":392,"column":44}}},"32":{"name":"thinkRequire","line":400,"loc":{"start":{"line":400,"column":19},"end":{"line":400,"column":47}}},"33":{"name":"extend","line":418,"loc":{"start":{"line":418,"column":13},"end":{"line":418,"column":31}}},"34":{"name":"md5","line":471,"loc":{"start":{"line":471,"column":10},"end":{"line":471,"column":28}}}},"statementMap":{"1":{"start":{"line":3,"column":0},"end":{"line":3,"column":65}},"2":{"start":{"line":5,"column":0},"end":{"line":5,"column":53}},"3":{"start":{"line":7,"column":0},"end":{"line":7,"column":56}},"4":{"start":{"line":9,"column":0},"end":{"line":9,"column":49}},"5":{"start":{"line":11,"column":0},"end":{"line":11,"column":55}},"6":{"start":{"line":13,"column":0},"end":{"line":13,"column":48}},"7":{"start":{"line":15,"column":0},"end":{"line":15,"column":95}},"8":{"start":{"line":15,"column":39},"end":{"line":15,"column":93}},"9":{"start":{"line":24,"column":0},"end":{"line":24,"column":23}},"10":{"start":{"line":25,"column":0},"end":{"line":25,"column":27}},"11":{"start":{"line":26,"column":0},"end":{"line":26,"column":31}},"12":{"start":{"line":27,"column":0},"end":{"line":29,"column":1}},"13":{"start":{"line":28,"column":4},"end":{"line":28,"column":68}},"14":{"start":{"line":31,"column":0},"end":{"line":47,"column":1}},"15":{"start":{"line":32,"column":4},"end":{"line":46,"column":6}},"16":{"start":{"line":33,"column":8},"end":{"line":33,"column":55}},"17":{"start":{"line":34,"column":8},"end":{"line":34,"column":65}},"18":{"start":{"line":35,"column":8},"end":{"line":35,"column":132}},"19":{"start":{"line":36,"column":8},"end":{"line":36,"column":121}},"20":{"start":{"line":37,"column":8},"end":{"line":37,"column":131}},"21":{"start":{"line":38,"column":8},"end":{"line":38,"column":61}},"22":{"start":{"line":39,"column":8},"end":{"line":39,"column":61}},"23":{"start":{"line":40,"column":8},"end":{"line":40,"column":112}},"24":{"start":{"line":41,"column":8},"end":{"line":41,"column":56}},"25":{"start":{"line":42,"column":8},"end":{"line":42,"column":115}},"26":{"start":{"line":43,"column":8},"end":{"line":43,"column":57}},"27":{"start":{"line":44,"column":8},"end":{"line":44,"column":121}},"28":{"start":{"line":45,"column":8},"end":{"line":45,"column":22}},"29":{"start":{"line":49,"column":0},"end":{"line":49,"column":44}},"30":{"start":{"line":55,"column":0},"end":{"line":55,"column":31}},"31":{"start":{"line":60,"column":0},"end":{"line":60,"column":28}},"32":{"start":{"line":66,"column":0},"end":{"line":70,"column":2}},"33":{"start":{"line":69,"column":4},"end":{"line":69,"column":53}},"34":{"start":{"line":76,"column":0},"end":{"line":80,"column":2}},"35":{"start":{"line":79,"column":4},"end":{"line":79,"column":52}},"36":{"start":{"line":86,"column":0},"end":{"line":90,"column":2}},"37":{"start":{"line":89,"column":4},"end":{"line":89,"column":52}},"38":{"start":{"line":96,"column":0},"end":{"line":103,"column":2}},"39":{"start":{"line":99,"column":4},"end":{"line":101,"column":5}},"40":{"start":{"line":100,"column":8},"end":{"line":100,"column":21}},"41":{"start":{"line":102,"column":4},"end":{"line":102,"column":52}},"42":{"start":{"line":109,"column":0},"end":{"line":114,"column":2}},"43":{"start":{"line":112,"column":4},"end":{"line":112,"column":100}},"44":{"start":{"line":113,"column":4},"end":{"line":113,"column":31}},"45":{"start":{"line":120,"column":0},"end":{"line":124,"column":2}},"46":{"start":{"line":123,"column":4},"end":{"line":123,"column":186}},"47":{"start":{"line":130,"column":0},"end":{"line":139,"column":2}},"48":{"start":{"line":133,"column":4},"end":{"line":138,"column":5}},"49":{"start":{"line":134,"column":8},"end":{"line":134,"column":24}},"50":{"start":{"line":135,"column":8},"end":{"line":135,"column":20}},"51":{"start":{"line":137,"column":8},"end":{"line":137,"column":21}},"52":{"start":{"line":145,"column":0},"end":{"line":149,"column":2}},"53":{"start":{"line":148,"column":4},"end":{"line":148,"column":37}},"54":{"start":{"line":154,"column":0},"end":{"line":158,"column":2}},"55":{"start":{"line":157,"column":4},"end":{"line":157,"column":28}},"56":{"start":{"line":164,"column":0},"end":{"line":168,"column":2}},"57":{"start":{"line":167,"column":4},"end":{"line":167,"column":30}},"58":{"start":{"line":174,"column":0},"end":{"line":178,"column":2}},"59":{"start":{"line":177,"column":4},"end":{"line":177,"column":60}},"60":{"start":{"line":184,"column":0},"end":{"line":192,"column":2}},"61":{"start":{"line":187,"column":4},"end":{"line":189,"column":5}},"62":{"start":{"line":188,"column":8},"end":{"line":188,"column":21}},"63":{"start":{"line":190,"column":4},"end":{"line":190,"column":31}},"64":{"start":{"line":191,"column":4},"end":{"line":191,"column":26}},"65":{"start":{"line":198,"column":0},"end":{"line":202,"column":2}},"66":{"start":{"line":201,"column":4},"end":{"line":201,"column":29}},"67":{"start":{"line":208,"column":0},"end":{"line":226,"column":2}},"68":{"start":{"line":211,"column":4},"end":{"line":225,"column":5}},"69":{"start":{"line":212,"column":8},"end":{"line":212,"column":20}},"70":{"start":{"line":213,"column":11},"end":{"line":225,"column":5}},"71":{"start":{"line":215,"column":8},"end":{"line":215,"column":62}},"72":{"start":{"line":216,"column":11},"end":{"line":225,"column":5}},"73":{"start":{"line":217,"column":8},"end":{"line":217,"column":32}},"74":{"start":{"line":218,"column":11},"end":{"line":225,"column":5}},"75":{"start":{"line":219,"column":8},"end":{"line":221,"column":9}},"76":{"start":{"line":220,"column":12},"end":{"line":220,"column":25}},"77":{"start":{"line":222,"column":8},"end":{"line":222,"column":20}},"78":{"start":{"line":224,"column":8},"end":{"line":224,"column":21}},"79":{"start":{"line":233,"column":0},"end":{"line":241,"column":2}},"80":{"start":{"line":236,"column":4},"end":{"line":236,"column":33}},"81":{"start":{"line":237,"column":4},"end":{"line":239,"column":5}},"82":{"start":{"line":238,"column":8},"end":{"line":238,"column":47}},"83":{"start":{"line":238,"column":35},"end":{"line":238,"column":47}},"84":{"start":{"line":240,"column":4},"end":{"line":240,"column":17}},"85":{"start":{"line":247,"column":0},"end":{"line":251,"column":2}},"86":{"start":{"line":250,"column":4},"end":{"line":250,"column":53}},"87":{"start":{"line":257,"column":0},"end":{"line":266,"column":2}},"88":{"start":{"line":260,"column":4},"end":{"line":260,"column":22}},"89":{"start":{"line":261,"column":4},"end":{"line":264,"column":7}},"90":{"start":{"line":262,"column":8},"end":{"line":262,"column":35}},"91":{"start":{"line":263,"column":8},"end":{"line":263,"column":33}},"92":{"start":{"line":265,"column":4},"end":{"line":265,"column":20}},"93":{"start":{"line":273,"column":0},"end":{"line":287,"column":2}},"94":{"start":{"line":276,"column":4},"end":{"line":286,"column":6}},"95":{"start":{"line":277,"column":8},"end":{"line":279,"column":9}},"96":{"start":{"line":278,"column":12},"end":{"line":278,"column":41}},"97":{"start":{"line":281,"column":8},"end":{"line":285,"column":11}},"98":{"start":{"line":282,"column":12},"end":{"line":284,"column":17}},"99":{"start":{"line":283,"column":16},"end":{"line":283,"column":56}},"100":{"start":{"line":293,"column":0},"end":{"line":298,"column":2}},"101":{"start":{"line":296,"column":4},"end":{"line":296,"column":29}},"102":{"start":{"line":297,"column":4},"end":{"line":297,"column":74}},"103":{"start":{"line":305,"column":0},"end":{"line":315,"column":2}},"104":{"start":{"line":306,"column":4},"end":{"line":306,"column":23}},"105":{"start":{"line":307,"column":4},"end":{"line":309,"column":5}},"106":{"start":{"line":308,"column":8},"end":{"line":308,"column":20}},"107":{"start":{"line":311,"column":4},"end":{"line":311,"column":50}},"108":{"start":{"line":312,"column":4},"end":{"line":314,"column":7}},"109":{"start":{"line":313,"column":8},"end":{"line":313,"column":37}},"110":{"start":{"line":321,"column":0},"end":{"line":345,"column":2}},"111":{"start":{"line":324,"column":4},"end":{"line":324,"column":21}},"112":{"start":{"line":325,"column":4},"end":{"line":325,"column":100}},"113":{"start":{"line":326,"column":4},"end":{"line":326,"column":29}},"114":{"start":{"line":328,"column":4},"end":{"line":336,"column":5}},"115":{"start":{"line":329,"column":8},"end":{"line":331,"column":9}},"116":{"start":{"line":330,"column":12},"end":{"line":330,"column":56}},"117":{"start":{"line":333,"column":8},"end":{"line":335,"column":9}},"118":{"start":{"line":334,"column":12},"end":{"line":334,"column":45}},"119":{"start":{"line":337,"column":4},"end":{"line":337,"column":35}},"120":{"start":{"line":339,"column":4},"end":{"line":339,"column":22}},"121":{"start":{"line":340,"column":4},"end":{"line":342,"column":26}},"122":{"start":{"line":341,"column":8},"end":{"line":341,"column":47}},"123":{"start":{"line":344,"column":4},"end":{"line":344,"column":20}},"124":{"start":{"line":353,"column":0},"end":{"line":384,"column":2}},"125":{"start":{"line":356,"column":4},"end":{"line":356,"column":23}},"126":{"start":{"line":357,"column":4},"end":{"line":357,"column":38}},"127":{"start":{"line":358,"column":4},"end":{"line":358,"column":36}},"128":{"start":{"line":359,"column":4},"end":{"line":359,"column":50}},"129":{"start":{"line":361,"column":4},"end":{"line":361,"column":22}},"130":{"start":{"line":362,"column":4},"end":{"line":381,"column":5}},"131":{"start":{"line":363,"column":8},"end":{"line":363,"column":23}},"132":{"start":{"line":364,"column":8},"end":{"line":364,"column":28}},"133":{"start":{"line":366,"column":11},"end":{"line":381,"column":5}},"134":{"start":{"line":367,"column":8},"end":{"line":367,"column":23}},"135":{"start":{"line":369,"column":11},"end":{"line":381,"column":5}},"136":{"start":{"line":370,"column":8},"end":{"line":370,"column":25}},"137":{"start":{"line":373,"column":8},"end":{"line":375,"column":9}},"138":{"start":{"line":374,"column":12},"end":{"line":374,"column":52}},"139":{"start":{"line":376,"column":8},"end":{"line":379,"column":9}},"140":{"start":{"line":377,"column":12},"end":{"line":377,"column":46}},"141":{"start":{"line":378,"column":12},"end":{"line":378,"column":45}},"142":{"start":{"line":380,"column":8},"end":{"line":380,"column":30}},"143":{"start":{"line":382,"column":4},"end":{"line":382,"column":56}},"144":{"start":{"line":383,"column":4},"end":{"line":383,"column":11}},"145":{"start":{"line":391,"column":0},"end":{"line":391,"column":75}},"146":{"start":{"line":392,"column":0},"end":{"line":394,"column":2}},"147":{"start":{"line":393,"column":4},"end":{"line":393,"column":48}},"148":{"start":{"line":400,"column":0},"end":{"line":413,"column":2}},"149":{"start":{"line":403,"column":4},"end":{"line":412,"column":5}},"150":{"start":{"line":404,"column":8},"end":{"line":404,"column":32}},"151":{"start":{"line":405,"column":8},"end":{"line":405,"column":39}},"152":{"start":{"line":406,"column":8},"end":{"line":408,"column":9}},"153":{"start":{"line":407,"column":12},"end":{"line":407,"column":44}},"154":{"start":{"line":409,"column":8},"end":{"line":409,"column":19}},"155":{"start":{"line":411,"column":8},"end":{"line":411,"column":20}},"156":{"start":{"line":418,"column":0},"end":{"line":464,"column":2}},"157":{"start":{"line":421,"column":4},"end":{"line":421,"column":40}},"158":{"start":{"line":422,"column":4},"end":{"line":422,"column":20}},"159":{"start":{"line":423,"column":4},"end":{"line":423,"column":24}},"160":{"start":{"line":424,"column":4},"end":{"line":426,"column":5}},"161":{"start":{"line":425,"column":8},"end":{"line":425,"column":28}},"162":{"start":{"line":427,"column":4},"end":{"line":431,"column":5}},"163":{"start":{"line":428,"column":8},"end":{"line":428,"column":44}},"164":{"start":{"line":430,"column":8},"end":{"line":430,"column":30}},"165":{"start":{"line":432,"column":4},"end":{"line":432,"column":26}},"166":{"start":{"line":433,"column":4},"end":{"line":438,"column":25}},"167":{"start":{"line":439,"column":4},"end":{"line":462,"column":5}},"168":{"start":{"line":440,"column":8},"end":{"line":440,"column":26}},"169":{"start":{"line":441,"column":8},"end":{"line":443,"column":9}},"170":{"start":{"line":442,"column":12},"end":{"line":442,"column":21}},"171":{"start":{"line":444,"column":8},"end":{"line":461,"column":9}},"172":{"start":{"line":445,"column":12},"end":{"line":445,"column":31}},"173":{"start":{"line":446,"column":12},"end":{"line":446,"column":33}},"174":{"start":{"line":447,"column":12},"end":{"line":449,"column":13}},"175":{"start":{"line":448,"column":16},"end":{"line":448,"column":25}},"176":{"start":{"line":450,"column":12},"end":{"line":460,"column":13}},"177":{"start":{"line":451,"column":16},"end":{"line":457,"column":17}},"178":{"start":{"line":452,"column":20},"end":{"line":452,"column":81}},"179":{"start":{"line":453,"column":23},"end":{"line":457,"column":17}},"180":{"start":{"line":454,"column":20},"end":{"line":454,"column":52}},"181":{"start":{"line":456,"column":20},"end":{"line":456,"column":40}},"182":{"start":{"line":459,"column":16},"end":{"line":459,"column":36}},"183":{"start":{"line":463,"column":4},"end":{"line":463,"column":18}},"184":{"start":{"line":471,"column":0},"end":{"line":477,"column":2}},"185":{"start":{"line":472,"column":4},"end":{"line":472,"column":94}},"186":{"start":{"line":474,"column":4},"end":{"line":474,"column":44}},"187":{"start":{"line":475,"column":4},"end":{"line":475,"column":39}},"188":{"start":{"line":476,"column":4},"end":{"line":476,"column":34}},"189":{"start":{"line":479,"column":0},"end":{"line":508,"column":2}}},"branchMap":{"1":{"line":15,"type":"cond-expr","locations":[{"start":{"line":15,"column":70},"end":{"line":15,"column":73}},{"start":{"line":15,"column":76},"end":{"line":15,"column":92}}]},"2":{"line":15,"type":"binary-expr","locations":[{"start":{"line":15,"column":46},"end":{"line":15,"column":49}},{"start":{"line":15,"column":53},"end":{"line":15,"column":67}}]},"3":{"line":28,"type":"cond-expr","locations":[{"start":{"line":28,"column":50},"end":{"line":28,"column":61}},{"start":{"line":28,"column":64},"end":{"line":28,"column":67}}]},"4":{"line":28,"type":"binary-expr","locations":[{"start":{"line":28,"column":11},"end":{"line":28,"column":14}},{"start":{"line":28,"column":18},"end":{"line":28,"column":32}},{"start":{"line":28,"column":36},"end":{"line":28,"column":47}}]},"5":{"line":31,"type":"if","locations":[{"start":{"line":31,"column":0},"end":{"line":31,"column":0}},{"start":{"line":31,"column":0},"end":{"line":31,"column":0}}]},"6":{"line":35,"type":"cond-expr","locations":[{"start":{"line":35,"column":68},"end":{"line":35,"column":101}},{"start":{"line":35,"column":104},"end":{"line":35,"column":130}}]},"7":{"line":36,"type":"cond-expr","locations":[{"start":{"line":36,"column":65},"end":{"line":36,"column":93}},{"start":{"line":36,"column":96},"end":{"line":36,"column":119}}]},"8":{"line":37,"type":"cond-expr","locations":[{"start":{"line":37,"column":67},"end":{"line":37,"column":99}},{"start":{"line":37,"column":102},"end":{"line":37,"column":129}}]},"9":{"line":40,"type":"cond-expr","locations":[{"start":{"line":40,"column":62},"end":{"line":40,"column":87}},{"start":{"line":40,"column":90},"end":{"line":40,"column":110}}]},"10":{"line":42,"type":"cond-expr","locations":[{"start":{"line":42,"column":63},"end":{"line":42,"column":89}},{"start":{"line":42,"column":92},"end":{"line":42,"column":113}}]},"11":{"line":44,"type":"cond-expr","locations":[{"start":{"line":44,"column":65},"end":{"line":44,"column":93}},{"start":{"line":44,"column":96},"end":{"line":44,"column":119}}]},"12":{"line":99,"type":"if","locations":[{"start":{"line":99,"column":4},"end":{"line":99,"column":4}},{"start":{"line":99,"column":4},"end":{"line":99,"column":4}}]},"13":{"line":123,"type":"binary-expr","locations":[{"start":{"line":123,"column":11},"end":{"line":123,"column":95}},{"start":{"line":123,"column":99},"end":{"line":123,"column":170}},{"start":{"line":123,"column":174},"end":{"line":123,"column":185}}]},"14":{"line":123,"type":"cond-expr","locations":[{"start":{"line":123,"column":41},"end":{"line":123,"column":52}},{"start":{"line":123,"column":55},"end":{"line":123,"column":81}}]},"15":{"line":177,"type":"binary-expr","locations":[{"start":{"line":177,"column":11},"end":{"line":177,"column":25}},{"start":{"line":177,"column":29},"end":{"line":177,"column":42}},{"start":{"line":177,"column":46},"end":{"line":177,"column":59}}]},"16":{"line":187,"type":"if","locations":[{"start":{"line":187,"column":4},"end":{"line":187,"column":4}},{"start":{"line":187,"column":4},"end":{"line":187,"column":4}}]},"17":{"line":211,"type":"if","locations":[{"start":{"line":211,"column":4},"end":{"line":211,"column":4}},{"start":{"line":211,"column":4},"end":{"line":211,"column":4}}]},"18":{"line":211,"type":"binary-expr","locations":[{"start":{"line":211,"column":8},"end":{"line":211,"column":20}},{"start":{"line":211,"column":24},"end":{"line":211,"column":41}},{"start":{"line":211,"column":45},"end":{"line":211,"column":55}}]},"19":{"line":213,"type":"if","locations":[{"start":{"line":213,"column":11},"end":{"line":213,"column":11}},{"start":{"line":213,"column":11},"end":{"line":213,"column":11}}]},"20":{"line":216,"type":"if","locations":[{"start":{"line":216,"column":11},"end":{"line":216,"column":11}},{"start":{"line":216,"column":11},"end":{"line":216,"column":11}}]},"21":{"line":218,"type":"if","locations":[{"start":{"line":218,"column":11},"end":{"line":218,"column":11}},{"start":{"line":218,"column":11},"end":{"line":218,"column":11}}]},"22":{"line":238,"type":"if","locations":[{"start":{"line":238,"column":8},"end":{"line":238,"column":8}},{"start":{"line":238,"column":8},"end":{"line":238,"column":8}}]},"23":{"line":250,"type":"binary-expr","locations":[{"start":{"line":250,"column":14},"end":{"line":250,"column":17}},{"start":{"line":250,"column":21},"end":{"line":250,"column":51}}]},"24":{"line":283,"type":"cond-expr","locations":[{"start":{"line":283,"column":29},"end":{"line":283,"column":40}},{"start":{"line":283,"column":43},"end":{"line":283,"column":55}}]},"25":{"line":296,"type":"binary-expr","locations":[{"start":{"line":296,"column":12},"end":{"line":296,"column":16}},{"start":{"line":296,"column":20},"end":{"line":296,"column":22}}]},"26":{"line":307,"type":"if","locations":[{"start":{"line":307,"column":4},"end":{"line":307,"column":4}},{"start":{"line":307,"column":4},"end":{"line":307,"column":4}}]},"27":{"line":328,"type":"if","locations":[{"start":{"line":328,"column":4},"end":{"line":328,"column":4}},{"start":{"line":328,"column":4},"end":{"line":328,"column":4}}]},"28":{"line":362,"type":"if","locations":[{"start":{"line":362,"column":4},"end":{"line":362,"column":4}},{"start":{"line":362,"column":4},"end":{"line":362,"column":4}}]},"29":{"line":366,"type":"if","locations":[{"start":{"line":366,"column":11},"end":{"line":366,"column":11}},{"start":{"line":366,"column":11},"end":{"line":366,"column":11}}]},"30":{"line":369,"type":"if","locations":[{"start":{"line":369,"column":11},"end":{"line":369,"column":11}},{"start":{"line":369,"column":11},"end":{"line":369,"column":11}}]},"31":{"line":373,"type":"if","locations":[{"start":{"line":373,"column":8},"end":{"line":373,"column":8}},{"start":{"line":373,"column":8},"end":{"line":373,"column":8}}]},"32":{"line":376,"type":"if","locations":[{"start":{"line":376,"column":8},"end":{"line":376,"column":8}},{"start":{"line":376,"column":8},"end":{"line":376,"column":8}}]},"33":{"line":380,"type":"binary-expr","locations":[{"start":{"line":380,"column":15},"end":{"line":380,"column":19}},{"start":{"line":380,"column":23},"end":{"line":380,"column":29}}]},"34":{"line":406,"type":"if","locations":[{"start":{"line":406,"column":8},"end":{"line":406,"column":8}},{"start":{"line":406,"column":8},"end":{"line":406,"column":8}}]},"35":{"line":424,"type":"if","locations":[{"start":{"line":424,"column":4},"end":{"line":424,"column":4}},{"start":{"line":424,"column":4},"end":{"line":424,"column":4}}]},"36":{"line":427,"type":"if","locations":[{"start":{"line":427,"column":4},"end":{"line":427,"column":4}},{"start":{"line":427,"column":4},"end":{"line":427,"column":4}}]},"37":{"line":428,"type":"cond-expr","locations":[{"start":{"line":428,"column":36},"end":{"line":428,"column":38}},{"start":{"line":428,"column":41},"end":{"line":428,"column":43}}]},"38":{"line":432,"type":"binary-expr","locations":[{"start":{"line":432,"column":13},"end":{"line":432,"column":19}},{"start":{"line":432,"column":23},"end":{"line":432,"column":25}}]},"39":{"line":441,"type":"if","locations":[{"start":{"line":441,"column":8},"end":{"line":441,"column":8}},{"start":{"line":441,"column":8},"end":{"line":441,"column":8}}]},"40":{"line":447,"type":"if","locations":[{"start":{"line":447,"column":12},"end":{"line":447,"column":12}},{"start":{"line":447,"column":12},"end":{"line":447,"column":12}}]},"41":{"line":447,"type":"binary-expr","locations":[{"start":{"line":447,"column":16},"end":{"line":447,"column":19}},{"start":{"line":447,"column":23},"end":{"line":447,"column":35}}]},"42":{"line":450,"type":"if","locations":[{"start":{"line":450,"column":12},"end":{"line":450,"column":12}},{"start":{"line":450,"column":12},"end":{"line":450,"column":12}}]},"43":{"line":451,"type":"if","locations":[{"start":{"line":451,"column":16},"end":{"line":451,"column":16}},{"start":{"line":451,"column":16},"end":{"line":451,"column":16}}]},"44":{"line":452,"type":"cond-expr","locations":[{"start":{"line":452,"column":65},"end":{"line":452,"column":68}},{"start":{"line":452,"column":71},"end":{"line":452,"column":73}}]},"45":{"line":452,"type":"binary-expr","locations":[{"start":{"line":452,"column":42},"end":{"line":452,"column":45}},{"start":{"line":452,"column":49},"end":{"line":452,"column":62}}]},"46":{"line":453,"type":"if","locations":[{"start":{"line":453,"column":23},"end":{"line":453,"column":23}},{"start":{"line":453,"column":23},"end":{"line":453,"column":23}}]},"47":{"line":472,"type":"cond-expr","locations":[{"start":{"line":472,"column":71},"end":{"line":472,"column":83}},{"start":{"line":472,"column":86},"end":{"line":472,"column":93}}]},"48":{"line":472,"type":"binary-expr","locations":[{"start":{"line":472,"column":18},"end":{"line":472,"column":38}},{"start":{"line":472,"column":42},"end":{"line":472,"column":68}}]}}},"/Users/lihao/Documents/nodejsworkspace/think_elasticsearch/lib/Util/await.js":{"path":"/Users/lihao/Documents/nodejsworkspace/think_elasticsearch/lib/Util/await.js","s":{"1":1,"2":1,"3":1,"4":1,"5":1,"6":1,"7":1,"8":1,"9":3,"10":1,"11":1,"12":1,"13":1,"14":1,"15":0,"16":0,"17":0,"18":0,"19":0,"20":0,"21":0,"22":0,"23":0,"24":0,"25":0,"26":0,"27":0,"28":0,"29":0,"30":0,"31":0,"32":1,"33":1},"b":{"1":[2,1],"2":[3,3],"3":[0,0]},"f":{"1":3,"2":1,"3":1,"4":0,"5":0,"6":0,"7":0,"8":0,"9":0,"10":0},"fnMap":{"1":{"name":"_interopRequireDefault","line":17,"loc":{"start":{"line":17,"column":0},"end":{"line":17,"column":37}}},"2":{"name":"(anonymous_2)","line":19,"loc":{"start":{"line":19,"column":13},"end":{"line":19,"column":25}}},"3":{"name":"_class","line":20,"loc":{"start":{"line":20,"column":4},"end":{"line":20,"column":22}}},"4":{"name":"run","line":26,"loc":{"start":{"line":26,"column":27},"end":{"line":26,"column":49}}},"5":{"name":"(anonymous_5)","line":31,"loc":{"start":{"line":31,"column":56},"end":{"line":31,"column":72}}},"6":{"name":"(anonymous_6)","line":32,"loc":{"start":{"line":32,"column":33},"end":{"line":32,"column":45}}},"7":{"name":"(anonymous_7)","line":33,"loc":{"start":{"line":33,"column":45},"end":{"line":33,"column":65}}},"8":{"name":"(anonymous_8)","line":39,"loc":{"start":{"line":39,"column":21},"end":{"line":39,"column":36}}},"9":{"name":"(anonymous_9)","line":40,"loc":{"start":{"line":40,"column":33},"end":{"line":40,"column":45}}},"10":{"name":"(anonymous_10)","line":41,"loc":{"start":{"line":41,"column":45},"end":{"line":41,"column":65}}}},"statementMap":{"1":{"start":{"line":3,"column":0},"end":{"line":3,"column":26}},"2":{"start":{"line":5,"column":0},"end":{"line":5,"column":56}},"3":{"start":{"line":7,"column":0},"end":{"line":7,"column":49}},"4":{"start":{"line":9,"column":0},"end":{"line":9,"column":71}},"5":{"start":{"line":11,"column":0},"end":{"line":11,"column":64}},"6":{"start":{"line":13,"column":0},"end":{"line":13,"column":34}},"7":{"start":{"line":15,"column":0},"end":{"line":15,"column":41}},"8":{"start":{"line":17,"column":0},"end":{"line":17,"column":95}},"9":{"start":{"line":17,"column":39},"end":{"line":17,"column":93}},"10":{"start":{"line":19,"column":0},"end":{"line":56,"column":4}},"11":{"start":{"line":20,"column":4},"end":{"line":24,"column":5}},"12":{"start":{"line":21,"column":8},"end":{"line":21,"column":52}},"13":{"start":{"line":23,"column":8},"end":{"line":23,"column":24}},"14":{"start":{"line":26,"column":4},"end":{"line":53,"column":6}},"15":{"start":{"line":27,"column":8},"end":{"line":27,"column":25}},"16":{"start":{"line":29,"column":8},"end":{"line":52,"column":9}},"17":{"start":{"line":30,"column":12},"end":{"line":30,"column":33}},"18":{"start":{"line":31,"column":12},"end":{"line":47,"column":15}},"19":{"start":{"line":32,"column":16},"end":{"line":37,"column":19}},"20":{"start":{"line":33,"column":20},"end":{"line":35,"column":23}},"21":{"start":{"line":34,"column":24},"end":{"line":34,"column":54}},"22":{"start":{"line":36,"column":20},"end":{"line":36,"column":44}},"23":{"start":{"line":38,"column":16},"end":{"line":38,"column":28}},"24":{"start":{"line":40,"column":16},"end":{"line":45,"column":19}},"25":{"start":{"line":41,"column":20},"end":{"line":43,"column":23}},"26":{"start":{"line":42,"column":24},"end":{"line":42,"column":52}},"27":{"start":{"line":44,"column":20},"end":{"line":44,"column":44}},"28":{"start":{"line":46,"column":16},"end":{"line":46,"column":53}},"29":{"start":{"line":49,"column":12},"end":{"line":49,"column":52}},"30":{"start":{"line":50,"column":12},"end":{"line":50,"column":43}},"31":{"start":{"line":51,"column":12},"end":{"line":51,"column":36}},"32":{"start":{"line":55,"column":4},"end":{"line":55,"column":18}},"33":{"start":{"line":65,"column":0},"end":{"line":65,"column":25}}},"branchMap":{"1":{"line":17,"type":"cond-expr","locations":[{"start":{"line":17,"column":70},"end":{"line":17,"column":73}},{"start":{"line":17,"column":76},"end":{"line":17,"column":92}}]},"2":{"line":17,"type":"binary-expr","locations":[{"start":{"line":17,"column":46},"end":{"line":17,"column":49}},{"start":{"line":17,"column":53},"end":{"line":17,"column":67}}]},"3":{"line":29,"type":"if","locations":[{"start":{"line":29,"column":8},"end":{"line":29,"column":8}},{"start":{"line":29,"column":8},"end":{"line":29,"column":8}}]}}},"/Users/lihao/Documents/nodejsworkspace/think_elasticsearch/lib/esmodel.js":{"path":"/Users/lihao/Documents/nodejsworkspace/think_elasticsearch/lib/esmodel.js","s":{"1":1,"2":1,"3":1,"4":1,"5":1,"6":1,"7":1,"8":1,"9":1,"10":1,"11":1,"12":1,"13":1,"14":1,"15":1,"16":1,"17":1,"18":1,"19":1,"20":1,"21":9,"22":1,"23":0,"24":0,"25":0,"26":0,"27":0,"28":0,"29":0,"30":0,"31":0,"32":0,"33":0,"34":0,"35":0,"36":0,"37":0,"38":0,"39":0,"40":1,"41":1,"42":1,"43":14,"44":14,"45":1,"46":14,"47":14,"48":14,"49":14,"50":1,"51":1,"52":1,"53":0,"54":1,"55":0,"56":1,"57":0,"58":1,"59":1,"60":1,"61":0,"62":0,"63":0,"64":0,"65":0,"66":0,"67":0,"68":0,"69":0,"70":0,"71":0,"72":0,"73":1,"74":1,"75":1,"76":1,"77":0,"78":0,"79":0,"80":0,"81":0,"82":0,"83":0,"84":0,"85":1,"86":0,"87":0,"88":0,"89":1,"90":0,"91":0,"92":0,"93":1,"94":0,"95":0,"96":0,"97":0,"98":0,"99":0,"100":0,"101":0,"102":0,"103":0,"104":0,"105":1,"106":0,"107":1,"108":1,"109":0,"110":1,"111":1,"112":1,"113":1,"114":1,"115":1,"116":1,"117":1,"118":1,"119":1,"120":1,"121":1,"122":1,"123":1,"124":0,"125":0,"126":0,"127":1,"128":1,"129":1,"130":1,"131":3,"132":3,"133":1,"134":0,"135":0,"136":1,"137":3,"138":3,"139":1,"140":0,"141":0,"142":0,"143":0,"144":0,"145":0,"146":1,"147":0,"148":0,"149":0,"150":0,"151":0,"152":0,"153":0,"154":0,"155":0,"156":1,"157":0,"158":0,"159":0,"160":0,"161":1,"162":1,"163":1,"164":1,"165":1,"166":1,"167":1,"168":1,"169":0,"170":0,"171":0,"172":0,"173":0,"174":0,"175":0,"176":1,"177":1,"178":1,"179":1,"180":1,"181":1,"182":1,"183":1,"184":1,"185":1,"186":1,"187":0,"188":0,"189":0,"190":0,"191":1,"192":1,"193":1,"194":1,"195":1,"196":3,"197":3,"198":3,"199":3,"200":3,"201":3,"202":0,"203":0,"204":0,"205":0,"206":0,"207":0,"208":0,"209":0,"210":0,"211":0,"212":0,"213":0,"214":0,"215":1,"216":3,"217":1,"218":1,"219":1,"220":0,"221":0,"222":0,"223":0,"224":0,"225":0,"226":0,"227":0,"228":0,"229":0,"230":1,"231":0,"232":1,"233":1,"234":1,"235":1,"236":1,"237":1,"238":1,"239":1,"240":1,"241":0,"242":0,"243":0,"244":1,"245":1,"246":1,"247":1,"248":1,"249":0,"250":0,"251":0,"252":0,"253":0,"254":0,"255":0,"256":0,"257":0,"258":1,"259":0,"260":1,"261":1,"262":1,"263":0,"264":0,"265":0,"266":0,"267":0,"268":0,"269":0,"270":0,"271":0,"272":0,"273":0,"274":0,"275":0,"276":0,"277":0,"278":0,"279":1,"280":0,"281":1,"282":1,"283":1,"284":3,"285":3,"286":3,"287":3,"288":3,"289":3,"290":0,"291":0,"292":0,"293":1,"294":3,"295":1,"296":1,"297":1,"298":0,"299":0,"300":0,"301":0,"302":0,"303":0,"304":0,"305":0,"306":0,"307":0,"308":0,"309":0,"310":0,"311":0,"312":0,"313":0,"314":0,"315":1,"316":0,"317":1,"318":1,"319":1,"320":0,"321":0,"322":0,"323":0,"324":0,"325":0,"326":0,"327":0,"328":0,"329":0,"330":0,"331":0,"332":0,"333":0,"334":0,"335":0,"336":0,"337":1,"338":0,"339":1,"340":1,"341":1,"342":0,"343":0,"344":0,"345":0,"346":0,"347":0,"348":0,"349":0,"350":0,"351":0,"352":0,"353":0,"354":0,"355":0,"356":0,"357":0,"358":0,"359":1,"360":0,"361":1,"362":1,"363":1,"364":0,"365":0,"366":0,"367":0,"368":0,"369":0,"370":0,"371":0,"372":0,"373":0,"374":0,"375":0,"376":0,"377":0,"378":0,"379":0,"380":0,"381":1,"382":0,"383":1,"384":1,"385":9,"386":9,"387":0,"388":9,"389":9,"390":9,"391":9,"392":9,"393":1,"394":1,"395":1,"396":1},"b":{"1":[7,2],"2":[9,9],"3":[0,0],"4":[0,0],"5":[0,0,0,0,0,0],"6":[0,0],"7":[1,0],"8":[1,1],"9":[0,1],"10":[0,1],"11":[0,1],"12":[0,0],"13":[0,0],"14":[0,0],"15":[0,0],"16":[0,0],"17":[0,0],"18":[0,0],"19":[0,0],"20":[0,0],"21":[0,0],"22":[0,0,0],"23":[0,1],"24":[1,0],"25":[1,1],"26":[0,0],"27":[0,0],"28":[0,0],"29":[0,0],"30":[0,0],"31":[0,0],"32":[0,0],"33":[0,0],"34":[0,0],"35":[1,0,0,0],"36":[0,0],"37":[1,0,0,0],"38":[3,0,0,0,0],"39":[0,0],"40":[0,0,0,0],"41":[0,0],"42":[0,0],"43":[0,0],"44":[0,0,0,0],"45":[1,0,0,0],"46":[0,0,0,0],"47":[0,0,0,0],"48":[0,0],"49":[0,0],"50":[3,0,0,0],"51":[0,0,0,0,0,0],"52":[0,0],"53":[0,0,0,0,0,0],"54":[0,0],"55":[0,0,0,0,0,0],"56":[0,0],"57":[0,0,0,0,0,0],"58":[0,0],"59":[0,9]},"f":{"1":9,"2":0,"3":1,"4":14,"5":14,"6":1,"7":0,"8":0,"9":0,"10":0,"11":0,"12":0,"13":1,"14":0,"15":0,"16":0,"17":0,"18":0,"19":0,"20":0,"21":0,"22":0,"23":1,"24":1,"25":1,"26":1,"27":0,"28":1,"29":3,"30":0,"31":3,"32":0,"33":0,"34":0,"35":1,"36":1,"37":1,"38":1,"39":1,"40":1,"41":1,"42":1,"43":1,"44":3,"45":3,"46":3,"47":1,"48":0,"49":0,"50":0,"51":1,"52":1,"53":1,"54":1,"55":1,"56":0,"57":0,"58":0,"59":1,"60":0,"61":0,"62":0,"63":0,"64":1,"65":3,"66":3,"67":3,"68":1,"69":0,"70":0,"71":0,"72":1,"73":0,"74":0,"75":0,"76":1,"77":0,"78":0,"79":0,"80":1,"81":0,"82":0,"83":0,"84":9,"85":0,"86":0},"fnMap":{"1":{"name":"_interopRequireDefault","line":41,"loc":{"start":{"line":41,"column":0},"end":{"line":41,"column":37}}},"2":{"name":"parseMap","line":50,"loc":{"start":{"line":50,"column":15},"end":{"line":50,"column":42}}},"3":{"name":"(anonymous_3)","line":84,"loc":{"start":{"line":84,"column":13},"end":{"line":84,"column":30}}},"4":{"name":"_class","line":87,"loc":{"start":{"line":87,"column":4},"end":{"line":87,"column":22}}},"5":{"name":"init","line":92,"loc":{"start":{"line":92,"column":28},"end":{"line":92,"column":50}}},"6":{"name":"createIndex","line":100,"loc":{"start":{"line":100,"column":25},"end":{"line":100,"column":91}}},"7":{"name":"(anonymous_7)","line":109,"loc":{"start":{"line":109,"column":60},"end":{"line":109,"column":72}}},"8":{"name":"(anonymous_8)","line":116,"loc":{"start":{"line":116,"column":16},"end":{"line":116,"column":28}}},"9":{"name":"(anonymous_9)","line":119,"loc":{"start":{"line":119,"column":56},"end":{"line":119,"column":77}}},"10":{"name":"(anonymous_10)","line":121,"loc":{"start":{"line":121,"column":24},"end":{"line":121,"column":36}}},"11":{"name":"(anonymous_11)","line":123,"loc":{"start":{"line":123,"column":25},"end":{"line":123,"column":38}}},"12":{"name":"(anonymous_12)","line":127,"loc":{"start":{"line":127,"column":16},"end":{"line":127,"column":28}}},"13":{"name":"reIndex","line":136,"loc":{"start":{"line":136,"column":21},"end":{"line":136,"column":66}}},"14":{"name":"(anonymous_14)","line":139,"loc":{"start":{"line":139,"column":58},"end":{"line":139,"column":71}}},"15":{"name":"(anonymous_15)","line":140,"loc":{"start":{"line":140,"column":60},"end":{"line":140,"column":82}}},"16":{"name":"(anonymous_16)","line":146,"loc":{"start":{"line":146,"column":94},"end":{"line":146,"column":109}}},"17":{"name":"(anonymous_17)","line":147,"loc":{"start":{"line":147,"column":63},"end":{"line":147,"column":79}}},"18":{"name":"(anonymous_18)","line":148,"loc":{"start":{"line":148,"column":43},"end":{"line":148,"column":59}}},"19":{"name":"setAlias","line":210,"loc":{"start":{"line":210,"column":22},"end":{"line":210,"column":63}}},"20":{"name":"delIndex","line":216,"loc":{"start":{"line":216,"column":22},"end":{"line":216,"column":53}}},"21":{"name":"error","line":331,"loc":{"start":{"line":331,"column":29},"end":{"line":331,"column":49}}},"22":{"name":"getPk","line":350,"loc":{"start":{"line":350,"column":29},"end":{"line":350,"column":46}}},"23":{"name":"adapter","line":359,"loc":{"start":{"line":359,"column":31},"end":{"line":359,"column":50}}},"24":{"name":"setIndex","line":366,"loc":{"start":{"line":366,"column":32},"end":{"line":366,"column":57}}},"25":{"name":"setType","line":371,"loc":{"start":{"line":371,"column":31},"end":{"line":371,"column":54}}},"26":{"name":"script","line":385,"loc":{"start":{"line":385,"column":30},"end":{"line":385,"column":48}}},"27":{"name":"match","line":398,"loc":{"start":{"line":398,"column":29},"end":{"line":398,"column":52}}},"28":{"name":"filter","line":409,"loc":{"start":{"line":409,"column":30},"end":{"line":409,"column":55}}},"29":{"name":"where","line":420,"loc":{"start":{"line":420,"column":29},"end":{"line":420,"column":52}}},"30":{"name":"route","line":431,"loc":{"start":{"line":431,"column":29},"end":{"line":431,"column":52}}},"31":{"name":"aggs","line":442,"loc":{"start":{"line":442,"column":28},"end":{"line":442,"column":49}}},"32":{"name":"field","line":463,"loc":{"start":{"line":463,"column":29},"end":{"line":463,"column":52}}},"33":{"name":"limit","line":481,"loc":{"start":{"line":481,"column":29},"end":{"line":481,"column":60}}},"34":{"name":"order","line":504,"loc":{"start":{"line":504,"column":29},"end":{"line":504,"column":52}}},"35":{"name":"(anonymous_35)","line":516,"loc":{"start":{"line":516,"column":27},"end":{"line":516,"column":39}}},"36":{"name":"_callee","line":517,"loc":{"start":{"line":517,"column":78},"end":{"line":517,"column":110}}},"37":{"name":"_callee$","line":520,"loc":{"start":{"line":520,"column":46},"end":{"line":520,"column":74}}},"38":{"name":"add","line":546,"loc":{"start":{"line":546,"column":8},"end":{"line":546,"column":31}}},"39":{"name":"(anonymous_39)","line":560,"loc":{"start":{"line":560,"column":30},"end":{"line":560,"column":42}}},"40":{"name":"_callee2","line":561,"loc":{"start":{"line":561,"column":79},"end":{"line":561,"column":112}}},"41":{"name":"_callee2$","line":563,"loc":{"start":{"line":563,"column":46},"end":{"line":563,"column":76}}},"42":{"name":"addAll","line":584,"loc":{"start":{"line":584,"column":8},"end":{"line":584,"column":34}}},"43":{"name":"(anonymous_43)","line":598,"loc":{"start":{"line":598,"column":30},"end":{"line":598,"column":42}}},"44":{"name":"_callee3","line":599,"loc":{"start":{"line":599,"column":79},"end":{"line":599,"column":112}}},"45":{"name":"_callee3$","line":602,"loc":{"start":{"line":602,"column":46},"end":{"line":602,"column":76}}},"46":{"name":"update","line":640,"loc":{"start":{"line":640,"column":8},"end":{"line":640,"column":34}}},"47":{"name":"(anonymous_47)","line":653,"loc":{"start":{"line":653,"column":28},"end":{"line":653,"column":40}}},"48":{"name":"_callee4","line":654,"loc":{"start":{"line":654,"column":79},"end":{"line":654,"column":112}}},"49":{"name":"_callee4$","line":657,"loc":{"start":{"line":657,"column":46},"end":{"line":657,"column":76}}},"50":{"name":"bulk","line":677,"loc":{"start":{"line":677,"column":8},"end":{"line":677,"column":33}}},"51":{"name":"(anonymous_51)","line":690,"loc":{"start":{"line":690,"column":28},"end":{"line":690,"column":40}}},"52":{"name":"_callee5","line":691,"loc":{"start":{"line":691,"column":79},"end":{"line":691,"column":106}}},"53":{"name":"_callee5$","line":693,"loc":{"start":{"line":693,"column":46},"end":{"line":693,"column":76}}},"54":{"name":"find","line":712,"loc":{"start":{"line":712,"column":8},"end":{"line":712,"column":28}}},"55":{"name":"(anonymous_55)","line":726,"loc":{"start":{"line":726,"column":30},"end":{"line":726,"column":42}}},"56":{"name":"_callee6","line":727,"loc":{"start":{"line":727,"column":79},"end":{"line":727,"column":106}}},"57":{"name":"_callee6$","line":729,"loc":{"start":{"line":729,"column":46},"end":{"line":729,"column":76}}},"58":{"name":"select","line":748,"loc":{"start":{"line":748,"column":8},"end":{"line":748,"column":30}}},"59":{"name":"(anonymous_59)","line":761,"loc":{"start":{"line":761,"column":33},"end":{"line":761,"column":45}}},"60":{"name":"_callee7","line":762,"loc":{"start":{"line":762,"column":79},"end":{"line":762,"column":106}}},"61":{"name":"_callee7$","line":766,"loc":{"start":{"line":766,"column":46},"end":{"line":766,"column":76}}},"62":{"name":"(anonymous_62)","line":777,"loc":{"start":{"line":777,"column":107},"end":{"line":777,"column":122}}},"63":{"name":"selectAll","line":792,"loc":{"start":{"line":792,"column":8},"end":{"line":792,"column":33}}},"64":{"name":"(anonymous_64)","line":805,"loc":{"start":{"line":805,"column":29},"end":{"line":805,"column":41}}},"65":{"name":"_callee8","line":806,"loc":{"start":{"line":806,"column":79},"end":{"line":806,"column":106}}},"66":{"name":"_callee8$","line":808,"loc":{"start":{"line":808,"column":46},"end":{"line":808,"column":76}}},"67":{"name":"count","line":827,"loc":{"start":{"line":827,"column":8},"end":{"line":827,"column":29}}},"68":{"name":"(anonymous_68)","line":840,"loc":{"start":{"line":840,"column":27},"end":{"line":840,"column":39}}},"69":{"name":"_callee9","line":841,"loc":{"start":{"line":841,"column":79},"end":{"line":841,"column":113}}},"70":{"name":"_callee9$","line":843,"loc":{"start":{"line":843,"column":46},"end":{"line":843,"column":76}}},"71":{"name":"sum","line":876,"loc":{"start":{"line":876,"column":8},"end":{"line":876,"column":33}}},"72":{"name":"(anonymous_72)","line":889,"loc":{"start":{"line":889,"column":27},"end":{"line":889,"column":39}}},"73":{"name":"_callee10","line":890,"loc":{"start":{"line":890,"column":80},"end":{"line":890,"column":115}}},"74":{"name":"_callee10$","line":892,"loc":{"start":{"line":892,"column":46},"end":{"line":892,"column":78}}},"75":{"name":"avg","line":925,"loc":{"start":{"line":925,"column":8},"end":{"line":925,"column":33}}},"76":{"name":"(anonymous_76)","line":938,"loc":{"start":{"line":938,"column":27},"end":{"line":938,"column":39}}},"77":{"name":"_callee11","line":939,"loc":{"start":{"line":939,"column":80},"end":{"line":939,"column":115}}},"78":{"name":"_callee11$","line":941,"loc":{"start":{"line":941,"column":46},"end":{"line":941,"column":78}}},"79":{"name":"min","line":974,"loc":{"start":{"line":974,"column":8},"end":{"line":974,"column":33}}},"80":{"name":"(anonymous_80)","line":987,"loc":{"start":{"line":987,"column":27},"end":{"line":987,"column":39}}},"81":{"name":"_callee12","line":988,"loc":{"start":{"line":988,"column":80},"end":{"line":988,"column":115}}},"82":{"name":"_callee12$","line":990,"loc":{"start":{"line":990,"column":46},"end":{"line":990,"column":78}}},"83":{"name":"max","line":1023,"loc":{"start":{"line":1023,"column":8},"end":{"line":1023,"column":33}}},"84":{"name":"_parseOptions","line":1036,"loc":{"start":{"line":1036,"column":37},"end":{"line":1036,"column":83}}},"85":{"name":"_checkData","line":1057,"loc":{"start":{"line":1057,"column":34},"end":{"line":1057,"column":60}}},"86":{"name":"_parseData","line":1069,"loc":{"start":{"line":1069,"column":34},"end":{"line":1069,"column":69}}}},"statementMap":{"1":{"start":{"line":3,"column":0},"end":{"line":3,"column":26}},"2":{"start":{"line":5,"column":0},"end":{"line":5,"column":56}},"3":{"start":{"line":7,"column":0},"end":{"line":7,"column":57}},"4":{"start":{"line":9,"column":0},"end":{"line":9,"column":75}},"5":{"start":{"line":11,"column":0},"end":{"line":11,"column":68}},"6":{"start":{"line":13,"column":0},"end":{"line":13,"column":65}},"7":{"start":{"line":15,"column":0},"end":{"line":15,"column":53}},"8":{"start":{"line":17,"column":0},"end":{"line":17,"column":56}},"9":{"start":{"line":19,"column":0},"end":{"line":19,"column":49}},"10":{"start":{"line":21,"column":0},"end":{"line":21,"column":71}},"11":{"start":{"line":23,"column":0},"end":{"line":23,"column":64}},"12":{"start":{"line":25,"column":0},"end":{"line":25,"column":93}},"13":{"start":{"line":27,"column":0},"end":{"line":27,"column":86}},"14":{"start":{"line":29,"column":0},"end":{"line":29,"column":59}},"15":{"start":{"line":31,"column":0},"end":{"line":31,"column":52}},"16":{"start":{"line":33,"column":0},"end":{"line":33,"column":31}},"17":{"start":{"line":35,"column":0},"end":{"line":35,"column":44}},"18":{"start":{"line":37,"column":0},"end":{"line":37,"column":33}},"19":{"start":{"line":39,"column":0},"end":{"line":39,"column":41}},"20":{"start":{"line":41,"column":0},"end":{"line":41,"column":95}},"21":{"start":{"line":41,"column":39},"end":{"line":41,"column":93}},"22":{"start":{"line":50,"column":0},"end":{"line":82,"column":2}},"23":{"start":{"line":51,"column":4},"end":{"line":80,"column":5}},"24":{"start":{"line":52,"column":8},"end":{"line":55,"column":9}},"25":{"start":{"line":53,"column":12},"end":{"line":53,"column":32}},"26":{"start":{"line":54,"column":12},"end":{"line":54,"column":21}},"27":{"start":{"line":56,"column":8},"end":{"line":79,"column":9}},"28":{"start":{"line":59,"column":16},"end":{"line":59,"column":72}},"29":{"start":{"line":60,"column":16},"end":{"line":60,"column":22}},"30":{"start":{"line":63,"column":16},"end":{"line":63,"column":72}},"31":{"start":{"line":64,"column":16},"end":{"line":64,"column":22}},"32":{"start":{"line":67,"column":16},"end":{"line":67,"column":46}},"33":{"start":{"line":68,"column":16},"end":{"line":68,"column":22}},"34":{"start":{"line":71,"column":16},"end":{"line":71,"column":70}},"35":{"start":{"line":72,"column":16},"end":{"line":72,"column":22}},"36":{"start":{"line":75,"column":16},"end":{"line":75,"column":85}},"37":{"start":{"line":76,"column":16},"end":{"line":76,"column":22}},"38":{"start":{"line":78,"column":16},"end":{"line":78,"column":22}},"39":{"start":{"line":81,"column":4},"end":{"line":81,"column":19}},"40":{"start":{"line":84,"column":0},"end":{"line":1072,"column":18}},"41":{"start":{"line":85,"column":4},"end":{"line":85,"column":43}},"42":{"start":{"line":87,"column":4},"end":{"line":90,"column":5}},"43":{"start":{"line":88,"column":8},"end":{"line":88,"column":52}},"44":{"start":{"line":89,"column":8},"end":{"line":89,"column":92}},"45":{"start":{"line":92,"column":4},"end":{"line":98,"column":6}},"46":{"start":{"line":93,"column":8},"end":{"line":93,"column":29}},"47":{"start":{"line":94,"column":8},"end":{"line":94,"column":28}},"48":{"start":{"line":95,"column":8},"end":{"line":95,"column":27}},"49":{"start":{"line":97,"column":8},"end":{"line":97,"column":25}},"50":{"start":{"line":100,"column":4},"end":{"line":134,"column":6}},"51":{"start":{"line":101,"column":8},"end":{"line":101,"column":100}},"52":{"start":{"line":103,"column":8},"end":{"line":103,"column":66}},"53":{"start":{"line":103,"column":43},"end":{"line":103,"column":66}},"54":{"start":{"line":104,"column":8},"end":{"line":104,"column":67}},"55":{"start":{"line":104,"column":45},"end":{"line":104,"column":67}},"56":{"start":{"line":105,"column":8},"end":{"line":105,"column":68}},"57":{"start":{"line":105,"column":44},"end":{"line":105,"column":68}},"58":{"start":{"line":106,"column":8},"end":{"line":106,"column":65}},"59":{"start":{"line":107,"column":8},"end":{"line":107,"column":43}},"60":{"start":{"line":109,"column":8},"end":{"line":133,"column":11}},"61":{"start":{"line":111,"column":12},"end":{"line":115,"column":13}},"62":{"start":{"line":112,"column":16},"end":{"line":112,"column":60}},"63":{"start":{"line":114,"column":16},"end":{"line":114,"column":51}},"64":{"start":{"line":118,"column":12},"end":{"line":126,"column":13}},"65":{"start":{"line":119,"column":16},"end":{"line":125,"column":19}},"66":{"start":{"line":120,"column":20},"end":{"line":120,"column":103}},"67":{"start":{"line":120,"column":45},"end":{"line":120,"column":103}},"68":{"start":{"line":122,"column":20},"end":{"line":122,"column":55}},"69":{"start":{"line":124,"column":20},"end":{"line":124,"column":35}},"70":{"start":{"line":129,"column":12},"end":{"line":131,"column":13}},"71":{"start":{"line":130,"column":16},"end":{"line":130,"column":59}},"72":{"start":{"line":132,"column":12},"end":{"line":132,"column":47}},"73":{"start":{"line":136,"column":4},"end":{"line":208,"column":6}},"74":{"start":{"line":137,"column":8},"end":{"line":137,"column":65}},"75":{"start":{"line":138,"column":8},"end":{"line":138,"column":43}},"76":{"start":{"line":139,"column":8},"end":{"line":207,"column":11}},"77":{"start":{"line":140,"column":12},"end":{"line":192,"column":15}},"78":{"start":{"line":144,"column":16},"end":{"line":145,"column":30}},"79":{"start":{"line":146,"column":16},"end":{"line":161,"column":19}},"80":{"start":{"line":147,"column":20},"end":{"line":160,"column":23}},"81":{"start":{"line":148,"column":24},"end":{"line":157,"column":27}},"82":{"start":{"line":149,"column":28},"end":{"line":155,"column":31}},"83":{"start":{"line":156,"column":28},"end":{"line":156,"column":52}},"84":{"start":{"line":159,"column":24},"end":{"line":159,"column":44}},"85":{"start":{"line":210,"column":4},"end":{"line":214,"column":6}},"86":{"start":{"line":211,"column":8},"end":{"line":211,"column":65}},"87":{"start":{"line":212,"column":8},"end":{"line":212,"column":43}},"88":{"start":{"line":213,"column":8},"end":{"line":213,"column":48}},"89":{"start":{"line":216,"column":4},"end":{"line":220,"column":6}},"90":{"start":{"line":217,"column":8},"end":{"line":217,"column":65}},"91":{"start":{"line":218,"column":8},"end":{"line":218,"column":43}},"92":{"start":{"line":219,"column":8},"end":{"line":219,"column":40}},"93":{"start":{"line":331,"column":4},"end":{"line":348,"column":6}},"94":{"start":{"line":332,"column":8},"end":{"line":346,"column":9}},"95":{"start":{"line":333,"column":12},"end":{"line":333,"column":26}},"96":{"start":{"line":334,"column":12},"end":{"line":339,"column":13}},"97":{"start":{"line":335,"column":16},"end":{"line":337,"column":17}},"98":{"start":{"line":336,"column":20},"end":{"line":336,"column":56}},"99":{"start":{"line":338,"column":16},"end":{"line":338,"column":37}},"100":{"start":{"line":340,"column":12},"end":{"line":340,"column":69}},"101":{"start":{"line":342,"column":12},"end":{"line":344,"column":13}},"102":{"start":{"line":343,"column":16},"end":{"line":343,"column":81}},"103":{"start":{"line":345,"column":12},"end":{"line":345,"column":35}},"104":{"start":{"line":347,"column":8},"end":{"line":347,"column":48}},"105":{"start":{"line":350,"column":4},"end":{"line":352,"column":6}},"106":{"start":{"line":351,"column":8},"end":{"line":351,"column":21}},"107":{"start":{"line":359,"column":4},"end":{"line":364,"column":6}},"108":{"start":{"line":360,"column":8},"end":{"line":360,"column":48}},"109":{"start":{"line":360,"column":27},"end":{"line":360,"column":48}},"110":{"start":{"line":361,"column":8},"end":{"line":361,"column":65}},"111":{"start":{"line":362,"column":8},"end":{"line":362,"column":49}},"112":{"start":{"line":363,"column":8},"end":{"line":363,"column":29}},"113":{"start":{"line":366,"column":4},"end":{"line":369,"column":6}},"114":{"start":{"line":367,"column":8},"end":{"line":367,"column":27}},"115":{"start":{"line":368,"column":8},"end":{"line":368,"column":20}},"116":{"start":{"line":371,"column":4},"end":{"line":374,"column":6}},"117":{"start":{"line":372,"column":8},"end":{"line":372,"column":25}},"118":{"start":{"line":373,"column":8},"end":{"line":373,"column":20}},"119":{"start":{"line":385,"column":4},"end":{"line":390,"column":6}},"120":{"start":{"line":386,"column":8},"end":{"line":386,"column":93}},"121":{"start":{"line":388,"column":8},"end":{"line":388,"column":37}},"122":{"start":{"line":389,"column":8},"end":{"line":389,"column":20}},"123":{"start":{"line":398,"column":4},"end":{"line":401,"column":6}},"124":{"start":{"line":399,"column":8},"end":{"line":399,"column":83}},"125":{"start":{"line":399,"column":44},"end":{"line":399,"column":83}},"126":{"start":{"line":400,"column":8},"end":{"line":400,"column":20}},"127":{"start":{"line":409,"column":4},"end":{"line":412,"column":6}},"128":{"start":{"line":410,"column":8},"end":{"line":410,"column":40}},"129":{"start":{"line":411,"column":8},"end":{"line":411,"column":20}},"130":{"start":{"line":420,"column":4},"end":{"line":423,"column":6}},"131":{"start":{"line":421,"column":8},"end":{"line":421,"column":38}},"132":{"start":{"line":422,"column":8},"end":{"line":422,"column":20}},"133":{"start":{"line":431,"column":4},"end":{"line":434,"column":6}},"134":{"start":{"line":432,"column":8},"end":{"line":432,"column":38}},"135":{"start":{"line":433,"column":8},"end":{"line":433,"column":20}},"136":{"start":{"line":442,"column":4},"end":{"line":445,"column":6}},"137":{"start":{"line":443,"column":8},"end":{"line":443,"column":36}},"138":{"start":{"line":444,"column":8},"end":{"line":444,"column":20}},"139":{"start":{"line":463,"column":4},"end":{"line":472,"column":6}},"140":{"start":{"line":464,"column":8},"end":{"line":466,"column":9}},"141":{"start":{"line":465,"column":12},"end":{"line":465,"column":24}},"142":{"start":{"line":467,"column":8},"end":{"line":469,"column":9}},"143":{"start":{"line":468,"column":12},"end":{"line":468,"column":58}},"144":{"start":{"line":470,"column":8},"end":{"line":470,"column":39}},"145":{"start":{"line":471,"column":8},"end":{"line":471,"column":20}},"146":{"start":{"line":481,"column":4},"end":{"line":496,"column":6}},"147":{"start":{"line":482,"column":8},"end":{"line":484,"column":9}},"148":{"start":{"line":483,"column":12},"end":{"line":483,"column":24}},"149":{"start":{"line":486,"column":8},"end":{"line":488,"column":9}},"150":{"start":{"line":487,"column":12},"end":{"line":487,"column":51}},"151":{"start":{"line":490,"column":8},"end":{"line":490,"column":52}},"152":{"start":{"line":491,"column":8},"end":{"line":493,"column":9}},"153":{"start":{"line":492,"column":12},"end":{"line":492,"column":56}},"154":{"start":{"line":494,"column":8},"end":{"line":494,"column":48}},"155":{"start":{"line":495,"column":8},"end":{"line":495,"column":20}},"156":{"start":{"line":504,"column":4},"end":{"line":508,"column":6}},"157":{"start":{"line":505,"column":8},"end":{"line":505,"column":46}},"158":{"start":{"line":505,"column":34},"end":{"line":505,"column":46}},"159":{"start":{"line":506,"column":8},"end":{"line":506,"column":38}},"160":{"start":{"line":507,"column":8},"end":{"line":507,"column":20}},"161":{"start":{"line":516,"column":4},"end":{"line":551,"column":8}},"162":{"start":{"line":517,"column":8},"end":{"line":544,"column":12}},"163":{"start":{"line":518,"column":12},"end":{"line":518,"column":38}},"164":{"start":{"line":520,"column":12},"end":{"line":543,"column":30}},"165":{"start":{"line":521,"column":16},"end":{"line":542,"column":17}},"166":{"start":{"line":522,"column":20},"end":{"line":541,"column":21}},"167":{"start":{"line":524,"column":28},"end":{"line":524,"column":46}},"168":{"start":{"line":525,"column":28},"end":{"line":525,"column":63}},"169":{"start":{"line":528,"column":28},"end":{"line":528,"column":58}},"170":{"start":{"line":529,"column":28},"end":{"line":529,"column":68}},"171":{"start":{"line":531,"column":28},"end":{"line":534,"column":29}},"172":{"start":{"line":532,"column":32},"end":{"line":532,"column":62}},"173":{"start":{"line":533,"column":32},"end":{"line":533,"column":50}},"174":{"start":{"line":536,"column":28},"end":{"line":536,"column":104}},"175":{"start":{"line":540,"column":28},"end":{"line":540,"column":51}},"176":{"start":{"line":546,"column":8},"end":{"line":548,"column":9}},"177":{"start":{"line":547,"column":12},"end":{"line":547,"column":47}},"178":{"start":{"line":550,"column":8},"end":{"line":550,"column":19}},"179":{"start":{"line":560,"column":4},"end":{"line":589,"column":8}},"180":{"start":{"line":561,"column":8},"end":{"line":582,"column":12}},"181":{"start":{"line":562,"column":12},"end":{"line":562,"column":30}},"182":{"start":{"line":563,"column":12},"end":{"line":581,"column":31}},"183":{"start":{"line":564,"column":16},"end":{"line":580,"column":17}},"184":{"start":{"line":565,"column":20},"end":{"line":579,"column":21}},"185":{"start":{"line":567,"column":28},"end":{"line":567,"column":47}},"186":{"start":{"line":568,"column":28},"end":{"line":568,"column":63}},"187":{"start":{"line":571,"column":28},"end":{"line":571,"column":59}},"188":{"start":{"line":573,"column":28},"end":{"line":573,"column":73}},"189":{"start":{"line":574,"column":28},"end":{"line":574,"column":113}},"190":{"start":{"line":578,"column":28},"end":{"line":578,"column":52}},"191":{"start":{"line":584,"column":8},"end":{"line":586,"column":9}},"192":{"start":{"line":585,"column":12},"end":{"line":585,"column":48}},"193":{"start":{"line":588,"column":8},"end":{"line":588,"column":22}},"194":{"start":{"line":598,"column":4},"end":{"line":645,"column":8}},"195":{"start":{"line":599,"column":8},"end":{"line":638,"column":12}},"196":{"start":{"line":600,"column":12},"end":{"line":600,"column":37}},"197":{"start":{"line":602,"column":12},"end":{"line":637,"column":31}},"198":{"start":{"line":603,"column":16},"end":{"line":636,"column":17}},"199":{"start":{"line":604,"column":20},"end":{"line":635,"column":21}},"200":{"start":{"line":606,"column":28},"end":{"line":606,"column":47}},"201":{"start":{"line":607,"column":28},"end":{"line":607,"column":63}},"202":{"start":{"line":610,"column":28},"end":{"line":610,"column":58}},"203":{"start":{"line":611,"column":28},"end":{"line":611,"column":68}},"204":{"start":{"line":613,"column":28},"end":{"line":616,"column":29}},"205":{"start":{"line":614,"column":32},"end":{"line":614,"column":51}},"206":{"start":{"line":615,"column":32},"end":{"line":615,"column":38}},"207":{"start":{"line":618,"column":28},"end":{"line":618,"column":88}},"208":{"start":{"line":621,"column":28},"end":{"line":624,"column":29}},"209":{"start":{"line":622,"column":32},"end":{"line":622,"column":60}},"210":{"start":{"line":623,"column":32},"end":{"line":623,"column":49}},"211":{"start":{"line":627,"column":28},"end":{"line":629,"column":29}},"212":{"start":{"line":628,"column":32},"end":{"line":628,"column":72}},"213":{"start":{"line":630,"column":28},"end":{"line":630,"column":107}},"214":{"start":{"line":634,"column":28},"end":{"line":634,"column":52}},"215":{"start":{"line":640,"column":8},"end":{"line":642,"column":9}},"216":{"start":{"line":641,"column":12},"end":{"line":641,"column":48}},"217":{"start":{"line":644,"column":8},"end":{"line":644,"column":22}},"218":{"start":{"line":653,"column":4},"end":{"line":682,"column":8}},"219":{"start":{"line":654,"column":8},"end":{"line":675,"column":12}},"220":{"start":{"line":655,"column":12},"end":{"line":655,"column":37}},"221":{"start":{"line":657,"column":12},"end":{"line":674,"column":31}},"222":{"start":{"line":658,"column":16},"end":{"line":673,"column":17}},"223":{"start":{"line":659,"column":20},"end":{"line":672,"column":21}},"224":{"start":{"line":661,"column":28},"end":{"line":661,"column":47}},"225":{"start":{"line":662,"column":28},"end":{"line":662,"column":63}},"226":{"start":{"line":665,"column":28},"end":{"line":665,"column":58}},"227":{"start":{"line":666,"column":28},"end":{"line":666,"column":68}},"228":{"start":{"line":667,"column":28},"end":{"line":667,"column":105}},"229":{"start":{"line":671,"column":28},"end":{"line":671,"column":52}},"230":{"start":{"line":677,"column":8},"end":{"line":679,"column":9}},"231":{"start":{"line":678,"column":12},"end":{"line":678,"column":48}},"232":{"start":{"line":681,"column":8},"end":{"line":681,"column":20}},"233":{"start":{"line":690,"column":4},"end":{"line":717,"column":8}},"234":{"start":{"line":691,"column":8},"end":{"line":710,"column":12}},"235":{"start":{"line":692,"column":12},"end":{"line":692,"column":30}},"236":{"start":{"line":693,"column":12},"end":{"line":709,"column":31}},"237":{"start":{"line":694,"column":16},"end":{"line":708,"column":17}},"238":{"start":{"line":695,"column":20},"end":{"line":707,"column":21}},"239":{"start":{"line":697,"column":28},"end":{"line":697,"column":47}},"240":{"start":{"line":698,"column":28},"end":{"line":698,"column":63}},"241":{"start":{"line":701,"column":28},"end":{"line":701,"column":59}},"242":{"start":{"line":702,"column":28},"end":{"line":702,"column":98}},"243":{"start":{"line":706,"column":28},"end":{"line":706,"column":52}},"244":{"start":{"line":712,"column":8},"end":{"line":714,"column":9}},"245":{"start":{"line":713,"column":12},"end":{"line":713,"column":48}},"246":{"start":{"line":716,"column":8},"end":{"line":716,"column":20}},"247":{"start":{"line":726,"column":4},"end":{"line":753,"column":8}},"248":{"start":{"line":727,"column":8},"end":{"line":746,"column":12}},"249":{"start":{"line":728,"column":12},"end":{"line":728,"column":30}},"250":{"start":{"line":729,"column":12},"end":{"line":745,"column":31}},"251":{"start":{"line":730,"column":16},"end":{"line":744,"column":17}},"252":{"start":{"line":731,"column":20},"end":{"line":743,"column":21}},"253":{"start":{"line":733,"column":28},"end":{"line":733,"column":47}},"254":{"start":{"line":734,"column":28},"end":{"line":734,"column":63}},"255":{"start":{"line":737,"column":28},"end":{"line":737,"column":59}},"256":{"start":{"line":738,"column":28},"end":{"line":738,"column":100}},"257":{"start":{"line":742,"column":28},"end":{"line":742,"column":52}},"258":{"start":{"line":748,"column":8},"end":{"line":750,"column":9}},"259":{"start":{"line":749,"column":12},"end":{"line":749,"column":48}},"260":{"start":{"line":752,"column":8},"end":{"line":752,"column":22}},"261":{"start":{"line":761,"column":4},"end":{"line":797,"column":8}},"262":{"start":{"line":762,"column":8},"end":{"line":790,"column":12}},"263":{"start":{"line":763,"column":12},"end":{"line":763,"column":30}},"264":{"start":{"line":765,"column":12},"end":{"line":765,"column":30}},"265":{"start":{"line":766,"column":12},"end":{"line":789,"column":31}},"266":{"start":{"line":767,"column":16},"end":{"line":788,"column":17}},"267":{"start":{"line":768,"column":20},"end":{"line":787,"column":21}},"268":{"start":{"line":770,"column":28},"end":{"line":770,"column":47}},"269":{"start":{"line":771,"column":28},"end":{"line":771,"column":63}},"270":{"start":{"line":774,"column":28},"end":{"line":774,"column":59}},"271":{"start":{"line":776,"column":28},"end":{"line":776,"column":56}},"272":{"start":{"line":777,"column":28},"end":{"line":782,"column":32}},"273":{"start":{"line":778,"column":32},"end":{"line":778,"column":74}},"274":{"start":{"line":778,"column":64},"end":{"line":778,"column":74}},"275":{"start":{"line":779,"column":32},"end":{"line":779,"column":85}},"276":{"start":{"line":779,"column":75},"end":{"line":779,"column":85}},"277":{"start":{"line":781,"column":32},"end":{"line":781,"column":101}},"278":{"start":{"line":786,"column":28},"end":{"line":786,"column":52}},"279":{"start":{"line":792,"column":8},"end":{"line":794,"column":9}},"280":{"start":{"line":793,"column":12},"end":{"line":793,"column":48}},"281":{"start":{"line":796,"column":8},"end":{"line":796,"column":25}},"282":{"start":{"line":805,"column":4},"end":{"line":832,"column":8}},"283":{"start":{"line":806,"column":8},"end":{"line":825,"column":12}},"284":{"start":{"line":807,"column":12},"end":{"line":807,"column":30}},"285":{"start":{"line":808,"column":12},"end":{"line":824,"column":31}},"286":{"start":{"line":809,"column":16},"end":{"line":823,"column":17}},"287":{"start":{"line":810,"column":20},"end":{"line":822,"column":21}},"288":{"start":{"line":812,"column":28},"end":{"line":812,"column":47}},"289":{"start":{"line":813,"column":28},"end":{"line":813,"column":63}},"290":{"start":{"line":816,"column":28},"end":{"line":816,"column":59}},"291":{"start":{"line":817,"column":28},"end":{"line":817,"column":99}},"292":{"start":{"line":821,"column":28},"end":{"line":821,"column":52}},"293":{"start":{"line":827,"column":8},"end":{"line":829,"column":9}},"294":{"start":{"line":828,"column":12},"end":{"line":828,"column":48}},"295":{"start":{"line":831,"column":8},"end":{"line":831,"column":21}},"296":{"start":{"line":840,"column":4},"end":{"line":881,"column":8}},"297":{"start":{"line":841,"column":8},"end":{"line":874,"column":12}},"298":{"start":{"line":842,"column":12},"end":{"line":842,"column":35}},"299":{"start":{"line":843,"column":12},"end":{"line":873,"column":31}},"300":{"start":{"line":844,"column":16},"end":{"line":872,"column":17}},"301":{"start":{"line":845,"column":20},"end":{"line":871,"column":21}},"302":{"start":{"line":847,"column":28},"end":{"line":850,"column":29}},"303":{"start":{"line":848,"column":32},"end":{"line":848,"column":51}},"304":{"start":{"line":849,"column":32},"end":{"line":849,"column":38}},"305":{"start":{"line":852,"column":28},"end":{"line":852,"column":92}},"306":{"start":{"line":855,"column":28},"end":{"line":855,"column":74}},"307":{"start":{"line":856,"column":28},"end":{"line":856,"column":47}},"308":{"start":{"line":857,"column":28},"end":{"line":857,"column":63}},"309":{"start":{"line":860,"column":28},"end":{"line":860,"column":59}},"310":{"start":{"line":861,"column":28},"end":{"line":861,"column":47}},"311":{"start":{"line":862,"column":28},"end":{"line":862,"column":71}},"312":{"start":{"line":865,"column":28},"end":{"line":865,"column":49}},"313":{"start":{"line":866,"column":28},"end":{"line":866,"column":90}},"314":{"start":{"line":870,"column":28},"end":{"line":870,"column":52}},"315":{"start":{"line":876,"column":8},"end":{"line":878,"column":9}},"316":{"start":{"line":877,"column":12},"end":{"line":877,"column":48}},"317":{"start":{"line":880,"column":8},"end":{"line":880,"column":19}},"318":{"start":{"line":889,"column":4},"end":{"line":930,"column":8}},"319":{"start":{"line":890,"column":8},"end":{"line":923,"column":12}},"320":{"start":{"line":891,"column":12},"end":{"line":891,"column":35}},"321":{"start":{"line":892,"column":12},"end":{"line":922,"column":32}},"322":{"start":{"line":893,"column":16},"end":{"line":921,"column":17}},"323":{"start":{"line":894,"column":20},"end":{"line":920,"column":21}},"324":{"start":{"line":896,"column":28},"end":{"line":899,"column":29}},"325":{"start":{"line":897,"column":32},"end":{"line":897,"column":52}},"326":{"start":{"line":898,"column":32},"end":{"line":898,"column":38}},"327":{"start":{"line":901,"column":28},"end":{"line":901,"column":93}},"328":{"start":{"line":904,"column":28},"end":{"line":904,"column":74}},"329":{"start":{"line":905,"column":28},"end":{"line":905,"column":48}},"330":{"start":{"line":906,"column":28},"end":{"line":906,"column":63}},"331":{"start":{"line":909,"column":28},"end":{"line":909,"column":60}},"332":{"start":{"line":910,"column":28},"end":{"line":910,"column":48}},"333":{"start":{"line":911,"column":28},"end":{"line":911,"column":71}},"334":{"start":{"line":914,"column":28},"end":{"line":914,"column":50}},"335":{"start":{"line":915,"column":28},"end":{"line":915,"column":91}},"336":{"start":{"line":919,"column":28},"end":{"line":919,"column":53}},"337":{"start":{"line":925,"column":8},"end":{"line":927,"column":9}},"338":{"start":{"line":926,"column":12},"end":{"line":926,"column":49}},"339":{"start":{"line":929,"column":8},"end":{"line":929,"column":19}},"340":{"start":{"line":938,"column":4},"end":{"line":979,"column":8}},"341":{"start":{"line":939,"column":8},"end":{"line":972,"column":12}},"342":{"start":{"line":940,"column":12},"end":{"line":940,"column":35}},"343":{"start":{"line":941,"column":12},"end":{"line":971,"column":32}},"344":{"start":{"line":942,"column":16},"end":{"line":970,"column":17}},"345":{"start":{"line":943,"column":20},"end":{"line":969,"column":21}},"346":{"start":{"line":945,"column":28},"end":{"line":948,"column":29}},"347":{"start":{"line":946,"column":32},"end":{"line":946,"column":52}},"348":{"start":{"line":947,"column":32},"end":{"line":947,"column":38}},"349":{"start":{"line":950,"column":28},"end":{"line":950,"column":93}},"350":{"start":{"line":953,"column":28},"end":{"line":953,"column":74}},"351":{"start":{"line":954,"column":28},"end":{"line":954,"column":48}},"352":{"start":{"line":955,"column":28},"end":{"line":955,"column":63}},"353":{"start":{"line":958,"column":28},"end":{"line":958,"column":60}},"354":{"start":{"line":959,"column":28},"end":{"line":959,"column":48}},"355":{"start":{"line":960,"column":28},"end":{"line":960,"column":71}},"356":{"start":{"line":963,"column":28},"end":{"line":963,"column":50}},"357":{"start":{"line":964,"column":28},"end":{"line":964,"column":91}},"358":{"start":{"line":968,"column":28},"end":{"line":968,"column":53}},"359":{"start":{"line":974,"column":8},"end":{"line":976,"column":9}},"360":{"start":{"line":975,"column":12},"end":{"line":975,"column":49}},"361":{"start":{"line":978,"column":8},"end":{"line":978,"column":19}},"362":{"start":{"line":987,"column":4},"end":{"line":1028,"column":8}},"363":{"start":{"line":988,"column":8},"end":{"line":1021,"column":12}},"364":{"start":{"line":989,"column":12},"end":{"line":989,"column":35}},"365":{"start":{"line":990,"column":12},"end":{"line":1020,"column":32}},"366":{"start":{"line":991,"column":16},"end":{"line":1019,"column":17}},"367":{"start":{"line":992,"column":20},"end":{"line":1018,"column":21}},"368":{"start":{"line":994,"column":28},"end":{"line":997,"column":29}},"369":{"start":{"line":995,"column":32},"end":{"line":995,"column":52}},"370":{"start":{"line":996,"column":32},"end":{"line":996,"column":38}},"371":{"start":{"line":999,"column":28},"end":{"line":999,"column":93}},"372":{"start":{"line":1002,"column":28},"end":{"line":1002,"column":74}},"373":{"start":{"line":1003,"column":28},"end":{"line":1003,"column":48}},"374":{"start":{"line":1004,"column":28},"end":{"line":1004,"column":63}},"375":{"start":{"line":1007,"column":28},"end":{"line":1007,"column":60}},"376":{"start":{"line":1008,"column":28},"end":{"line":1008,"column":48}},"377":{"start":{"line":1009,"column":28},"end":{"line":1009,"column":71}},"378":{"start":{"line":1012,"column":28},"end":{"line":1012,"column":50}},"379":{"start":{"line":1013,"column":28},"end":{"line":1013,"column":91}},"380":{"start":{"line":1017,"column":28},"end":{"line":1017,"column":53}},"381":{"start":{"line":1023,"column":8},"end":{"line":1025,"column":9}},"382":{"start":{"line":1024,"column":12},"end":{"line":1024,"column":49}},"383":{"start":{"line":1027,"column":8},"end":{"line":1027,"column":19}},"384":{"start":{"line":1036,"column":4},"end":{"line":1048,"column":6}},"385":{"start":{"line":1037,"column":8},"end":{"line":1037,"column":29}},"386":{"start":{"line":1038,"column":8},"end":{"line":1042,"column":9}},"387":{"start":{"line":1039,"column":12},"end":{"line":1039,"column":63}},"388":{"start":{"line":1041,"column":12},"end":{"line":1041,"column":86}},"389":{"start":{"line":1044,"column":8},"end":{"line":1044,"column":28}},"390":{"start":{"line":1045,"column":8},"end":{"line":1045,"column":35}},"391":{"start":{"line":1046,"column":8},"end":{"line":1046,"column":33}},"392":{"start":{"line":1047,"column":8},"end":{"line":1047,"column":23}},"393":{"start":{"line":1057,"column":4},"end":{"line":1067,"column":5}},"394":{"start":{"line":1069,"column":4},"end":{"line":1069,"column":72}},"395":{"start":{"line":1071,"column":4},"end":{"line":1071,"column":18}},"396":{"start":{"line":1074,"column":0},"end":{"line":1074,"column":25}}},"branchMap":{"1":{"line":41,"type":"cond-expr","locations":[{"start":{"line":41,"column":70},"end":{"line":41,"column":73}},{"start":{"line":41,"column":76},"end":{"line":41,"column":92}}]},"2":{"line":41,"type":"binary-expr","locations":[{"start":{"line":41,"column":46},"end":{"line":41,"column":49}},{"start":{"line":41,"column":53},"end":{"line":41,"column":67}}]},"3":{"line":52,"type":"if","locations":[{"start":{"line":52,"column":8},"end":{"line":52,"column":8}},{"start":{"line":52,"column":8},"end":{"line":52,"column":8}}]},"4":{"line":52,"type":"binary-expr","locations":[{"start":{"line":52,"column":12},"end":{"line":52,"column":48}},{"start":{"line":52,"column":52},"end":{"line":52,"column":92}}]},"5":{"line":56,"type":"switch","locations":[{"start":{"line":57,"column":12},"end":{"line":60,"column":22}},{"start":{"line":61,"column":12},"end":{"line":64,"column":22}},{"start":{"line":65,"column":12},"end":{"line":68,"column":22}},{"start":{"line":69,"column":12},"end":{"line":72,"column":22}},{"start":{"line":73,"column":12},"end":{"line":76,"column":22}},{"start":{"line":77,"column":12},"end":{"line":78,"column":22}}]},"6":{"line":75,"type":"binary-expr","locations":[{"start":{"line":75,"column":16},"end":{"line":75,"column":40}},{"start":{"line":75,"column":45},"end":{"line":75,"column":83}}]},"7":{"line":101,"type":"cond-expr","locations":[{"start":{"line":101,"column":79},"end":{"line":101,"column":91}},{"start":{"line":101,"column":94},"end":{"line":101,"column":99}}]},"8":{"line":101,"type":"binary-expr","locations":[{"start":{"line":101,"column":26},"end":{"line":101,"column":46}},{"start":{"line":101,"column":50},"end":{"line":101,"column":76}}]},"9":{"line":103,"type":"if","locations":[{"start":{"line":103,"column":8},"end":{"line":103,"column":8}},{"start":{"line":103,"column":8},"end":{"line":103,"column":8}}]},"10":{"line":104,"type":"if","locations":[{"start":{"line":104,"column":8},"end":{"line":104,"column":8}},{"start":{"line":104,"column":8},"end":{"line":104,"column":8}}]},"11":{"line":105,"type":"if","locations":[{"start":{"line":105,"column":8},"end":{"line":105,"column":8}},{"start":{"line":105,"column":8},"end":{"line":105,"column":8}}]},"12":{"line":111,"type":"if","locations":[{"start":{"line":111,"column":12},"end":{"line":111,"column":12}},{"start":{"line":111,"column":12},"end":{"line":111,"column":12}}]},"13":{"line":118,"type":"if","locations":[{"start":{"line":118,"column":12},"end":{"line":118,"column":12}},{"start":{"line":118,"column":12},"end":{"line":118,"column":12}}]},"14":{"line":120,"type":"if","locations":[{"start":{"line":120,"column":20},"end":{"line":120,"column":20}},{"start":{"line":120,"column":20},"end":{"line":120,"column":20}}]},"15":{"line":129,"type":"if","locations":[{"start":{"line":129,"column":12},"end":{"line":129,"column":12}},{"start":{"line":129,"column":12},"end":{"line":129,"column":12}}]},"16":{"line":332,"type":"if","locations":[{"start":{"line":332,"column":8},"end":{"line":332,"column":8}},{"start":{"line":332,"column":8},"end":{"line":332,"column":8}}]},"17":{"line":334,"type":"if","locations":[{"start":{"line":334,"column":12},"end":{"line":334,"column":12}},{"start":{"line":334,"column":12},"end":{"line":334,"column":12}}]},"18":{"line":335,"type":"if","locations":[{"start":{"line":335,"column":16},"end":{"line":335,"column":16}},{"start":{"line":335,"column":16},"end":{"line":335,"column":16}}]},"19":{"line":340,"type":"cond-expr","locations":[{"start":{"line":340,"column":38},"end":{"line":340,"column":63}},{"start":{"line":340,"column":66},"end":{"line":340,"column":68}}]},"20":{"line":342,"type":"if","locations":[{"start":{"line":342,"column":12},"end":{"line":342,"column":12}},{"start":{"line":342,"column":12},"end":{"line":342,"column":12}}]},"21":{"line":342,"type":"binary-expr","locations":[{"start":{"line":342,"column":16},"end":{"line":342,"column":41}},{"start":{"line":342,"column":45},"end":{"line":342,"column":70}}]},"22":{"line":343,"type":"binary-expr","locations":[{"st
[...]
ne":669,"column":8},"end":{"line":675,"column":10}},"221":{"start":{"line":676,"column":8},"end":{"line":678,"column":9}},"222":{"start":{"line":677,"column":12},"end":{"line":677,"column":144}},"223":{"start":{"line":677,"column":83},"end":{"line":677,"column":144}},"224":{"start":{"line":687,"column":4},"end":{"line":689,"column":6}},"225":{"start":{"line":688,"column":8},"end":{"line":688,"column":42}},"226":{"start":{"line":697,"column":4},"end":{"line":699,"column":6}},"227":{"start":{"line":698,"column":8},"end":{"line":698,"column":41}},"228":{"start":{"line":701,"column":4},"end":{"line":703,"column":6}},"229":{"start":{"line":702,"column":8},"end":{"line":702,"column":47}},"230":{"start":{"line":705,"column":4},"end":{"line":707,"column":6}},"231":{"start":{"line":706,"column":8},"end":{"line":706,"column":54}},"232":{"start":{"line":716,"column":4},"end":{"line":718,"column":6}},"233":{"start":{"line":717,"column":8},"end":{"line":717,"column":37}},"234":{"start":{"line":726,"column":4},"end":{"line":728,"column":6}},"235":{"start":{"line":727,"column":8},"end":{"line":727,"column":44}},"236":{"start":{"line":736,"column":4},"end":{"line":740,"column":6}},"237":{"start":{"line":737,"column":8},"end":{"line":737,"column":59}},"238":{"start":{"line":737,"column":52},"end":{"line":737,"column":59}},"239":{"start":{"line":738,"column":8},"end":{"line":738,"column":48}},"240":{"start":{"line":739,"column":8},"end":{"line":739,"column":44}},"241":{"start":{"line":748,"column":4},"end":{"line":750,"column":6}},"242":{"start":{"line":749,"column":8},"end":{"line":749,"column":52}},"243":{"start":{"line":758,"column":4},"end":{"line":762,"column":6}},"244":{"start":{"line":759,"column":8},"end":{"line":759,"column":48}},"245":{"start":{"line":760,"column":8},"end":{"line":760,"column":98}},"246":{"start":{"line":761,"column":8},"end":{"line":761,"column":66}},"247":{"start":{"line":770,"column":4},"end":{"line":774,"column":6}},"248":{"start":{"line":771,"column":8},"end":{"line":771,"column":50}},"249":{"start":{"line":772,"column":8},"end":{"line":772,"column":100}},"250":{"start":{"line":773,"column":8},"end":{"line":773,"column":68}},"251":{"start":{"line":776,"column":4},"end":{"line":778,"column":6}},"252":{"start":{"line":777,"column":8},"end":{"line":777,"column":45}},"253":{"start":{"line":786,"column":4},"end":{"line":788,"column":6}},"254":{"start":{"line":787,"column":8},"end":{"line":787,"column":47}},"255":{"start":{"line":790,"column":4},"end":{"line":792,"column":6}},"256":{"start":{"line":791,"column":8},"end":{"line":791,"column":45}},"257":{"start":{"line":794,"column":4},"end":{"line":796,"column":6}},"258":{"start":{"line":795,"column":8},"end":{"line":795,"column":47}},"259":{"start":{"line":798,"column":4},"end":{"line":798,"column":18}},"260":{"start":{"line":801,"column":0},"end":{"line":801,"column":25}}},"branchMap":{"1":{"line":37,"type":"cond-expr","locations":[{"start":{"line":37,"column":70},"end":{"line":37,"column":73}},{"start":{"line":37,"column":76},"end":{"line":37,"column":92}}]},"2":{"line":37,"type":"binary-expr","locations":[{"start":{"line":37,"column":46},"end":{"line":37,"column":49}},{"start":{"line":37,"column":53},"end":{"line":37,"column":67}}]},"3":{"line":47,"type":"cond-expr","locations":[{"start":{"line":47,"column":73},"end":{"line":47,"column":85}},{"start":{"line":47,"column":88},"end":{"line":47,"column":90}}]},"4":{"line":47,"type":"binary-expr","locations":[{"start":{"line":47,"column":20},"end":{"line":47,"column":40}},{"start":{"line":47,"column":44},"end":{"line":47,"column":70}}]},"5":{"line":52,"type":"cond-expr","locations":[{"start":{"line":52,"column":66},"end":{"line":52,"column":78}},{"start":{"line":52,"column":81},"end":{"line":52,"column":87}}]},"6":{"line":52,"type":"binary-expr","locations":[{"start":{"line":52,"column":13},"end":{"line":52,"column":33}},{"start":{"line":52,"column":37},"end":{"line":52,"column":63}}]},"7":{"line":78,"type":"switch","locations":[{"start":{"line":79,"column":12},"end":{"line":100,"column":22}},{"start":{"line":101,"column":12},"end":{"line":123,"column":22}},{"start":{"line":124,"column":12},"end":{"line":127,"column":22}},{"start":{"line":128,"column":12},"end":{"line":131,"column":22}},{"start":{"line":132,"column":12},"end":{"line":135,"column":22}},{"start":{"line":136,"column":12},"end":{"line":139,"column":22}},{"start":{"line":140,"column":12},"end":{"line":143,"column":22}},{"start":{"line":144,"column":12},"end":{"line":144,"column":24}},{"start":{"line":145,"column":12},"end":{"line":154,"column":22}}]},"8":{"line":80,"type":"binary-expr","locations":[{"start":{"line":80,"column":16},"end":{"line":80,"column":32}},{"start":{"line":80,"column":37},"end":{"line":80,"column":58}}]},"9":{"line":84,"type":"if","locations":[{"start":{"line":84,"column":20},"end":{"line":84,"column":20}},{"start":{"line":84,"column":20},"end":{"line":84,"column":20}}]},"10":{"line":85,"type":"if","locations":[{"start":{"line":85,"column":24},"end":{"line":85,"column":24}},{"start":{"line":85,"column":24},"end":{"line":85,"column":24}}]},"11":{"line":89,"type":"if","locations":[{"start":{"line":89,"column":24},"end":{"line":89,"column":24}},{"start":{"line":89,"column":24},"end":{"line":89,"column":24}}]},"12":{"line":102,"type":"binary-expr","locations":[{"start":{"line":102,"column":16},"end":{"line":102,"column":34}},{"start":{"line":102,"column":39},"end":{"line":102,"column":62}}]},"13":{"line":106,"type":"if","locations":[{"start":{"line":106,"column":20},"end":{"line":106,"column":20}},{"start":{"line":106,"column":20},"end":{"line":106,"column":20}}]},"14":{"line":107,"type":"if","locations":[{"start":{"line":107,"column":24},"end":{"line":107,"column":24}},{"start":{"line":107,"column":24},"end":{"line":107,"column":24}}]},"15":{"line":111,"type":"if","locations":[{"start":{"line":111,"column":24},"end":{"line":111,"column":24}},{"start":{"line":111,"column":24},"end":{"line":111,"column":24}}]},"16":{"line":125,"type":"binary-expr","locations":[{"start":{"line":125,"column":16},"end":{"line":125,"column":29}},{"start":{"line":125,"column":34},"end":{"line":125,"column":52}}]},"17":{"line":129,"type":"binary-expr","locations":[{"start":{"line":129,"column":16},"end":{"line":129,"column":29}},{"start":{"line":129,"column":34},"end":{"line":129,"column":52}}]},"18":{"line":133,"type":"binary-expr","locations":[{"start":{"line":133,"column":16},"end":{"line":133,"column":29}},{"start":{"line":133,"column":34},"end":{"line":133,"column":52}}]},"19":{"line":137,"type":"binary-expr","locations":[{"start":{"line":137,"column":16},"end":{"line":137,"column":29}},{"start":{"line":137,"column":34},"end":{"line":137,"column":52}}]},"20":{"line":141,"type":"binary-expr","locations":[{"start":{"line":141,"column":16},"end":{"line":141,"column":29}},{"start":{"line":141,"column":34},"end":{"line":141,"column":52}}]},"21":{"line":146,"type":"binary-expr","locations":[{"start":{"line":146,"column":16},"end":{"line":146,"column":29}},{"start":{"line":146,"column":34},"end":{"line":146,"column":52}}]},"22":{"line":147,"type":"if","locations":[{"start":{"line":147,"column":16},"end":{"line":147,"column":16}},{"start":{"line":147,"column":16},"end":{"line":147,"column":16}}]},"23":{"line":170,"type":"binary-expr","locations":[{"start":{"line":170,"column":22},"end":{"line":170,"column":35}},{"start":{"line":170,"column":39},"end":{"line":170,"column":44}}]},"24":{"line":189,"type":"if","locations":[{"start":{"line":189,"column":8},"end":{"line":189,"column":8}},{"start":{"line":189,"column":8},"end":{"line":189,"column":8}}]},"25":{"line":207,"type":"if","locations":[{"start":{"line":207,"column":8},"end":{"line":207,"column":8}},{"start":{"line":207,"column":8},"end":{"line":207,"column":8}}]},"26":{"line":225,"type":"cond-expr","locations":[{"start":{"line":225,"column":78},"end":{"line":225,"column":90}},{"start":{"line":225,"column":93},"end":{"line":225,"column":111}}]},"27":{"line":225,"type":"binary-expr","locations":[{"start":{"line":225,"column":25},"end":{"line":225,"column":45}},{"start":{"line":225,"column":49},"end":{"line":225,"column":75}}]},"28":{"line":229,"type":"binary-expr","locations":[{"start":{"line":229,"column":12},"end":{"line":229,"column":25}},{"start":{"line":229,"column":29},"end":{"line":229,"column":107}}]},"29":{"line":240,"type":"cond-expr","locations":[{"start":{"line":240,"column":74},"end":{"line":240,"column":86}},{"start":{"line":240,"column":89},"end":{"line":240,"column":97}}]},"30":{"line":240,"type":"binary-expr","locations":[{"start":{"line":240,"column":21},"end":{"line":240,"column":41}},{"start":{"line":240,"column":45},"end":{"line":240,"column":71}}]},"31":{"line":244,"type":"binary-expr","locations":[{"start":{"line":244,"column":12},"end":{"line":244,"column":25}},{"start":{"line":244,"column":29},"end":{"line":244,"column":107}}]},"32":{"line":281,"type":"binary-expr","locations":[{"start":{"line":281,"column":16},"end":{"line":281,"column":29}},{"start":{"line":281,"column":33},"end":{"line":281,"column":105}}]},"33":{"line":493,"type":"if","locations":[{"start":{"line":493,"column":12},"end":{"line":493,"column":12}},{"start":{"line":493,"column":12},"end":{"line":493,"column":12}}]},"34":{"line":493,"type":"binary-expr","locations":[{"start":{"line":493,"column":16},"end":{"line":493,"column":50}},{"start":{"line":493,"column":54},"end":{"line":493,"column":70}}]},"35":{"line":535,"type":"if","locations":[{"start":{"line":535,"column":8},"end":{"line":535,"column":8}},{"start":{"line":535,"column":8},"end":{"line":535,"column":8}}]},"36":{"line":573,"type":"if","locations":[{"start":{"line":573,"column":8},"end":{"line":573,"column":8}},{"start":{"line":573,"column":8},"end":{"line":573,"column":8}}]},"37":{"line":573,"type":"binary-expr","locations":[{"start":{"line":573,"column":12},"end":{"line":573,"column":43}},{"start":{"line":573,"column":48},"end":{"line":573,"column":83}},{"start":{"line":573,"column":87},"end":{"line":573,"column":121}}]},"38":{"line":574,"type":"binary-expr","locations":[{"start":{"line":574,"column":28},"end":{"line":574,"column":45}},{"start":{"line":574,"column":49},"end":{"line":574,"column":65}}]},"39":{"line":599,"type":"cond-expr","locations":[{"start":{"line":599,"column":74},"end":{"line":599,"column":86}},{"start":{"line":599,"column":89},"end":{"line":599,"column":97}}]},"40":{"line":599,"type":"binary-expr","locations":[{"start":{"line":599,"column":21},"end":{"line":599,"column":41}},{"start":{"line":599,"column":45},"end":{"line":599,"column":71}}]},"41":{"line":677,"type":"if","locations":[{"start":{"line":677,"column":12},"end":{"line":677,"column":12}},{"start":{"line":677,"column":12},"end":{"line":677,"column":12}}]},"42":{"line":677,"type":"binary-expr","locations":[{"start":{"line":677,"column":16},"end":{"line":677,"column":35}},{"start":{"line":677,"column":39},"end":{"line":677,"column":81}}]},"43":{"line":737,"type":"if","locations":[{"start":{"line":737,"column":8},"end":{"line":737,"column":8}},{"start":{"line":737,"column":8},"end":{"line":737,"column":8}}]},"44":{"line":737,"type":"binary-expr","locations":[{"start":{"line":737,"column":12},"end":{"line":737,"column":24}},{"start":{"line":737,"column":28},"end":{"line":737,"column":50}}]},"45":{"line":760,"type":"binary-expr","locations":[{"start":{"line":760,"column":8},"end":{"line":760,"column":47}},{"start":{"line":760,"column":52},"end":{"line":760,"column":96}}]},"46":{"line":772,"type":"binary-expr","locations":[{"start":{"line":772,"column":8},"end":{"line":772,"column":48}},{"start":{"line":772,"column":53},"end":{"line":772,"column":98}}]}}},"/Users/lihao/Documents/nodejsworkspace/think_elasticsearch/lib/Socket/elasticsearch.js":{"path":"/Users/lihao/Documents/nodejsworkspace/think_elasticsearch/lib/Socket/elasticsearch.js","s":{"1":1,"2":1,"3":1,"4":1,"5":1,"6":1,"7":1,"8":1,"9":1,"10":1,"11":1,"12":1,"13":1,"14":1,"15":1,"16":1,"17":7,"18":1,"19":1,"20":1,"21":3,"22":3,"23":1,"24":3,"25":3,"26":1,"27":3,"28":3,"29":1,"30":2,"31":0,"32":2,"33":2,"34":2,"35":2,"36":2,"37":1,"38":0,"39":0,"40":1,"41":1},"b":{"1":[6,1],"2":[7,7],"3":[3,0],"4":[3,2],"5":[3,0],"6":[3,0],"7":[1,2],"8":[0,2]},"f":{"1":7,"2":1,"3":3,"4":3,"5":3,"6":0},"fnMap":{"1":{"name":"_interopRequireDefault","line":33,"loc":{"start":{"line":33,"column":0},"end":{"line":33,"column":37}}},"2":{"name":"(anonymous_2)","line":42,"loc":{"start":{"line":42,"column":13},"end":{"line":42,"column":30}}},"3":{"name":"_class","line":45,"loc":{"start":{"line":45,"column":4},"end":{"line":45,"column":22}}},"4":{"name":"init","line":50,"loc":{"start":{"line":50,"column":28},"end":{"line":50,"column":50}}},"5":{"name":"connect","line":61,"loc":{"start":{"line":61,"column":31},"end":{"line":61,"column":50}}},"6":{"name":"close","line":83,"loc":{"start":{"line":83,"column":29},"end":{"line":83,"column":46}}}},"statementMap":{"1":{"start":{"line":3,"column":0},"end":{"line":3,"column":26}},"2":{"start":{"line":5,"column":0},"end":{"line":5,"column":56}},"3":{"start":{"line":7,"column":0},"end":{"line":7,"column":49}},"4":{"start":{"line":9,"column":0},"end":{"line":9,"column":65}},"5":{"start":{"line":11,"column":0},"end":{"line":11,"column":53}},"6":{"start":{"line":13,"column":0},"end":{"line":13,"column":71}},"7":{"start":{"line":15,"column":0},"end":{"line":15,"column":64}},"8":{"start":{"line":17,"column":0},"end":{"line":17,"column":93}},"9":{"start":{"line":19,"column":0},"end":{"line":19,"column":86}},"10":{"start":{"line":21,"column":0},"end":{"line":21,"column":59}},"11":{"start":{"line":23,"column":0},"end":{"line":23,"column":52}},"12":{"start":{"line":25,"column":0},"end":{"line":25,"column":32}},"13":{"start":{"line":27,"column":0},"end":{"line":27,"column":44}},"14":{"start":{"line":29,"column":0},"end":{"line":29,"column":34}},"15":{"start":{"line":31,"column":0},"end":{"line":31,"column":41}},"16":{"start":{"line":33,"column":0},"end":{"line":33,"column":95}},"17":{"start":{"line":33,"column":39},"end":{"line":33,"column":93}},"18":{"start":{"line":42,"column":0},"end":{"line":89,"column":18}},"19":{"start":{"line":43,"column":4},"end":{"line":43,"column":43}},"20":{"start":{"line":45,"column":4},"end":{"line":48,"column":5}},"21":{"start":{"line":46,"column":8},"end":{"line":46,"column":52}},"22":{"start":{"line":47,"column":8},"end":{"line":47,"column":92}},"23":{"start":{"line":50,"column":4},"end":{"line":59,"column":6}},"24":{"start":{"line":51,"column":8},"end":{"line":51,"column":48}},"25":{"start":{"line":52,"column":8},"end":{"line":58,"column":10}},"26":{"start":{"line":61,"column":4},"end":{"line":81,"column":6}},"27":{"start":{"line":62,"column":8},"end":{"line":62,"column":75}},"28":{"start":{"line":63,"column":8},"end":{"line":63,"column":87}},"29":{"start":{"line":63,"column":45},"end":{"line":63,"column":87}},"30":{"start":{"line":64,"column":8},"end":{"line":66,"column":9}},"31":{"start":{"line":65,"column":12},"end":{"line":65,"column":62}},"32":{"start":{"line":69,"column":8},"end":{"line":69,"column":53}},"33":{"start":{"line":70,"column":8},"end":{"line":77,"column":11}},"34":{"start":{"line":78,"column":8},"end":{"line":78,"column":33}},"35":{"start":{"line":79,"column":8},"end":{"line":79,"column":34}},"36":{"start":{"line":80,"column":8},"end":{"line":80,"column":58}},"37":{"start":{"line":83,"column":4},"end":{"line":86,"column":6}},"38":{"start":{"line":84,"column":8},"end":{"line":84,"column":32}},"39":{"start":{"line":85,"column":8},"end":{"line":85,"column":31}},"40":{"start":{"line":88,"column":4},"end":{"line":88,"column":18}},"41":{"start":{"line":91,"column":0},"end":{"line":91,"column":25}}},"branchMap":{"1":{"line":33,"type":"cond-expr","locations":[{"start":{"line":33,"column":70},"end":{"line":33,"column":73}},{"start":{"line":33,"column":76},"end":{"line":33,"column":92}}]},"2":{"line":33,"type":"binary-expr","locations":[{"start":{"line":33,"column":46},"end":{"line":33,"column":49}},{"start":{"line":33,"column":53},"end":{"line":33,"column":67}}]},"3":{"line":53,"type":"binary-expr","locations":[{"start":{"line":53,"column":18},"end":{"line":53,"column":32}},{"start":{"line":53,"column":36},"end":{"line":53,"column":47}}]},"4":{"line":54,"type":"binary-expr","locations":[{"start":{"line":54,"column":18},"end":{"line":54,"column":32}},{"start":{"line":54,"column":36},"end":{"line":54,"column":42}}]},"5":{"line":56,"type":"binary-expr","locations":[{"start":{"line":56,"column":18},"end":{"line":56,"column":32}},{"start":{"line":56,"column":36},"end":{"line":56,"column":42}}]},"6":{"line":57,"type":"binary-expr","locations":[{"start":{"line":57,"column":17},"end":{"line":57,"column":30}},{"start":{"line":57,"column":34},"end":{"line":57,"column":41}}]},"7":{"line":63,"type":"if","locations":[{"start":{"line":63,"column":8},"end":{"line":63,"column":8}},{"start":{"line":63,"column":8},"end":{"line":63,"column":8}}]},"8":{"line":64,"type":"if","locations":[{"start":{"line":64,"column":8},"end":{"line":64,"column":8}},{"start":{"line":64,"column":8},"end":{"line":64,"column":8}}]}}},"/Users/lihao/Documents/nodejsworkspace/think_elasticsearch/exmple/model/lib/user.js":{"path":"/Users/lihao/Documents/nodejsworkspace/think_elasticsearch/exmple/model/lib/user.js","s":{"1":1,"2":1,"3":1,"4":1,"5":1,"6":1,"7":1,"8":1,"9":1,"10":1,"11":4,"12":1,"13":1,"14":1,"15":1,"16":1,"17":1,"18":1,"19":1,"20":1,"21":1,"22":1,"23":1,"24":1},"b":{"1":[4,0],"2":[4,4]},"f":{"1":4,"2":1,"3":1,"4":1},"fnMap":{"1":{"name":"_interopRequireDefault","line":21,"loc":{"start":{"line":21,"column":0},"end":{"line":21,"column":37}}},"2":{"name":"(anonymous_2)","line":23,"loc":{"start":{"line":23,"column":13},"end":{"line":23,"column":33}}},"3":{"name":"_class","line":26,"loc":{"start":{"line":26,"column":4},"end":{"line":26,"column":22}}},"4":{"name":"init","line":31,"loc":{"start":{"line":31,"column":28},"end":{"line":31,"column":50}}}},"statementMap":{"1":{"start":{"line":3,"column":0},"end":{"line":3,"column":26}},"2":{"start":{"line":5,"column":0},"end":{"line":5,"column":71}},"3":{"start":{"line":7,"column":0},"end":{"line":7,"column":64}},"4":{"start":{"line":9,"column":0},"end":{"line":9,"column":93}},"5":{"start":{"line":11,"column":0},"end":{"line":11,"column":86}},"6":{"start":{"line":13,"column":0},"end":{"line":13,"column":59}},"7":{"start":{"line":15,"column":0},"end":{"line":15,"column":52}},"8":{"start":{"line":17,"column":0},"end":{"line":17,"column":48}},"9":{"start":{"line":19,"column":0},"end":{"line":19,"column":50}},"10":{"start":{"line":21,"column":0},"end":{"line":21,"column":95}},"11":{"start":{"line":21,"column":39},"end":{"line":21,"column":93}},"12":{"start":{"line":23,"column":0},"end":{"line":53,"column":21}},"13":{"start":{"line":24,"column":4},"end":{"line":24,"column":46}},"14":{"start":{"line":26,"column":4},"end":{"line":29,"column":5}},"15":{"start":{"line":27,"column":8},"end":{"line":27,"column":52}},"16":{"start":{"line":28,"column":8},"end":{"line":28,"column":95}},"17":{"start":{"line":31,"column":4},"end":{"line":50,"column":6}},"18":{"start":{"line":32,"column":8},"end":{"line":32,"column":51}},"19":{"start":{"line":33,"column":8},"end":{"line":33,"column":26}},"20":{"start":{"line":34,"column":8},"end":{"line":34,"column":32}},"21":{"start":{"line":35,"column":8},"end":{"line":35,"column":27}},"22":{"start":{"line":36,"column":8},"end":{"line":49,"column":10}},"23":{"start":{"line":52,"column":4},"end":{"line":52,"column":18}},"24":{"start":{"line":62,"column":0},"end":{"line":62,"column":25}}},"branchMap":{"1":{"line":21,"type":"cond-expr","locations":[{"start":{"line":21,"column":70},"end":{"line":21,"column":73}},{"start":{"line":21,"column":76},"end":{"line":21,"column":92}}]},"2":{"line":21,"type":"binary-expr","locations":[{"start":{"line":21,"column":46},"end":{"line":21,"column":49}},{"start":{"line":21,"column":53},"end":{"line":21,"column":67}}]}}}}