TN:
SF:/Users/lihao/Documents/nodejsworkspace/think_elasticsearch/index.js
FN:19,requireDefault
FNF:1
FNH:1
FNDA:1,requireDefault
DA:10,1
DA:11,1
DA:13,1
DA:15,1
DA:16,1
DA:17,1
DA:19,1
DA:20,1
DA:22,1
LF:9
LH:9
BRDA:20,1,0,1
BRDA:20,1,1,0
BRDA:20,2,0,1
BRDA:20,2,1,1
BRF:4
BRH:3
end_of_record
TN:
SF:/Users/lihao/Documents/nodejsworkspace/think_elasticsearch/lib/Util/lib.js
FN:15,_interopRequireDefault
FN:27,_interopSafeRequire
FN:32,(anonymous_3)
FN:66,isBoolean
FN:76,isNumber
FN:86,isString
FN:96,isObject
FN:109,isNumberString
FN:120,isJSONObj
FN:130,isJSONStr
FN:145,isFunction
FN:154,isDate
FN:164,isRegexp
FN:174,isScalar
FN:184,isFile
FN:198,isError
FN:208,isEmpty
FN:233,inArray
FN:247,isPromise
FN:257,getDefer
FN:261,(anonymous_21)
FN:273,promisify
FN:276,(anonymous_23)
FN:281,(anonymous_24)
FN:282,(anonymous_25)
FN:293,ucFirst
FN:305,parseName
FN:312,(anonymous_28)
FN:321,hash
FN:353,log
FN:392,_await
FN:400,thinkRequire
FN:418,extend
FN:471,md5
FNF:34
FNH:9
FNDA:3,_interopRequireDefault
FNDA:1,_interopSafeRequire
FNDA:0,(anonymous_3)
FNDA:27,isBoolean
FNDA:7,isNumber
FNDA:7,isString
FNDA:21,isObject
FNDA:0,isNumberString
FNDA:0,isJSONObj
FNDA:0,isJSONStr
FNDA:0,isFunction
FNDA:0,isDate
FNDA:0,isRegexp
FNDA:7,isScalar
FNDA:0,isFile
FNDA:0,isError
FNDA:1,isEmpty
FNDA:0,inArray
FNDA:0,isPromise
FNDA:0,getDefer
FNDA:0,(anonymous_21)
FNDA:0,promisify
FNDA:0,(anonymous_23)
FNDA:0,(anonymous_24)
FNDA:0,(anonymous_25)
FNDA:0,ucFirst
FNDA:0,parseName
FNDA:0,(anonymous_28)
FNDA:0,hash
FNDA:0,log
FNDA:0,_await
FNDA:0,thinkRequire
FNDA:20,extend
FNDA:0,md5
DA:3,1
DA:5,1
DA:7,1
DA:9,1
DA:11,1
DA:13,1
DA:15,3
DA:24,1
DA:25,1
DA:26,1
DA:27,1
DA:28,1
DA:31,1
DA:32,1
DA:33,0
DA:34,0
DA:35,0
DA:36,0
DA:37,0
DA:38,0
DA:39,0
DA:40,0
DA:41,0
DA:42,0
DA:43,0
DA:44,0
DA:45,0
DA:49,1
DA:55,1
DA:60,1
DA:66,1
DA:69,27
DA:76,1
DA:79,7
DA:86,1
DA:89,7
DA:96,1
DA:99,21
DA:100,0
DA:102,21
DA:109,1
DA:112,0
DA:113,0
DA:120,1
DA:123,0
DA:130,1
DA:133,0
DA:134,0
DA:135,0
DA:137,0
DA:145,1
DA:148,0
DA:154,1
DA:157,0
DA:164,1
DA:167,0
DA:174,1
DA:177,7
DA:184,1
DA:187,0
DA:188,0
DA:190,0
DA:191,0
DA:198,1
DA:201,0
DA:208,1
DA:211,1
DA:212,1
DA:213,0
DA:215,0
DA:216,0
DA:217,0
DA:218,0
DA:219,0
DA:220,0
DA:222,0
DA:224,0
DA:233,1
DA:236,0
DA:237,0
DA:238,0
DA:240,0
DA:247,1
DA:250,0
DA:257,1
DA:260,0
DA:261,0
DA:262,0
DA:263,0
DA:265,0
DA:273,1
DA:276,0
DA:277,0
DA:278,0
DA:281,0
DA:282,0
DA:283,0
DA:293,1
DA:296,0
DA:297,0
DA:305,1
DA:306,0
DA:307,0
DA:308,0
DA:311,0
DA:312,0
DA:313,0
DA:321,1
DA:324,0
DA:325,0
DA:326,0
DA:328,0
DA:329,0
DA:330,0
DA:333,0
DA:334,0
DA:337,0
DA:339,0
DA:340,0
DA:341,0
DA:344,0
DA:353,1
DA:356,0
DA:357,0
DA:358,0
DA:359,0
DA:361,0
DA:362,0
DA:363,0
DA:364,0
DA:366,0
DA:367,0
DA:369,0
DA:370,0
DA:373,0
DA:374,0
DA:376,0
DA:377,0
DA:378,0
DA:380,0
DA:382,0
DA:383,0
DA:391,1
DA:392,1
DA:393,0
DA:400,1
DA:403,0
DA:404,0
DA:405,0
DA:406,0
DA:407,0
DA:409,0
DA:411,0
DA:418,1
DA:421,20
DA:422,20
DA:423,20
DA:424,20
DA:425,0
DA:427,20
DA:428,20
DA:430,0
DA:432,20
DA:433,20
DA:439,20
DA:440,54
DA:441,54
DA:442,14
DA:444,40
DA:445,21
DA:446,21
DA:447,21
DA:448,0
DA:450,21
DA:451,21
DA:452,12
DA:453,9
DA:454,1
DA:456,8
DA:459,0
DA:463,20
DA:471,1
DA:472,0
DA:474,0
DA:475,0
DA:476,0
DA:479,1
LF:187
LH:76
BRDA:15,1,0,3
BRDA:15,1,1,0
BRDA:15,2,0,3
BRDA:15,2,1,3
BRDA:28,3,0,1
BRDA:28,3,1,0
BRDA:28,4,0,1
BRDA:28,4,1,1
BRDA:28,4,2,1
BRDA:31,5,0,1
BRDA:31,5,1,0
BRDA:35,6,0,0
BRDA:35,6,1,0
BRDA:36,7,0,0
BRDA:36,7,1,0
BRDA:37,8,0,0
BRDA:37,8,1,0
BRDA:40,9,0,0
BRDA:40,9,1,0
BRDA:42,10,0,0
BRDA:42,10,1,0
BRDA:44,11,0,0
BRDA:44,11,1,0
BRDA:99,12,0,0
BRDA:99,12,1,21
BRDA:123,13,0,0
BRDA:123,13,1,0
BRDA:123,13,2,0
BRDA:123,14,0,0
BRDA:123,14,1,0
BRDA:177,15,0,7
BRDA:177,15,1,7
BRDA:177,15,2,7
BRDA:187,16,0,0
BRDA:187,16,1,0
BRDA:211,17,0,1
BRDA:211,17,1,0
BRDA:211,18,0,1
BRDA:211,18,1,1
BRDA:211,18,2,0
BRDA:213,19,0,0
BRDA:213,19,1,0
BRDA:216,20,0,0
BRDA:216,20,1,0
BRDA:218,21,0,0
BRDA:218,21,1,0
BRDA:238,22,0,0
BRDA:238,22,1,0
BRDA:250,23,0,0
BRDA:250,23,1,0
BRDA:283,24,0,0
BRDA:283,24,1,0
BRDA:296,25,0,0
BRDA:296,25,1,0
BRDA:307,26,0,0
BRDA:307,26,1,0
BRDA:328,27,0,0
BRDA:328,27,1,0
BRDA:362,28,0,0
BRDA:362,28,1,0
BRDA:366,29,0,0
BRDA:366,29,1,0
BRDA:369,30,0,0
BRDA:369,30,1,0
BRDA:373,31,0,0
BRDA:373,31,1,0
BRDA:376,32,0,0
BRDA:376,32,1,0
BRDA:380,33,0,0
BRDA:380,33,1,0
BRDA:406,34,0,0
BRDA:406,34,1,0
BRDA:424,35,0,0
BRDA:424,35,1,20
BRDA:427,36,0,20
BRDA:427,36,1,0
BRDA:428,37,0,1
BRDA:428,37,1,19
BRDA:432,38,0,20
BRDA:432,38,1,0
BRDA:441,39,0,14
BRDA:441,39,1,40
BRDA:447,40,0,0
BRDA:447,40,1,21
BRDA:447,41,0,21
BRDA:447,41,1,0
BRDA:450,42,0,21
BRDA:450,42,1,0
BRDA:451,43,0,12
BRDA:451,43,1,9
BRDA:452,44,0,0
BRDA:452,44,1,12
BRDA:452,45,0,12
BRDA:452,45,1,0
BRDA:453,46,0,1
BRDA:453,46,1,8
BRDA:472,47,0,0
BRDA:472,47,1,0
BRDA:472,48,0,0
BRDA:472,48,1,0
BRF:100
BRH:31
end_of_record
TN:
SF:/Users/lihao/Documents/nodejsworkspace/think_elasticsearch/lib/Util/await.js
FN:17,_interopRequireDefault
FN:19,(anonymous_2)
FN:20,_class
FN:26,run
FN:31,(anonymous_5)
FN:32,(anonymous_6)
FN:33,(anonymous_7)
FN:39,(anonymous_8)
FN:40,(anonymous_9)
FN:41,(anonymous_10)
FNF:10
FNH:3
FNDA:3,_interopRequireDefault
FNDA:1,(anonymous_2)
FNDA:1,_class
FNDA:0,run
FNDA:0,(anonymous_5)
FNDA:0,(anonymous_6)
FNDA:0,(anonymous_7)
FNDA:0,(anonymous_8)
FNDA:0,(anonymous_9)
FNDA:0,(anonymous_10)
DA:3,1
DA:5,1
DA:7,1
DA:9,1
DA:11,1
DA:13,1
DA:15,1
DA:17,3
DA:19,1
DA:20,1
DA:21,1
DA:23,1
DA:26,1
DA:27,0
DA:29,0
DA:30,0
DA:31,0
DA:32,0
DA:33,0
DA:34,0
DA:36,0
DA:38,0
DA:40,0
DA:41,0
DA:42,0
DA:44,0
DA:46,0
DA:49,0
DA:50,0
DA:51,0
DA:55,1
DA:65,1
LF:32
LH:15
BRDA:17,1,0,2
BRDA:17,1,1,1
BRDA:17,2,0,3
BRDA:17,2,1,3
BRDA:29,3,0,0
BRDA:29,3,1,0
BRF:6
BRH:4
end_of_record
TN:
SF:/Users/lihao/Documents/nodejsworkspace/think_elasticsearch/lib/esmodel.js
FN:41,_interopRequireDefault
FN:50,parseMap
FN:84,(anonymous_3)
FN:87,_class
FN:92,init
FN:105,(anonymous_6)
FN:106,_callee2
FN:111,_callee2$
FN:160,_callee
FN:162,_callee$
FN:175,checkfield
FN:244,setCollection
FN:257,error
FN:276,getPk
FN:285,adapter
FN:292,setIndex
FN:297,setType
FN:308,match
FN:319,filter
FN:330,where
FN:341,aggs
FN:362,field
FN:380,limit
FN:403,order
FN:415,(anonymous_25)
FN:416,_callee3
FN:419,_callee3$
FN:441,add
FN:455,(anonymous_29)
FN:456,_callee4
FN:458,_callee4$
FN:479,addAll
FN:493,(anonymous_33)
FN:494,_callee5
FN:497,_callee5$
FN:530,update
FN:543,(anonymous_37)
FN:544,_callee6
FN:546,_callee6$
FN:565,find
FN:579,(anonymous_41)
FN:580,_callee7
FN:582,_callee7$
FN:601,select
FN:614,(anonymous_45)
FN:615,_callee8
FN:617,_callee8$
FN:636,count
FN:649,(anonymous_49)
FN:650,_callee9
FN:652,_callee9$
FN:685,sum
FN:698,(anonymous_53)
FN:699,_callee10
FN:701,_callee10$
FN:734,avg
FN:747,(anonymous_57)
FN:748,_callee11
FN:750,_callee11$
FN:783,min
FN:796,(anonymous_61)
FN:797,_callee12
FN:799,_callee12$
FN:832,max
FN:845,_parseOptions
FN:867,_checkData
FN:879,_parseData
FNF:67
FNH:37
FNDA:9,_interopRequireDefault
FNDA:0,parseMap
FNDA:1,(anonymous_3)
FNDA:11,_class
FNDA:11,init
FNDA:1,(anonymous_6)
FNDA:1,_callee2
FNDA:1,_callee2$
FNDA:0,_callee
FNDA:0,_callee$
FNDA:0,checkfield
FNDA:1,setCollection
FNDA:0,error
FNDA:0,getPk
FNDA:2,adapter
FNDA:0,setIndex
FNDA:0,setType
FNDA:0,match
FNDA:2,filter
FNDA:0,where
FNDA:2,aggs
FNDA:0,field
FNDA:0,limit
FNDA:0,order
FNDA:1,(anonymous_25)
FNDA:1,_callee3
FNDA:1,_callee3$
FNDA:1,add
FNDA:1,(anonymous_29)
FNDA:1,_callee4
FNDA:1,_callee4$
FNDA:1,addAll
FNDA:1,(anonymous_33)
FNDA:2,_callee5
FNDA:2,_callee5$
FNDA:2,update
FNDA:1,(anonymous_37)
FNDA:0,_callee6
FNDA:0,_callee6$
FNDA:0,find
FNDA:1,(anonymous_41)
FNDA:1,_callee7
FNDA:1,_callee7$
FNDA:1,select
FNDA:1,(anonymous_45)
FNDA:2,_callee8
FNDA:2,_callee8$
FNDA:2,count
FNDA:1,(anonymous_49)
FNDA:0,_callee9
FNDA:0,_callee9$
FNDA:0,sum
FNDA:1,(anonymous_53)
FNDA:0,_callee10
FNDA:0,_callee10$
FNDA:0,avg
FNDA:1,(anonymous_57)
FNDA:0,_callee11
FNDA:0,_callee11$
FNDA:0,min
FNDA:1,(anonymous_61)
FNDA:0,_callee12
FNDA:0,_callee12$
FNDA:0,max
FNDA:7,_parseOptions
FNDA:0,_checkData
FNDA:0,_parseData
DA:3,1
DA:5,1
DA:7,1
DA:9,1
DA:11,1
DA:13,1
DA:15,1
DA:17,1
DA:19,1
DA:21,1
DA:23,1
DA:25,1
DA:27,1
DA:29,1
DA:31,1
DA:33,1
DA:35,1
DA:37,1
DA:39,1
DA:41,9
DA:50,1
DA:51,0
DA:52,0
DA:53,0
DA:54,0
DA:56,0
DA:59,0
DA:60,0
DA:63,0
DA:64,0
DA:67,0
DA:68,0
DA:71,0
DA:72,0
DA:75,0
DA:76,0
DA:78,0
DA:81,0
DA:84,1
DA:85,1
DA:87,1
DA:88,11
DA:89,11
DA:92,1
DA:93,11
DA:94,11
DA:95,11
DA:97,11
DA:105,1
DA:106,1
DA:107,1
DA:109,1
DA:111,1
DA:112,1
DA:113,1
DA:115,1
DA:116,0
DA:117,0
DA:120,1
DA:121,1
DA:124,0
DA:125,0
DA:127,0
DA:128,0
DA:129,0
DA:131,0
DA:135,0
DA:138,0
DA:146,0
DA:147,0
DA:148,0
DA:151,0
DA:152,0
DA:155,0
DA:156,0
DA:157,0
DA:160,0
DA:161,0
DA:162,0
DA:163,0
DA:164,0
DA:166,0
DA:167,0
DA:170,0
DA:175,0
DA:176,0
DA:177,0
DA:178,0
DA:179,0
DA:181,0
DA:184,0
DA:189,0
DA:192,0
DA:194,0
DA:195,0
DA:196,0
DA:200,0
DA:201,0
DA:202,0
DA:205,0
DA:206,0
DA:209,0
DA:210,0
DA:213,0
DA:214,0
DA:217,0
DA:218,0
DA:222,0
DA:229,0
DA:230,0
DA:233,0
DA:234,0
DA:238,0
DA:244,1
DA:245,1
DA:248,1
DA:257,1
DA:258,0
DA:259,0
DA:260,0
DA:261,0
DA:262,0
DA:264,0
DA:266,0
DA:268,0
DA:269,0
DA:271,0
DA:273,0
DA:276,1
DA:277,0
DA:285,1
DA:286,2
DA:287,2
DA:288,2
DA:289,2
DA:292,1
DA:293,0
DA:294,0
DA:297,1
DA:298,0
DA:299,0
DA:308,1
DA:309,0
DA:310,0
DA:319,1
DA:320,2
DA:321,2
DA:330,1
DA:331,0
DA:332,0
DA:341,1
DA:342,2
DA:343,2
DA:362,1
DA:363,0
DA:364,0
DA:366,0
DA:367,0
DA:369,0
DA:370,0
DA:380,1
DA:381,0
DA:382,0
DA:385,0
DA:386,0
DA:389,0
DA:390,0
DA:391,0
DA:393,0
DA:394,0
DA:403,1
DA:404,0
DA:405,0
DA:406,0
DA:415,1
DA:416,1
DA:417,1
DA:419,1
DA:420,1
DA:421,1
DA:423,1
DA:424,1
DA:427,0
DA:428,0
DA:431,0
DA:435,0
DA:441,1
DA:442,1
DA:445,1
DA:455,1
DA:456,1
DA:457,1
DA:458,1
DA:459,1
DA:460,1
DA:462,1
DA:463,1
DA:466,0
DA:468,0
DA:469,0
DA:473,0
DA:479,1
DA:480,1
DA:483,1
DA:493,1
DA:494,1
DA:495,2
DA:497,2
DA:498,2
DA:499,2
DA:501,2
DA:502,2
DA:505,0
DA:506,0
DA:508,0
DA:509,0
DA:510,0
DA:513,0
DA:516,0
DA:517,0
DA:518,0
DA:520,0
DA:524,0
DA:530,1
DA:531,2
DA:534,1
DA:543,1
DA:544,1
DA:545,0
DA:546,0
DA:547,0
DA:548,0
DA:550,0
DA:551,0
DA:554,0
DA:555,0
DA:559,0
DA:565,1
DA:566,0
DA:569,1
DA:579,1
DA:580,1
DA:581,1
DA:582,1
DA:583,1
DA:584,1
DA:586,1
DA:587,1
DA:590,0
DA:591,0
DA:595,0
DA:601,1
DA:602,1
DA:605,1
DA:614,1
DA:615,1
DA:616,2
DA:617,2
DA:618,2
DA:619,2
DA:621,2
DA:622,2
DA:625,0
DA:626,0
DA:630,0
DA:636,1
DA:637,2
DA:640,1
DA:649,1
DA:650,1
DA:651,0
DA:652,0
DA:653,0
DA:654,0
DA:656,0
DA:657,0
DA:658,0
DA:661,0
DA:664,0
DA:665,0
DA:666,0
DA:669,0
DA:670,0
DA:671,0
DA:674,0
DA:675,0
DA:679,0
DA:685,1
DA:686,0
DA:689,1
DA:698,1
DA:699,1
DA:700,0
DA:701,0
DA:702,0
DA:703,0
DA:705,0
DA:706,0
DA:707,0
DA:710,0
DA:713,0
DA:714,0
DA:715,0
DA:718,0
DA:719,0
DA:720,0
DA:723,0
DA:724,0
DA:728,0
DA:734,1
DA:735,0
DA:738,1
DA:747,1
DA:748,1
DA:749,0
DA:750,0
DA:751,0
DA:752,0
DA:754,0
DA:755,0
DA:756,0
DA:759,0
DA:762,0
DA:763,0
DA:764,0
DA:767,0
DA:768,0
DA:769,0
DA:772,0
DA:773,0
DA:777,0
DA:783,1
DA:784,0
DA:787,1
DA:796,1
DA:797,1
DA:798,0
DA:799,0
DA:800,0
DA:801,0
DA:803,0
DA:804,0
DA:805,0
DA:808,0
DA:811,0
DA:812,0
DA:813,0
DA:816,0
DA:817,0
DA:818,0
DA:821,0
DA:822,0
DA:826,0
DA:832,1
DA:833,0
DA:836,1
DA:845,1
DA:846,7
DA:847,7
DA:848,0
DA:850,7
DA:853,7
DA:854,7
DA:855,7
DA:857,7
DA:867,1
DA:879,1
DA:881,1
DA:884,1
LF:369
LH:151
BRDA:41,1,0,7
BRDA:41,1,1,2
BRDA:41,2,0,9
BRDA:41,2,1,9
BRDA:52,3,0,0
BRDA:52,3,1,0
BRDA:52,4,0,0
BRDA:52,4,1,0
BRDA:56,5,0,0
BRDA:56,5,1,0
BRDA:56,5,2,0
BRDA:56,5,3,0
BRDA:56,5,4,0
BRDA:56,5,5,0
BRDA:75,6,0,0
BRDA:75,6,1,0
BRDA:113,7,0,1
BRDA:113,7,1,0
BRDA:113,7,2,0
BRDA:113,7,3,0
BRDA:113,7,4,0
BRDA:113,7,5,0
BRDA:113,7,6,0
BRDA:115,8,0,0
BRDA:115,8,1,1
BRDA:115,9,0,1
BRDA:115,9,1,0
BRDA:127,10,0,0
BRDA:127,10,1,0
BRDA:138,11,0,0
BRDA:138,11,1,0
BRDA:146,12,0,0
BRDA:146,12,1,0
BRDA:155,13,0,0
BRDA:155,13,1,0
BRDA:164,14,0,0
BRDA:164,14,1,0
BRDA:164,14,2,0
BRDA:164,14,3,0
BRDA:164,14,4,0
BRDA:164,14,5,0
BRDA:164,14,6,0
BRDA:164,14,7,0
BRDA:177,15,0,0
BRDA:177,15,1,0
BRDA:178,16,0,0
BRDA:178,16,1,0
BRDA:181,17,0,0
BRDA:181,17,1,0
BRDA:192,18,0,0
BRDA:192,18,1,0
BRDA:194,19,0,0
BRDA:194,19,1,0
BRDA:258,20,0,0
BRDA:258,20,1,0
BRDA:260,21,0,0
BRDA:260,21,1,0
BRDA:261,22,0,0
BRDA:261,22,1,0
BRDA:266,23,0,0
BRDA:266,23,1,0
BRDA:268,24,0,0
BRDA:268,24,1,0
BRDA:268,25,0,0
BRDA:268,25,1,0
BRDA:269,26,0,0
BRDA:269,26,1,0
BRDA:269,26,2,0
BRDA:286,27,0,0
BRDA:286,27,1,2
BRDA:309,28,0,0
BRDA:309,28,1,0
BRDA:363,29,0,0
BRDA:363,29,1,0
BRDA:366,30,0,0
BRDA:366,30,1,0
BRDA:381,31,0,0
BRDA:381,31,1,0
BRDA:385,32,0,0
BRDA:385,32,1,0
BRDA:389,33,0,0
BRDA:389,33,1,0
BRDA:390,34,0,0
BRDA:390,34,1,0
BRDA:391,35,0,0
BRDA:391,35,1,0
BRDA:404,36,0,0
BRDA:404,36,1,0
BRDA:421,37,0,1
BRDA:421,37,1,0
BRDA:421,37,2,0
BRDA:421,37,3,0
BRDA:460,38,0,1
BRDA:460,38,1,0
BRDA:460,38,2,0
BRDA:460,38,3,0
BRDA:499,39,0,2
BRDA:499,39,1,0
BRDA:499,39,2,0
BRDA:499,39,3,0
BRDA:499,39,4,0
BRDA:508,40,0,0
BRDA:508,40,1,0
BRDA:508,41,0,0
BRDA:508,41,1,0
BRDA:508,41,2,0
BRDA:516,42,0,0
BRDA:516,42,1,0
BRDA:548,43,0,0
BRDA:548,43,1,0
BRDA:548,43,2,0
BRDA:548,43,3,0
BRDA:584,44,0,1
BRDA:584,44,1,0
BRDA:584,44,2,0
BRDA:584,44,3,0
BRDA:619,45,0,2
BRDA:619,45,1,0
BRDA:619,45,2,0
BRDA:619,45,3,0
BRDA:654,46,0,0
BRDA:654,46,1,0
BRDA:654,46,2,0
BRDA:654,46,3,0
BRDA:654,46,4,0
BRDA:654,46,5,0
BRDA:656,47,0,0
BRDA:656,47,1,0
BRDA:703,48,0,0
BRDA:703,48,1,0
BRDA:703,48,2,0
BRDA:703,48,3,0
BRDA:703,48,4,0
BRDA:703,48,5,0
BRDA:705,49,0,0
BRDA:705,49,1,0
BRDA:752,50,0,0
BRDA:752,50,1,0
BRDA:752,50,2,0
BRDA:752,50,3,0
BRDA:752,50,4,0
BRDA:752,50,5,0
BRDA:754,51,0,0
BRDA:754,51,1,0
BRDA:801,52,0,0
BRDA:801,52,1,0
BRDA:801,52,2,0
BRDA:801,52,3,0
BRDA:801,52,4,0
BRDA:801,52,5,0
BRDA:803,53,0,0
BRDA:803,53,1,0
BRDA:847,54,0,0
BRDA:847,54,1,7
BRF:154
BRH:14
end_of_record
TN:
SF:/Users/lihao/Documents/nodejsworkspace/think_elasticsearch/lib/base.js
FN:13,_interopRequireDefault
FN:20,(anonymous_2)
FN:26,_class
FN:39,init
FN:47,filename
FNF:5
FNH:4
FNDA:2,_interopRequireDefault
FNDA:1,(anonymous_2)
FNDA:15,_class
FNDA:2,init
FNDA:0,filename
DA:3,1
DA:5,1
DA:7,1
DA:9,1
DA:11,1
DA:13,2
DA:20,1
DA:26,1
DA:27,15
DA:29,15
DA:39,1
DA:47,1
DA:48,0
DA:49,0
DA:52,1
DA:62,1
LF:16
LH:14
BRDA:13,1,0,1
BRDA:13,1,1,1
BRDA:13,2,0,2
BRDA:13,2,1,2
BRDA:48,3,0,0
BRDA:48,3,1,0
BRF:6
BRH:4
end_of_record
TN:
SF:/Users/lihao/Documents/nodejsworkspace/think_elasticsearch/exmple/model/lib/book.js
FN:21,_interopRequireDefault
FN:23,(anonymous_2)
FN:26,_class
FN:31,init
FNF:4
FNH:4
FNDA:4,_interopRequireDefault
FNDA:1,(anonymous_2)
FNDA:10,_class
FNDA:10,init
DA:3,1
DA:5,1
DA:7,1
DA:9,1
DA:11,1
DA:13,1
DA:15,1
DA:17,1
DA:19,1
DA:21,4
DA:23,1
DA:24,1
DA:26,1
DA:27,10
DA:28,10
DA:31,1
DA:32,10
DA:33,10
DA:34,10
DA:35,10
DA:36,10
DA:37,10
DA:62,1
DA:72,1
LF:24
LH:24
BRDA:21,1,0,4
BRDA:21,1,1,0
BRDA:21,2,0,4
BRDA:21,2,1,4
BRF:4
BRH:3
end_of_record
TN:
SF:/Users/lihao/Documents/nodejsworkspace/think_elasticsearch/lib/Adapter/elasticsearch.js
FN:37,_interopRequireDefault
FN:46,parseCondition
FN:160,(anonymous_3)
FN:163,_class
FN:168,init
FN:187,socket
FN:196,getResult
FN:205,close
FN:212,ping
FN:213,(anonymous_10)
FN:215,(anonymous_11)
FN:221,query
FN:228,(anonymous_13)
FN:230,(anonymous_14)
FN:236,execute
FN:242,(anonymous_16)
FN:245,(anonymous_17)
FN:248,(anonymous_18)
FN:259,createIndex
FN:260,(anonymous_20)
FN:271,delIndex
FN:272,(anonymous_22)
FN:284,reIndex
FN:285,(anonymous_24)
FN:306,setAlias
FN:307,(anonymous_26)
FN:312,getAlias
FN:313,(anonymous_28)
FN:317,(anonymous_29)
FN:331,existsType
FN:332,(anonymous_31)
FN:347,setMapping
FN:348,(anonymous_33)
FN:367,getMapping
FN:368,(anonymous_35)
FN:384,add
FN:396,addAll
FN:398,fn
FN:404,(anonymous_39)
FN:419,update
FN:439,select
FN:450,find
FN:462,count
FN:474,queryBuilder
FN:514,builderIndex
FN:524,builderType
FN:535,builderId
FN:545,builderFields
FN:555,builderLimit
FN:567,builderWhere
FN:577,builderMatch
FN:589,builderFilter
FN:595,builderAggs
FN:605,builderOrder
FNF:54
FNH:7
FNDA:8,_interopRequireDefault
FNDA:0,parseCondition
FNDA:1,(anonymous_3)
FNDA:2,_class
FNDA:2,init
FNDA:2,socket
FNDA:0,getResult
FNDA:0,close
FNDA:1,ping
FNDA:0,(anonymous_10)
FNDA:0,(anonymous_11)
FNDA:0,query
FNDA:0,(anonymous_13)
FNDA:0,(anonymous_14)
FNDA:0,execute
FNDA:0,(anonymous_16)
FNDA:0,(anonymous_17)
FNDA:0,(anonymous_18)
FNDA:0,createIndex
FNDA:0,(anonymous_20)
FNDA:0,delIndex
FNDA:0,(anonymous_22)
FNDA:0,reIndex
FNDA:0,(anonymous_24)
FNDA:0,setAlias
FNDA:0,(anonymous_26)
FNDA:1,getAlias
FNDA:0,(anonymous_28)
FNDA:0,(anonymous_29)
FNDA:0,existsType
FNDA:0,(anonymous_31)
FNDA:0,setMapping
FNDA:0,(anonymous_33)
FNDA:0,getMapping
FNDA:0,(anonymous_35)
FNDA:0,add
FNDA:0,addAll
FNDA:0,fn
FNDA:0,(anonymous_39)
FNDA:0,update
FNDA:0,select
FNDA:0,find
FNDA:0,count
FNDA:0,queryBuilder
FNDA:0,builderIndex
FNDA:0,builderType
FNDA:0,builderId
FNDA:0,builderFields
FNDA:0,builderLimit
FNDA:0,builderWhere
FNDA:0,builderMatch
FNDA:0,builderFilter
FNDA:0,builderAggs
FNDA:0,builderOrder
DA:3,1
DA:5,1
DA:7,1
DA:9,1
DA:11,1
DA:13,1
DA:15,1
DA:17,1
DA:19,1
DA:21,1
DA:23,1
DA:25,1
DA:27,1
DA:29,1
DA:31,1
DA:33,1
DA:35,1
DA:37,8
DA:46,1
DA:47,0
DA:49,0
DA:51,0
DA:52,0
DA:54,0
DA:72,0
DA:76,0
DA:77,0
DA:78,0
DA:80,0
DA:81,0
DA:82,0
DA:84,0
DA:85,0
DA:86,0
DA:88,0
DA:89,0
DA:90,0
DA:93,0
DA:95,0
DA:96,0
DA:98,0
DA:100,0
DA:102,0
DA:103,0
DA:104,0
DA:106,0
DA:107,0
DA:108,0
DA:110,0
DA:111,0
DA:112,0
DA:115,0
DA:117,0
DA:118,0
DA:120,0
DA:122,0
DA:123,0
DA:125,0
DA:126,0
DA:127,0
DA:129,0
DA:130,0
DA:131,0
DA:133,0
DA:134,0
DA:135,0
DA:137,0
DA:138,0
DA:139,0
DA:141,0
DA:142,0
DA:143,0
DA:146,0
DA:147,0
DA:148,0
DA:150,0
DA:152,0
DA:154,0
DA:157,0
DA:160,1
DA:161,1
DA:163,1
DA:164,2
DA:165,2
DA:168,1
DA:169,2
DA:170,2
DA:177,2
DA:178,2
DA:187,1
DA:188,2
DA:189,0
DA:191,2
DA:192,2
DA:193,2
DA:196,1
DA:197,0
DA:205,1
DA:206,0
DA:207,0
DA:208,0
DA:212,1
DA:213,1
DA:214,0
DA:217,0
DA:221,1
DA:222,0
DA:224,0
DA:226,0
DA:227,0
DA:228,0
DA:229,0
DA:232,0
DA:236,1
DA:237,0
DA:239,0
DA:241,0
DA:242,0
DA:243,0
DA:244,0
DA:247,0
DA:249,0
DA:259,1
DA:260,0
DA:261,0
DA:271,1
DA:272,0
DA:273,0
DA:284,1
DA:285,0
DA:286,0
DA:306,1
DA:307,0
DA:308,0
DA:312,1
DA:313,1
DA:314,0
DA:331,1
DA:332,0
DA:333,0
DA:347,1
DA:348,0
DA:349,0
DA:351,0
DA:356,0
DA:367,1
DA:368,0
DA:369,0
DA:384,1
DA:385,0
DA:386,0
DA:396,1
DA:397,0
DA:398,0
DA:399,0
DA:400,0
DA:402,0
DA:404,0
DA:405,0
DA:406,0
DA:409,0
DA:419,1
DA:421,0
DA:430,0
DA:439,1
DA:440,0
DA:441,0
DA:450,1
DA:451,0
DA:452,0
DA:453,0
DA:462,1
DA:463,0
DA:464,0
DA:474,1
DA:475,0
DA:476,0
DA:478,0
DA:503,0
DA:504,0
DA:514,1
DA:515,0
DA:524,1
DA:525,0
DA:535,1
DA:536,0
DA:545,1
DA:546,0
DA:555,1
DA:556,0
DA:557,0
DA:558,0
DA:567,1
DA:568,0
DA:577,1
DA:578,0
DA:579,0
DA:580,0
DA:589,1
DA:590,0
DA:591,0
DA:592,0
DA:595,1
DA:596,0
DA:605,1
DA:606,0
DA:609,1
DA:612,1
LF:208
LH:68
BRDA:37,1,0,7
BRDA:37,1,1,1
BRDA:37,2,0,8
BRDA:37,2,1,8
BRDA:47,3,0,0
BRDA:47,3,1,0
BRDA:47,4,0,0
BRDA:47,4,1,0
BRDA:52,5,0,0
BRDA:52,5,1,0
BRDA:52,6,0,0
BRDA:52,6,1,0
BRDA:78,7,0,0
BRDA:78,7,1,0
BRDA:78,7,2,0
BRDA:78,7,3,0
BRDA:78,7,4,0
BRDA:78,7,5,0
BRDA:78,7,6,0
BRDA:78,7,7,0
BRDA:78,7,8,0
BRDA:80,8,0,0
BRDA:80,8,1,0
BRDA:84,9,0,0
BRDA:84,9,1,0
BRDA:85,10,0,0
BRDA:85,10,1,0
BRDA:89,11,0,0
BRDA:89,11,1,0
BRDA:102,12,0,0
BRDA:102,12,1,0
BRDA:106,13,0,0
BRDA:106,13,1,0
BRDA:107,14,0,0
BRDA:107,14,1,0
BRDA:111,15,0,0
BRDA:111,15,1,0
BRDA:125,16,0,0
BRDA:125,16,1,0
BRDA:129,17,0,0
BRDA:129,17,1,0
BRDA:133,18,0,0
BRDA:133,18,1,0
BRDA:137,19,0,0
BRDA:137,19,1,0
BRDA:141,20,0,0
BRDA:141,20,1,0
BRDA:146,21,0,0
BRDA:146,21,1,0
BRDA:147,22,0,0
BRDA:147,22,1,0
BRDA:188,23,0,0
BRDA:188,23,1,2
BRDA:206,24,0,0
BRDA:206,24,1,0
BRDA:224,25,0,0
BRDA:224,25,1,0
BRDA:224,26,0,0
BRDA:224,26,1,0
BRDA:239,27,0,0
BRDA:239,27,1,0
BRDA:239,28,0,0
BRDA:239,28,1,0
BRDA:399,29,0,0
BRDA:399,29,1,0
BRDA:399,30,0,0
BRDA:399,30,1,0
BRDA:475,31,0,0
BRDA:475,31,1,0
BRDA:475,32,0,0
BRDA:475,32,1,0
BRDA:504,33,0,0
BRDA:504,33,1,0
BRDA:504,34,0,0
BRDA:504,34,1,0
BRDA:556,35,0,0
BRDA:556,35,1,0
BRDA:556,36,0,0
BRDA:556,36,1,0
BRDA:579,37,0,0
BRDA:579,37,1,0
BRDA:591,38,0,0
BRDA:591,38,1,0
BRF:83
BRH:5
end_of_record
TN:
SF:/Users/lihao/Documents/nodejsworkspace/think_elasticsearch/lib/Socket/elasticsearch.js
FN:25,_interopRequireDefault
FN:27,(anonymous_2)
FN:30,_class
FN:35,init
FN:44,connect
FN:59,close
FNF:6
FNH:5
FNDA:5,_interopRequireDefault
FNDA:1,(anonymous_2)
FNDA:2,_class
FNDA:2,init
FNDA:2,connect
FNDA:0,close
DA:3,1
DA:5,1
DA:7,1
DA:9,1
DA:11,1
DA:13,1
DA:15,1
DA:17,1
DA:19,1
DA:21,1
DA:23,1
DA:25,5
DA:27,1
DA:28,1
DA:30,1
DA:31,2
DA:32,2
DA:35,1
DA:36,2
DA:37,2
DA:44,1
DA:45,2
DA:46,0
DA:50,2
DA:51,2
DA:55,2
DA:56,2
DA:59,1
DA:60,0
DA:61,0
DA:64,1
DA:74,1
LF:32
LH:29
BRDA:25,1,0,5
BRDA:25,1,1,0
BRDA:25,2,0,5
BRDA:25,2,1,5
BRDA:38,3,0,2
BRDA:38,3,1,0
BRDA:39,4,0,2
BRDA:39,4,1,0
BRDA:40,5,0,2
BRDA:40,5,1,0
BRDA:45,6,0,0
BRDA:45,6,1,2
BRF:12
BRH:7
end_of_record
