TN:
SF:/Users/lihao/Documents/nodejsworkspace/think_elasticsearch/index.js
FN:19,requireDefault
FNF:1
FNH:1
FNDA:1,requireDefault
DA:10,1
DA:11,1
DA:13,1
DA:15,1
DA:16,1
DA:17,1
DA:19,1
DA:20,1
DA:22,1
LF:9
LH:9
BRDA:20,1,0,1
BRDA:20,1,1,0
BRDA:20,2,0,1
BRDA:20,2,1,1
BRF:4
BRH:3
end_of_record
TN:
SF:/Users/lihao/Documents/nodejsworkspace/think_elasticsearch/lib/Util/lib.js
FN:15,_interopRequireDefault
FN:27,_interopSafeRequire
FN:32,(anonymous_3)
FN:66,isBoolean
FN:76,isNumber
FN:86,isString
FN:96,isObject
FN:109,isNumberString
FN:120,isJSONObj
FN:130,isJSONStr
FN:145,isFunction
FN:154,isDate
FN:164,isRegexp
FN:174,isScalar
FN:184,isFile
FN:198,isError
FN:208,isEmpty
FN:233,inArray
FN:247,isPromise
FN:257,getDefer
FN:261,(anonymous_21)
FN:273,promisify
FN:276,(anonymous_23)
FN:281,(anonymous_24)
FN:282,(anonymous_25)
FN:293,ucFirst
FN:305,parseName
FN:312,(anonymous_28)
FN:321,hash
FN:353,log
FN:392,_await
FN:400,thinkRequire
FN:418,extend
FN:471,md5
FNF:34
FNH:10
FNDA:3,_interopRequireDefault
FNDA:1,_interopSafeRequire
FNDA:0,(anonymous_3)
FNDA:34,isBoolean
FNDA:9,isNumber
FNDA:12,isString
FNDA:31,isObject
FNDA:0,isNumberString
FNDA:0,isJSONObj
FNDA:0,isJSONStr
FNDA:0,isFunction
FNDA:0,isDate
FNDA:0,isRegexp
FNDA:9,isScalar
FNDA:0,isFile
FNDA:0,isError
FNDA:5,isEmpty
FNDA:0,inArray
FNDA:0,isPromise
FNDA:0,getDefer
FNDA:0,(anonymous_21)
FNDA:0,promisify
FNDA:0,(anonymous_23)
FNDA:0,(anonymous_24)
FNDA:0,(anonymous_25)
FNDA:0,ucFirst
FNDA:0,parseName
FNDA:0,(anonymous_28)
FNDA:0,hash
FNDA:0,log
FNDA:0,_await
FNDA:0,thinkRequire
FNDA:25,extend
FNDA:2,md5
DA:3,1
DA:5,1
DA:7,1
DA:9,1
DA:11,1
DA:13,1
DA:15,3
DA:24,1
DA:25,1
DA:26,1
DA:27,1
DA:28,1
DA:31,1
DA:32,1
DA:33,0
DA:34,0
DA:35,0
DA:36,0
DA:37,0
DA:38,0
DA:39,0
DA:40,0
DA:41,0
DA:42,0
DA:43,0
DA:44,0
DA:45,0
DA:49,1
DA:55,1
DA:60,1
DA:66,1
DA:69,34
DA:76,1
DA:79,9
DA:86,1
DA:89,12
DA:96,1
DA:99,31
DA:100,0
DA:102,31
DA:109,1
DA:112,0
DA:113,0
DA:120,1
DA:123,0
DA:130,1
DA:133,0
DA:134,0
DA:135,0
DA:137,0
DA:145,1
DA:148,0
DA:154,1
DA:157,0
DA:164,1
DA:167,0
DA:174,1
DA:177,9
DA:184,1
DA:187,0
DA:188,0
DA:190,0
DA:191,0
DA:198,1
DA:201,0
DA:208,1
DA:211,5
DA:212,2
DA:213,3
DA:215,1
DA:216,2
DA:217,0
DA:218,2
DA:219,2
DA:220,2
DA:222,0
DA:224,0
DA:233,1
DA:236,0
DA:237,0
DA:238,0
DA:240,0
DA:247,1
DA:250,0
DA:257,1
DA:260,0
DA:261,0
DA:262,0
DA:263,0
DA:265,0
DA:273,1
DA:276,0
DA:277,0
DA:278,0
DA:281,0
DA:282,0
DA:283,0
DA:293,1
DA:296,0
DA:297,0
DA:305,1
DA:306,0
DA:307,0
DA:308,0
DA:311,0
DA:312,0
DA:313,0
DA:321,1
DA:324,0
DA:325,0
DA:326,0
DA:328,0
DA:329,0
DA:330,0
DA:333,0
DA:334,0
DA:337,0
DA:339,0
DA:340,0
DA:341,0
DA:344,0
DA:353,1
DA:356,0
DA:357,0
DA:358,0
DA:359,0
DA:361,0
DA:362,0
DA:363,0
DA:364,0
DA:366,0
DA:367,0
DA:369,0
DA:370,0
DA:373,0
DA:374,0
DA:376,0
DA:377,0
DA:378,0
DA:380,0
DA:382,0
DA:383,0
DA:391,1
DA:392,1
DA:393,0
DA:400,1
DA:403,0
DA:404,0
DA:405,0
DA:406,0
DA:407,0
DA:409,0
DA:411,0
DA:418,1
DA:421,25
DA:422,25
DA:423,25
DA:424,25
DA:425,0
DA:427,25
DA:428,25
DA:430,0
DA:432,25
DA:433,25
DA:439,25
DA:440,68
DA:441,68
DA:442,17
DA:444,51
DA:445,29
DA:446,29
DA:447,29
DA:448,0
DA:450,29
DA:451,29
DA:452,16
DA:453,13
DA:454,0
DA:456,13
DA:459,0
DA:463,25
DA:471,1
DA:472,2
DA:474,2
DA:475,2
DA:476,2
DA:479,1
LF:187
LH:85
BRDA:15,1,0,3
BRDA:15,1,1,0
BRDA:15,2,0,3
BRDA:15,2,1,3
BRDA:28,3,0,1
BRDA:28,3,1,0
BRDA:28,4,0,1
BRDA:28,4,1,1
BRDA:28,4,2,1
BRDA:31,5,0,1
BRDA:31,5,1,0
BRDA:35,6,0,0
BRDA:35,6,1,0
BRDA:36,7,0,0
BRDA:36,7,1,0
BRDA:37,8,0,0
BRDA:37,8,1,0
BRDA:40,9,0,0
BRDA:40,9,1,0
BRDA:42,10,0,0
BRDA:42,10,1,0
BRDA:44,11,0,0
BRDA:44,11,1,0
BRDA:99,12,0,0
BRDA:99,12,1,31
BRDA:123,13,0,0
BRDA:123,13,1,0
BRDA:123,13,2,0
BRDA:123,14,0,0
BRDA:123,14,1,0
BRDA:177,15,0,9
BRDA:177,15,1,9
BRDA:177,15,2,9
BRDA:187,16,0,0
BRDA:187,16,1,0
BRDA:211,17,0,2
BRDA:211,17,1,3
BRDA:211,18,0,5
BRDA:211,18,1,5
BRDA:211,18,2,3
BRDA:213,19,0,1
BRDA:213,19,1,2
BRDA:216,20,0,0
BRDA:216,20,1,2
BRDA:218,21,0,2
BRDA:218,21,1,0
BRDA:238,22,0,0
BRDA:238,22,1,0
BRDA:250,23,0,0
BRDA:250,23,1,0
BRDA:283,24,0,0
BRDA:283,24,1,0
BRDA:296,25,0,0
BRDA:296,25,1,0
BRDA:307,26,0,0
BRDA:307,26,1,0
BRDA:328,27,0,0
BRDA:328,27,1,0
BRDA:362,28,0,0
BRDA:362,28,1,0
BRDA:366,29,0,0
BRDA:366,29,1,0
BRDA:369,30,0,0
BRDA:369,30,1,0
BRDA:373,31,0,0
BRDA:373,31,1,0
BRDA:376,32,0,0
BRDA:376,32,1,0
BRDA:380,33,0,0
BRDA:380,33,1,0
BRDA:406,34,0,0
BRDA:406,34,1,0
BRDA:424,35,0,0
BRDA:424,35,1,25
BRDA:427,36,0,25
BRDA:427,36,1,0
BRDA:428,37,0,0
BRDA:428,37,1,25
BRDA:432,38,0,25
BRDA:432,38,1,0
BRDA:441,39,0,17
BRDA:441,39,1,51
BRDA:447,40,0,0
BRDA:447,40,1,29
BRDA:447,41,0,29
BRDA:447,41,1,0
BRDA:450,42,0,29
BRDA:450,42,1,0
BRDA:451,43,0,16
BRDA:451,43,1,13
BRDA:452,44,0,0
BRDA:452,44,1,16
BRDA:452,45,0,16
BRDA:452,45,1,0
BRDA:453,46,0,0
BRDA:453,46,1,13
BRDA:472,47,0,0
BRDA:472,47,1,2
BRDA:472,48,0,2
BRDA:472,48,1,0
BRF:100
BRH:37
end_of_record
TN:
SF:/Users/lihao/Documents/nodejsworkspace/think_elasticsearch/lib/Util/await.js
FN:17,_interopRequireDefault
FN:19,(anonymous_2)
FN:20,_class
FN:26,run
FN:31,(anonymous_5)
FN:32,(anonymous_6)
FN:33,(anonymous_7)
FN:39,(anonymous_8)
FN:40,(anonymous_9)
FN:41,(anonymous_10)
FNF:10
FNH:3
FNDA:3,_interopRequireDefault
FNDA:1,(anonymous_2)
FNDA:1,_class
FNDA:0,run
FNDA:0,(anonymous_5)
FNDA:0,(anonymous_6)
FNDA:0,(anonymous_7)
FNDA:0,(anonymous_8)
FNDA:0,(anonymous_9)
FNDA:0,(anonymous_10)
DA:3,1
DA:5,1
DA:7,1
DA:9,1
DA:11,1
DA:13,1
DA:15,1
DA:17,3
DA:19,1
DA:20,1
DA:21,1
DA:23,1
DA:26,1
DA:27,0
DA:29,0
DA:30,0
DA:31,0
DA:32,0
DA:33,0
DA:34,0
DA:36,0
DA:38,0
DA:40,0
DA:41,0
DA:42,0
DA:44,0
DA:46,0
DA:49,0
DA:50,0
DA:51,0
DA:55,1
DA:65,1
LF:32
LH:15
BRDA:17,1,0,2
BRDA:17,1,1,1
BRDA:17,2,0,3
BRDA:17,2,1,3
BRDA:29,3,0,0
BRDA:29,3,1,0
BRF:6
BRH:4
end_of_record
TN:
SF:/Users/lihao/Documents/nodejsworkspace/think_elasticsearch/lib/esmodel.js
FN:41,_interopRequireDefault
FN:50,parseMap
FN:84,(anonymous_3)
FN:87,_class
FN:92,init
FN:100,createIndex
FN:109,(anonymous_7)
FN:116,(anonymous_8)
FN:119,(anonymous_9)
FN:121,(anonymous_10)
FN:123,(anonymous_11)
FN:127,(anonymous_12)
FN:136,reIndex
FN:143,setAlias
FN:149,delIndex
FN:264,error
FN:283,getPk
FN:292,adapter
FN:299,setIndex
FN:304,setType
FN:318,script
FN:331,match
FN:342,filter
FN:353,where
FN:364,route
FN:375,aggs
FN:396,field
FN:414,limit
FN:437,order
FN:449,(anonymous_30)
FN:450,_callee
FN:453,_callee$
FN:479,add
FN:493,(anonymous_34)
FN:494,_callee2
FN:496,_callee2$
FN:517,addAll
FN:531,(anonymous_38)
FN:532,_callee3
FN:535,_callee3$
FN:573,update
FN:586,(anonymous_42)
FN:587,_callee4
FN:590,_callee4$
FN:610,bulk
FN:623,(anonymous_46)
FN:624,_callee5
FN:626,_callee5$
FN:645,find
FN:659,(anonymous_50)
FN:660,_callee6
FN:662,_callee6$
FN:681,select
FN:694,(anonymous_54)
FN:695,_callee7
FN:699,_callee7$
FN:710,(anonymous_57)
FN:725,selectAll
FN:738,(anonymous_59)
FN:739,_callee8
FN:741,_callee8$
FN:760,count
FN:773,(anonymous_63)
FN:774,_callee9
FN:776,_callee9$
FN:809,sum
FN:822,(anonymous_67)
FN:823,_callee10
FN:825,_callee10$
FN:858,avg
FN:871,(anonymous_71)
FN:872,_callee11
FN:874,_callee11$
FN:907,min
FN:920,(anonymous_75)
FN:921,_callee12
FN:923,_callee12$
FN:956,max
FN:969,_parseOptions
FN:990,_checkData
FN:1002,_parseData
FNF:81
FNH:40
FNDA:9,_interopRequireDefault
FNDA:0,parseMap
FNDA:1,(anonymous_3)
FNDA:14,_class
FNDA:14,init
FNDA:1,createIndex
FNDA:0,(anonymous_7)
FNDA:0,(anonymous_8)
FNDA:0,(anonymous_9)
FNDA:0,(anonymous_10)
FNDA:0,(anonymous_11)
FNDA:0,(anonymous_12)
FNDA:0,reIndex
FNDA:0,setAlias
FNDA:0,delIndex
FNDA:0,error
FNDA:0,getPk
FNDA:1,adapter
FNDA:1,setIndex
FNDA:1,setType
FNDA:1,script
FNDA:0,match
FNDA:1,filter
FNDA:3,where
FNDA:0,route
FNDA:3,aggs
FNDA:0,field
FNDA:0,limit
FNDA:0,order
FNDA:1,(anonymous_30)
FNDA:1,_callee
FNDA:1,_callee$
FNDA:1,add
FNDA:1,(anonymous_34)
FNDA:1,_callee2
FNDA:1,_callee2$
FNDA:1,addAll
FNDA:1,(anonymous_38)
FNDA:3,_callee3
FNDA:3,_callee3$
FNDA:3,update
FNDA:1,(anonymous_42)
FNDA:0,_callee4
FNDA:0,_callee4$
FNDA:0,bulk
FNDA:1,(anonymous_46)
FNDA:1,_callee5
FNDA:1,_callee5$
FNDA:1,find
FNDA:1,(anonymous_50)
FNDA:0,_callee6
FNDA:0,_callee6$
FNDA:0,select
FNDA:1,(anonymous_54)
FNDA:0,_callee7
FNDA:0,_callee7$
FNDA:0,(anonymous_57)
FNDA:0,selectAll
FNDA:1,(anonymous_59)
FNDA:3,_callee8
FNDA:3,_callee8$
FNDA:3,count
FNDA:1,(anonymous_63)
FNDA:0,_callee9
FNDA:0,_callee9$
FNDA:0,sum
FNDA:1,(anonymous_67)
FNDA:0,_callee10
FNDA:0,_callee10$
FNDA:0,avg
FNDA:1,(anonymous_71)
FNDA:0,_callee11
FNDA:0,_callee11$
FNDA:0,min
FNDA:1,(anonymous_75)
FNDA:0,_callee12
FNDA:0,_callee12$
FNDA:0,max
FNDA:9,_parseOptions
FNDA:0,_checkData
FNDA:0,_parseData
DA:3,1
DA:5,1
DA:7,1
DA:9,1
DA:11,1
DA:13,1
DA:15,1
DA:17,1
DA:19,1
DA:21,1
DA:23,1
DA:25,1
DA:27,1
DA:29,1
DA:31,1
DA:33,1
DA:35,1
DA:37,1
DA:39,1
DA:41,9
DA:50,1
DA:51,0
DA:52,0
DA:53,0
DA:54,0
DA:56,0
DA:59,0
DA:60,0
DA:63,0
DA:64,0
DA:67,0
DA:68,0
DA:71,0
DA:72,0
DA:75,0
DA:76,0
DA:78,0
DA:81,0
DA:84,1
DA:85,1
DA:87,1
DA:88,14
DA:89,14
DA:92,1
DA:93,14
DA:94,14
DA:95,14
DA:97,14
DA:100,1
DA:101,1
DA:103,1
DA:104,1
DA:105,1
DA:106,1
DA:107,1
DA:109,1
DA:111,0
DA:112,0
DA:114,0
DA:118,0
DA:119,0
DA:120,0
DA:122,0
DA:124,0
DA:129,0
DA:130,0
DA:132,0
DA:136,1
DA:137,0
DA:138,0
DA:139,0
DA:140,0
DA:143,1
DA:144,0
DA:145,0
DA:146,0
DA:149,1
DA:150,0
DA:151,0
DA:152,0
DA:264,1
DA:265,0
DA:266,0
DA:267,0
DA:268,0
DA:269,0
DA:271,0
DA:273,0
DA:275,0
DA:276,0
DA:278,0
DA:280,0
DA:283,1
DA:284,0
DA:292,1
DA:293,1
DA:294,1
DA:295,1
DA:296,1
DA:299,1
DA:300,1
DA:301,1
DA:304,1
DA:305,1
DA:306,1
DA:318,1
DA:319,1
DA:321,1
DA:322,1
DA:331,1
DA:332,0
DA:333,0
DA:342,1
DA:343,1
DA:344,1
DA:353,1
DA:354,3
DA:355,3
DA:364,1
DA:365,0
DA:366,0
DA:375,1
DA:376,3
DA:377,3
DA:396,1
DA:397,0
DA:398,0
DA:400,0
DA:401,0
DA:403,0
DA:404,0
DA:414,1
DA:415,0
DA:416,0
DA:419,0
DA:420,0
DA:423,0
DA:424,0
DA:425,0
DA:427,0
DA:428,0
DA:437,1
DA:438,0
DA:439,0
DA:440,0
DA:449,1
DA:450,1
DA:451,1
DA:453,1
DA:454,1
DA:455,1
DA:457,1
DA:458,1
DA:461,0
DA:462,0
DA:464,0
DA:465,0
DA:466,0
DA:469,0
DA:473,0
DA:479,1
DA:480,1
DA:483,1
DA:493,1
DA:494,1
DA:495,1
DA:496,1
DA:497,1
DA:498,1
DA:500,1
DA:501,1
DA:504,0
DA:506,0
DA:507,0
DA:511,0
DA:517,1
DA:518,1
DA:521,1
DA:531,1
DA:532,1
DA:533,3
DA:535,3
DA:536,3
DA:537,3
DA:539,3
DA:540,3
DA:543,0
DA:544,0
DA:546,0
DA:547,0
DA:548,0
DA:551,0
DA:554,0
DA:555,0
DA:556,0
DA:560,0
DA:561,0
DA:563,0
DA:567,0
DA:573,1
DA:574,3
DA:577,1
DA:586,1
DA:587,1
DA:588,0
DA:590,0
DA:591,0
DA:592,0
DA:594,0
DA:595,0
DA:598,0
DA:599,0
DA:600,0
DA:604,0
DA:610,1
DA:611,0
DA:614,1
DA:623,1
DA:624,1
DA:625,1
DA:626,1
DA:627,1
DA:628,1
DA:630,1
DA:631,1
DA:634,0
DA:635,0
DA:639,0
DA:645,1
DA:646,1
DA:649,1
DA:659,1
DA:660,1
DA:661,0
DA:662,0
DA:663,0
DA:664,0
DA:666,0
DA:667,0
DA:670,0
DA:671,0
DA:675,0
DA:681,1
DA:682,0
DA:685,1
DA:694,1
DA:695,1
DA:696,0
DA:698,0
DA:699,0
DA:700,0
DA:701,0
DA:703,0
DA:704,0
DA:707,0
DA:709,0
DA:710,0
DA:711,0
DA:712,0
DA:714,0
DA:719,0
DA:725,1
DA:726,0
DA:729,1
DA:738,1
DA:739,1
DA:740,3
DA:741,3
DA:742,3
DA:743,3
DA:745,3
DA:746,3
DA:749,0
DA:750,0
DA:754,0
DA:760,1
DA:761,3
DA:764,1
DA:773,1
DA:774,1
DA:775,0
DA:776,0
DA:777,0
DA:778,0
DA:780,0
DA:781,0
DA:782,0
DA:785,0
DA:788,0
DA:789,0
DA:790,0
DA:793,0
DA:794,0
DA:795,0
DA:798,0
DA:799,0
DA:803,0
DA:809,1
DA:810,0
DA:813,1
DA:822,1
DA:823,1
DA:824,0
DA:825,0
DA:826,0
DA:827,0
DA:829,0
DA:830,0
DA:831,0
DA:834,0
DA:837,0
DA:838,0
DA:839,0
DA:842,0
DA:843,0
DA:844,0
DA:847,0
DA:848,0
DA:852,0
DA:858,1
DA:859,0
DA:862,1
DA:871,1
DA:872,1
DA:873,0
DA:874,0
DA:875,0
DA:876,0
DA:878,0
DA:879,0
DA:880,0
DA:883,0
DA:886,0
DA:887,0
DA:888,0
DA:891,0
DA:892,0
DA:893,0
DA:896,0
DA:897,0
DA:901,0
DA:907,1
DA:908,0
DA:911,1
DA:920,1
DA:921,1
DA:922,0
DA:923,0
DA:924,0
DA:925,0
DA:927,0
DA:928,0
DA:929,0
DA:932,0
DA:935,0
DA:936,0
DA:937,0
DA:940,0
DA:941,0
DA:942,0
DA:945,0
DA:946,0
DA:950,0
DA:956,1
DA:957,0
DA:960,1
DA:969,1
DA:970,9
DA:971,9
DA:972,0
DA:974,9
DA:977,9
DA:978,9
DA:979,9
DA:980,9
DA:990,1
DA:1002,1
DA:1004,1
DA:1007,1
LF:379
LH:168
BRDA:41,1,0,7
BRDA:41,1,1,2
BRDA:41,2,0,9
BRDA:41,2,1,9
BRDA:52,3,0,0
BRDA:52,3,1,0
BRDA:52,4,0,0
BRDA:52,4,1,0
BRDA:56,5,0,0
BRDA:56,5,1,0
BRDA:56,5,2,0
BRDA:56,5,3,0
BRDA:56,5,4,0
BRDA:56,5,5,0
BRDA:75,6,0,0
BRDA:75,6,1,0
BRDA:101,7,0,1
BRDA:101,7,1,0
BRDA:101,8,0,1
BRDA:101,8,1,1
BRDA:103,9,0,0
BRDA:103,9,1,1
BRDA:104,10,0,0
BRDA:104,10,1,1
BRDA:105,11,0,0
BRDA:105,11,1,1
BRDA:111,12,0,0
BRDA:111,12,1,0
BRDA:118,13,0,0
BRDA:118,13,1,0
BRDA:120,14,0,0
BRDA:120,14,1,0
BRDA:129,15,0,0
BRDA:129,15,1,0
BRDA:265,16,0,0
BRDA:265,16,1,0
BRDA:267,17,0,0
BRDA:267,17,1,0
BRDA:268,18,0,0
BRDA:268,18,1,0
BRDA:273,19,0,0
BRDA:273,19,1,0
BRDA:275,20,0,0
BRDA:275,20,1,0
BRDA:275,21,0,0
BRDA:275,21,1,0
BRDA:276,22,0,0
BRDA:276,22,1,0
BRDA:276,22,2,0
BRDA:293,23,0,0
BRDA:293,23,1,1
BRDA:319,24,0,1
BRDA:319,24,1,0
BRDA:319,25,0,1
BRDA:319,25,1,1
BRDA:332,26,0,0
BRDA:332,26,1,0
BRDA:397,27,0,0
BRDA:397,27,1,0
BRDA:400,28,0,0
BRDA:400,28,1,0
BRDA:415,29,0,0
BRDA:415,29,1,0
BRDA:419,30,0,0
BRDA:419,30,1,0
BRDA:423,31,0,0
BRDA:423,31,1,0
BRDA:424,32,0,0
BRDA:424,32,1,0
BRDA:425,33,0,0
BRDA:425,33,1,0
BRDA:438,34,0,0
BRDA:438,34,1,0
BRDA:455,35,0,1
BRDA:455,35,1,0
BRDA:455,35,2,0
BRDA:455,35,3,0
BRDA:464,36,0,0
BRDA:464,36,1,0
BRDA:498,37,0,1
BRDA:498,37,1,0
BRDA:498,37,2,0
BRDA:498,37,3,0
BRDA:537,38,0,3
BRDA:537,38,1,0
BRDA:537,38,2,0
BRDA:537,38,3,0
BRDA:537,38,4,0
BRDA:546,39,0,0
BRDA:546,39,1,0
BRDA:546,40,0,0
BRDA:546,40,1,0
BRDA:546,40,2,0
BRDA:546,40,3,0
BRDA:554,41,0,0
BRDA:554,41,1,0
BRDA:560,42,0,0
BRDA:560,42,1,0
BRDA:560,43,0,0
BRDA:560,43,1,0
BRDA:592,44,0,0
BRDA:592,44,1,0
BRDA:592,44,2,0
BRDA:592,44,3,0
BRDA:628,45,0,1
BRDA:628,45,1,0
BRDA:628,45,2,0
BRDA:628,45,3,0
BRDA:664,46,0,0
BRDA:664,46,1,0
BRDA:664,46,2,0
BRDA:664,46,3,0
BRDA:701,47,0,0
BRDA:701,47,1,0
BRDA:701,47,2,0
BRDA:701,47,3,0
BRDA:711,48,0,0
BRDA:711,48,1,0
BRDA:712,49,0,0
BRDA:712,49,1,0
BRDA:743,50,0,3
BRDA:743,50,1,0
BRDA:743,50,2,0
BRDA:743,50,3,0
BRDA:778,51,0,0
BRDA:778,51,1,0
BRDA:778,51,2,0
BRDA:778,51,3,0
BRDA:778,51,4,0
BRDA:778,51,5,0
BRDA:780,52,0,0
BRDA:780,52,1,0
BRDA:827,53,0,0
BRDA:827,53,1,0
BRDA:827,53,2,0
BRDA:827,53,3,0
BRDA:827,53,4,0
BRDA:827,53,5,0
BRDA:829,54,0,0
BRDA:829,54,1,0
BRDA:876,55,0,0
BRDA:876,55,1,0
BRDA:876,55,2,0
BRDA:876,55,3,0
BRDA:876,55,4,0
BRDA:876,55,5,0
BRDA:878,56,0,0
BRDA:878,56,1,0
BRDA:925,57,0,0
BRDA:925,57,1,0
BRDA:925,57,2,0
BRDA:925,57,3,0
BRDA:925,57,4,0
BRDA:925,57,5,0
BRDA:927,58,0,0
BRDA:927,58,1,0
BRDA:971,59,0,0
BRDA:971,59,1,9
BRF:158
BRH:20
end_of_record
TN:
SF:/Users/lihao/Documents/nodejsworkspace/think_elasticsearch/lib/base.js
FN:13,_interopRequireDefault
FN:20,(anonymous_2)
FN:26,_class
FN:39,init
FN:47,filename
FNF:5
FNH:4
FNDA:2,_interopRequireDefault
FNDA:1,(anonymous_2)
FNDA:18,_class
FNDA:2,init
FNDA:0,filename
DA:3,1
DA:5,1
DA:7,1
DA:9,1
DA:11,1
DA:13,2
DA:20,1
DA:26,1
DA:27,18
DA:29,18
DA:39,1
DA:47,1
DA:48,0
DA:49,0
DA:52,1
DA:62,1
LF:16
LH:14
BRDA:13,1,0,1
BRDA:13,1,1,1
BRDA:13,2,0,2
BRDA:13,2,1,2
BRDA:48,3,0,0
BRDA:48,3,1,0
BRF:6
BRH:4
end_of_record
TN:
SF:/Users/lihao/Documents/nodejsworkspace/think_elasticsearch/exmple/model/lib/book.js
FN:21,_interopRequireDefault
FN:23,(anonymous_2)
FN:26,_class
FN:31,init
FNF:4
FNH:4
FNDA:4,_interopRequireDefault
FNDA:1,(anonymous_2)
FNDA:12,_class
FNDA:12,init
DA:3,1
DA:5,1
DA:7,1
DA:9,1
DA:11,1
DA:13,1
DA:15,1
DA:17,1
DA:19,1
DA:21,4
DA:23,1
DA:24,1
DA:26,1
DA:27,12
DA:28,12
DA:31,1
DA:32,12
DA:33,12
DA:34,12
DA:35,12
DA:36,12
DA:62,1
DA:72,1
LF:23
LH:23
BRDA:21,1,0,4
BRDA:21,1,1,0
BRDA:21,2,0,4
BRDA:21,2,1,4
BRF:4
BRH:3
end_of_record
TN:
SF:/Users/lihao/Documents/nodejsworkspace/think_elasticsearch/lib/Adapter/elasticsearch.js
FN:37,_interopRequireDefault
FN:46,parseCondition
FN:160,(anonymous_3)
FN:163,_class
FN:168,init
FN:188,socket
FN:197,getResult
FN:206,close
FN:213,ping
FN:214,(anonymous_10)
FN:216,(anonymous_11)
FN:222,query
FN:228,(anonymous_13)
FN:231,(anonymous_14)
FN:237,execute
FN:243,(anonymous_16)
FN:246,(anonymous_17)
FN:252,scroll
FN:253,(anonymous_19)
FN:254,(anonymous_20)
FN:257,(anonymous_21)
FN:271,get
FN:274,(anonymous_23)
FN:275,(anonymous_24)
FN:283,(anonymous_25)
FN:286,(anonymous_26)
FN:299,createIndex
FN:300,(anonymous_28)
FN:311,delIndex
FN:312,(anonymous_30)
FN:324,reIndex
FN:325,(anonymous_32)
FN:345,closeIndex
FN:346,(anonymous_34)
FN:357,openIndex
FN:358,(anonymous_36)
FN:370,setAlias
FN:371,(anonymous_38)
FN:376,getAlias
FN:377,(anonymous_40)
FN:381,(anonymous_41)
FN:395,existsType
FN:396,(anonymous_43)
FN:411,setMapping
FN:412,(anonymous_45)
FN:431,getMapping
FN:432,(anonymous_47)
FN:446,getSetting
FN:447,(anonymous_49)
FN:461,setSetting
FN:462,(anonymous_51)
FN:478,add
FN:490,addAll
FN:492,fn
FN:498,(anonymous_55)
FN:513,bulk
FN:524,update
FN:547,select
FN:558,selectAll
FN:569,find
FN:586,count
FN:598,queryBuilder
FN:686,builderIndex
FN:696,builderType
FN:700,builderVersion
FN:704,builderRetry
FN:715,builderId
FN:725,builderFields
FN:735,builderLimit
FN:747,builderWhere
FN:757,builderMatch
FN:769,builderFilter
FN:775,builderAggs
FN:785,builderOrder
FN:789,builderScroll
FNF:75
FNH:7
FNDA:8,_interopRequireDefault
FNDA:0,parseCondition
FNDA:1,(anonymous_3)
FNDA:2,_class
FNDA:2,init
FNDA:2,socket
FNDA:0,getResult
FNDA:0,close
FNDA:1,ping
FNDA:0,(anonymous_10)
FNDA:0,(anonymous_11)
FNDA:0,query
FNDA:0,(anonymous_13)
FNDA:0,(anonymous_14)
FNDA:0,execute
FNDA:0,(anonymous_16)
FNDA:0,(anonymous_17)
FNDA:0,scroll
FNDA:0,(anonymous_19)
FNDA:0,(anonymous_20)
FNDA:0,(anonymous_21)
FNDA:0,get
FNDA:0,(anonymous_23)
FNDA:0,(anonymous_24)
FNDA:0,(anonymous_25)
FNDA:0,(anonymous_26)
FNDA:1,createIndex
FNDA:0,(anonymous_28)
FNDA:0,delIndex
FNDA:0,(anonymous_30)
FNDA:0,reIndex
FNDA:0,(anonymous_32)
FNDA:0,closeIndex
FNDA:0,(anonymous_34)
FNDA:0,openIndex
FNDA:0,(anonymous_36)
FNDA:0,setAlias
FNDA:0,(anonymous_38)
FNDA:0,getAlias
FNDA:0,(anonymous_40)
FNDA:0,(anonymous_41)
FNDA:0,existsType
FNDA:0,(anonymous_43)
FNDA:0,setMapping
FNDA:0,(anonymous_45)
FNDA:0,getMapping
FNDA:0,(anonymous_47)
FNDA:0,getSetting
FNDA:0,(anonymous_49)
FNDA:0,setSetting
FNDA:0,(anonymous_51)
FNDA:0,add
FNDA:0,addAll
FNDA:0,fn
FNDA:0,(anonymous_55)
FNDA:0,bulk
FNDA:0,update
FNDA:0,select
FNDA:0,selectAll
FNDA:0,find
FNDA:0,count
FNDA:0,queryBuilder
FNDA:0,builderIndex
FNDA:0,builderType
FNDA:0,builderVersion
FNDA:0,builderRetry
FNDA:0,builderId
FNDA:0,builderFields
FNDA:0,builderLimit
FNDA:0,builderWhere
FNDA:0,builderMatch
FNDA:0,builderFilter
FNDA:0,builderAggs
FNDA:0,builderOrder
FNDA:0,builderScroll
DA:3,1
DA:5,1
DA:7,1
DA:9,1
DA:11,1
DA:13,1
DA:15,1
DA:17,1
DA:19,1
DA:21,1
DA:23,1
DA:25,1
DA:27,1
DA:29,1
DA:31,1
DA:33,1
DA:35,1
DA:37,8
DA:46,1
DA:47,0
DA:49,0
DA:51,0
DA:52,0
DA:54,0
DA:72,0
DA:76,0
DA:77,0
DA:78,0
DA:80,0
DA:81,0
DA:82,0
DA:84,0
DA:85,0
DA:86,0
DA:88,0
DA:89,0
DA:90,0
DA:93,0
DA:95,0
DA:96,0
DA:98,0
DA:100,0
DA:102,0
DA:103,0
DA:104,0
DA:106,0
DA:107,0
DA:108,0
DA:110,0
DA:111,0
DA:112,0
DA:115,0
DA:117,0
DA:118,0
DA:120,0
DA:122,0
DA:123,0
DA:125,0
DA:126,0
DA:127,0
DA:129,0
DA:130,0
DA:131,0
DA:133,0
DA:134,0
DA:135,0
DA:137,0
DA:138,0
DA:139,0
DA:141,0
DA:142,0
DA:143,0
DA:146,0
DA:147,0
DA:148,0
DA:150,0
DA:152,0
DA:154,0
DA:157,0
DA:160,1
DA:161,1
DA:163,1
DA:164,2
DA:165,2
DA:168,1
DA:169,2
DA:170,2
DA:171,2
DA:178,2
DA:179,2
DA:188,1
DA:189,2
DA:190,0
DA:192,2
DA:193,2
DA:194,2
DA:197,1
DA:198,0
DA:206,1
DA:207,0
DA:208,0
DA:209,0
DA:213,1
DA:214,1
DA:215,0
DA:218,0
DA:222,1
DA:223,0
DA:225,0
DA:227,0
DA:228,0
DA:229,0
DA:230,0
DA:233,0
DA:237,1
DA:238,0
DA:240,0
DA:242,0
DA:243,0
DA:244,0
DA:245,0
DA:248,0
DA:252,1
DA:253,0
DA:254,0
DA:255,0
DA:260,0
DA:261,0
DA:271,1
DA:272,0
DA:274,0
DA:275,0
DA:276,0
DA:281,0
DA:282,0
DA:285,0
DA:288,0
DA:299,1
DA:300,1
DA:301,0
DA:311,1
DA:312,0
DA:313,0
DA:324,1
DA:325,0
DA:326,0
DA:345,1
DA:346,0
DA:347,0
DA:357,1
DA:358,0
DA:359,0
DA:370,1
DA:371,0
DA:372,0
DA:376,1
DA:377,0
DA:378,0
DA:395,1
DA:396,0
DA:397,0
DA:411,1
DA:412,0
DA:413,0
DA:415,0
DA:420,0
DA:431,1
DA:432,0
DA:433,0
DA:446,1
DA:447,0
DA:448,0
DA:461,1
DA:462,0
DA:463,0
DA:478,1
DA:479,0
DA:480,0
DA:490,1
DA:491,0
DA:492,0
DA:493,0
DA:494,0
DA:496,0
DA:498,0
DA:499,0
DA:500,0
DA:503,0
DA:513,1
DA:514,0
DA:524,1
DA:526,0
DA:535,0
DA:536,0
DA:538,0
DA:547,1
DA:548,0
DA:549,0
DA:558,1
DA:559,0
DA:560,0
DA:569,1
DA:570,0
DA:571,0
DA:573,0
DA:574,0
DA:576,0
DA:586,1
DA:587,0
DA:588,0
DA:598,1
DA:599,0
DA:600,0
DA:602,0
DA:668,0
DA:675,0
DA:676,0
DA:686,1
DA:687,0
DA:696,1
DA:697,0
DA:700,1
DA:701,0
DA:704,1
DA:705,0
DA:715,1
DA:716,0
DA:725,1
DA:726,0
DA:735,1
DA:736,0
DA:737,0
DA:738,0
DA:747,1
DA:748,0
DA:757,1
DA:758,0
DA:759,0
DA:760,0
DA:769,1
DA:770,0
DA:771,0
DA:772,0
DA:775,1
DA:776,0
DA:785,1
DA:786,0
DA:789,1
DA:790,0
DA:793,1
DA:796,1
LF:251
LH:80
BRDA:37,1,0,7
BRDA:37,1,1,1
BRDA:37,2,0,8
BRDA:37,2,1,8
BRDA:47,3,0,0
BRDA:47,3,1,0
BRDA:47,4,0,0
BRDA:47,4,1,0
BRDA:52,5,0,0
BRDA:52,5,1,0
BRDA:52,6,0,0
BRDA:52,6,1,0
BRDA:78,7,0,0
BRDA:78,7,1,0
BRDA:78,7,2,0
BRDA:78,7,3,0
BRDA:78,7,4,0
BRDA:78,7,5,0
BRDA:78,7,6,0
BRDA:78,7,7,0
BRDA:78,7,8,0
BRDA:80,8,0,0
BRDA:80,8,1,0
BRDA:84,9,0,0
BRDA:84,9,1,0
BRDA:85,10,0,0
BRDA:85,10,1,0
BRDA:89,11,0,0
BRDA:89,11,1,0
BRDA:102,12,0,0
BRDA:102,12,1,0
BRDA:106,13,0,0
BRDA:106,13,1,0
BRDA:107,14,0,0
BRDA:107,14,1,0
BRDA:111,15,0,0
BRDA:111,15,1,0
BRDA:125,16,0,0
BRDA:125,16,1,0
BRDA:129,17,0,0
BRDA:129,17,1,0
BRDA:133,18,0,0
BRDA:133,18,1,0
BRDA:137,19,0,0
BRDA:137,19,1,0
BRDA:141,20,0,0
BRDA:141,20,1,0
BRDA:146,21,0,0
BRDA:146,21,1,0
BRDA:147,22,0,0
BRDA:147,22,1,0
BRDA:170,23,0,2
BRDA:170,23,1,0
BRDA:189,24,0,0
BRDA:189,24,1,2
BRDA:207,25,0,0
BRDA:207,25,1,0
BRDA:225,26,0,0
BRDA:225,26,1,0
BRDA:225,27,0,0
BRDA:225,27,1,0
BRDA:229,28,0,0
BRDA:229,28,1,0
BRDA:240,29,0,0
BRDA:240,29,1,0
BRDA:240,30,0,0
BRDA:240,30,1,0
BRDA:244,31,0,0
BRDA:244,31,1,0
BRDA:281,32,0,0
BRDA:281,32,1,0
BRDA:493,33,0,0
BRDA:493,33,1,0
BRDA:493,34,0,0
BRDA:493,34,1,0
BRDA:535,35,0,0
BRDA:535,35,1,0
BRDA:573,36,0,0
BRDA:573,36,1,0
BRDA:573,37,0,0
BRDA:573,37,1,0
BRDA:573,37,2,0
BRDA:574,38,0,0
BRDA:574,38,1,0
BRDA:599,39,0,0
BRDA:599,39,1,0
BRDA:599,40,0,0
BRDA:599,40,1,0
BRDA:676,41,0,0
BRDA:676,41,1,0
BRDA:676,42,0,0
BRDA:676,42,1,0
BRDA:736,43,0,0
BRDA:736,43,1,0
BRDA:736,44,0,0
BRDA:736,44,1,0
BRDA:759,45,0,0
BRDA:759,45,1,0
BRDA:771,46,0,0
BRDA:771,46,1,0
BRF:100
BRH:6
end_of_record
TN:
SF:/Users/lihao/Documents/nodejsworkspace/think_elasticsearch/lib/Socket/elasticsearch.js
FN:33,_interopRequireDefault
FN:42,(anonymous_2)
FN:45,_class
FN:50,init
FN:61,connect
FN:83,close
FNF:6
FNH:5
FNDA:7,_interopRequireDefault
FNDA:1,(anonymous_2)
FNDA:2,_class
FNDA:2,init
FNDA:2,connect
FNDA:0,close
DA:3,1
DA:5,1
DA:7,1
DA:9,1
DA:11,1
DA:13,1
DA:15,1
DA:17,1
DA:19,1
DA:21,1
DA:23,1
DA:25,1
DA:27,1
DA:29,1
DA:31,1
DA:33,7
DA:42,1
DA:43,1
DA:45,1
DA:46,2
DA:47,2
DA:50,1
DA:51,2
DA:52,2
DA:61,1
DA:62,2
DA:63,2
DA:64,2
DA:65,0
DA:69,2
DA:70,2
DA:78,2
DA:79,2
DA:80,2
DA:83,1
DA:84,0
DA:85,0
DA:88,1
DA:91,1
LF:39
LH:36
BRDA:33,1,0,6
BRDA:33,1,1,1
BRDA:33,2,0,7
BRDA:33,2,1,7
BRDA:53,3,0,2
BRDA:53,3,1,0
BRDA:54,4,0,2
BRDA:54,4,1,1
BRDA:56,5,0,2
BRDA:56,5,1,0
BRDA:57,6,0,2
BRDA:57,6,1,0
BRDA:63,7,0,0
BRDA:63,7,1,2
BRDA:64,8,0,0
BRDA:64,8,1,2
BRF:16
BRH:11
end_of_record
TN:
SF:/Users/lihao/Documents/nodejsworkspace/think_elasticsearch/exmple/model/lib/user.js
FN:21,_interopRequireDefault
FN:23,(anonymous_2)
FN:26,_class
FN:31,init
FNF:4
FNH:4
FNDA:4,_interopRequireDefault
FNDA:1,(anonymous_2)
FNDA:1,_class
FNDA:1,init
DA:3,1
DA:5,1
DA:7,1
DA:9,1
DA:11,1
DA:13,1
DA:15,1
DA:17,1
DA:19,1
DA:21,4
DA:23,1
DA:24,1
DA:26,1
DA:27,1
DA:28,1
DA:31,1
DA:32,1
DA:33,1
DA:34,1
DA:35,1
DA:36,1
DA:52,1
DA:62,1
LF:23
LH:23
BRDA:21,1,0,4
BRDA:21,1,1,0
BRDA:21,2,0,4
BRDA:21,2,1,4
BRF:4
BRH:3
end_of_record
